<?xml version="1.0" encoding="UTF-8"?>
<coverage generated="1773582529927" clover="3.2.0">
  <project timestamp="1773582529927" name="All files">
    <metrics statements="25" coveredstatements="25" conditionals="22" coveredconditionals="20" methods="5" coveredmethods="5" elements="52" coveredelements="50" complexity="0" loc="25" ncloc="25" packages="1" files="1" classes="1"/>
    <file name="apcMiniCore.js" path="/Users/jonwood/Github_local_dev/slides-studio-plugin-socketcluster/apps/apc_mini_mk2_demo/apcMiniCore.js">
      <metrics statements="25" coveredstatements="25" conditionals="22" coveredconditionals="20" methods="5" coveredmethods="5"/>
      <line num="15" count="5" type="stmt"/>
      <line num="17" count="5" type="cond" truecount="2" falsecount="0"/>
      <line num="18" count="2" type="stmt"/>
      <line num="19" count="2" type="cond" truecount="2" falsecount="0"/>
      <line num="20" count="3" type="cond" truecount="2" falsecount="0"/>
      <line num="21" count="1" type="stmt"/>
      <line num="22" count="1" type="cond" truecount="1" falsecount="1"/>
      <line num="23" count="2" type="cond" truecount="2" falsecount="0"/>
      <line num="24" count="1" type="stmt"/>
      <line num="25" count="1" type="cond" truecount="1" falsecount="1"/>
      <line num="28" count="5" type="stmt"/>
      <line num="38" count="3" type="stmt"/>
      <line num="39" count="3" type="cond" truecount="2" falsecount="0"/>
      <line num="40" count="3" type="cond" truecount="2" falsecount="0"/>
      <line num="42" count="3" type="stmt"/>
      <line num="53" count="1" type="stmt"/>
      <line num="63" count="1" type="stmt"/>
      <line num="77" count="1" type="stmt"/>
      <line num="80" count="1" type="stmt"/>
      <line num="81" count="1" type="stmt"/>
      <line num="82" count="1" type="stmt"/>
      <line num="83" count="1" type="stmt"/>
      <line num="84" count="1" type="stmt"/>
      <line num="85" count="1" type="stmt"/>
      <line num="87" count="1" type="stmt"/>
    </file>
  </project>
</coverage>
