{"/Users/jonwood/Github_local_dev/slides-studio-plugin SocketCluster/src/tests/mocks/obsidian.ts": {"path":"/Users/jonwood/Github_local_dev/slides-studio-plugin SocketCluster/src/tests/mocks/obsidian.ts","statementMap":{"0":{"start":{"line":2,"column":10},"end":{"line":6,"column":null}},"1":{"start":{"line":4,"column":25},"end":{"line":4,"column":null}},"2":{"start":{"line":10,"column":18},"end":{"line":10,"column":44}},"3":{"start":{"line":18,"column":13},"end":{"line":18,"column":null}}},"fnMap":{"0":{"name":"(anonymous_0)","decl":{"start":{"line":4,"column":19},"end":{"line":4,"column":25}},"loc":{"start":{"line":4,"column":25},"end":{"line":4,"column":null}},"line":4},"1":{"name":"(anonymous_1)","decl":{"start":{"line":10,"column":2},"end":{"line":10,"column":16}},"loc":{"start":{"line":10,"column":16},"end":{"line":10,"column":null}},"line":10},"2":{"name":"(anonymous_2)","decl":{"start":{"line":14,"column":2},"end":{"line":14,"column":14}},"loc":{"start":{"line":14,"column":31},"end":{"line":14,"column":null}},"line":14}},"branchMap":{},"s":{"0":0,"1":0,"2":1,"3":0},"f":{"0":0,"1":1,"2":0},"b":{},"meta":{"lastBranch":0,"lastFunction":3,"lastStatement":4,"seen":{"s:2:10:6:Infinity":0,"f:4:19:4:25":0,"s:4:25:4:Infinity":1,"f:10:2:10:16":1,"s:10:18:10:44":2,"f:14:2:14:14":2,"s:18:13:18:Infinity":3}}}
,"/Users/jonwood/Github_local_dev/slides-studio-plugin SocketCluster/src/utils/serverLogic.ts": {"path":"/Users/jonwood/Github_local_dev/slides-studio-plugin SocketCluster/src/utils/serverLogic.ts","statementMap":{"0":{"start":{"line":53,"column":45},"end":{"line":53,"column":null}},"1":{"start":{"line":54,"column":49},"end":{"line":54,"column":null}},"2":{"start":{"line":56,"column":24},"end":{"line":56,"column":null}},"3":{"start":{"line":58,"column":42},"end":{"line":58,"column":null}},"4":{"start":{"line":59,"column":29},"end":{"line":59,"column":null}},"5":{"start":{"line":61,"column":55},"end":{"line":61,"column":null}},"6":{"start":{"line":62,"column":58},"end":{"line":62,"column":null}},"7":{"start":{"line":63,"column":56},"end":{"line":63,"column":null}},"8":{"start":{"line":65,"column":50},"end":{"line":65,"column":null}},"9":{"start":{"line":66,"column":66},"end":{"line":66,"column":null}},"10":{"start":{"line":69,"column":8},"end":{"line":69,"column":null}},"11":{"start":{"line":70,"column":8},"end":{"line":70,"column":null}},"12":{"start":{"line":71,"column":8},"end":{"line":71,"column":null}},"13":{"start":{"line":75,"column":8},"end":{"line":75,"column":null}},"14":{"start":{"line":75,"column":28},"end":{"line":75,"column":null}},"15":{"start":{"line":77,"column":24},"end":{"line":77,"column":null}},"16":{"start":{"line":79,"column":8},"end":{"line":84,"column":null}},"17":{"start":{"line":80,"column":12},"end":{"line":80,"column":null}},"18":{"start":{"line":82,"column":12},"end":{"line":82,"column":null}},"19":{"start":{"line":83,"column":12},"end":{"line":83,"column":null}},"20":{"start":{"line":86,"column":31},"end":{"line":86,"column":null}},"21":{"start":{"line":87,"column":29},"end":{"line":87,"column":null}},"22":{"start":{"line":88,"column":26},"end":{"line":88,"column":null}},"23":{"start":{"line":89,"column":26},"end":{"line":89,"column":null}},"24":{"start":{"line":91,"column":8},"end":{"line":91,"column":null}},"25":{"start":{"line":94,"column":8},"end":{"line":98,"column":null}},"26":{"start":{"line":95,"column":12},"end":{"line":95,"column":null}},"27":{"start":{"line":96,"column":12},"end":{"line":96,"column":null}},"28":{"start":{"line":97,"column":12},"end":{"line":97,"column":null}},"29":{"start":{"line":100,"column":8},"end":{"line":100,"column":null}},"30":{"start":{"line":103,"column":8},"end":{"line":115,"column":null}},"31":{"start":{"line":107,"column":16},"end":{"line":107,"column":null}},"32":{"start":{"line":108,"column":16},"end":{"line":108,"column":null}},"33":{"start":{"line":109,"column":16},"end":{"line":109,"column":null}},"34":{"start":{"line":111,"column":16},"end":{"line":113,"column":null}},"35":{"start":{"line":111,"column":43},"end":{"line":111,"column":null}},"36":{"start":{"line":111,"column":97},"end":{"line":113,"column":null}},"37":{"start":{"line":112,"column":49},"end":{"line":112,"column":null}},"38":{"start":{"line":112,"column":105},"end":{"line":113,"column":null}},"39":{"start":{"line":113,"column":49},"end":{"line":113,"column":null}},"40":{"start":{"line":117,"column":8},"end":{"line":117,"column":null}},"41":{"start":{"line":118,"column":8},"end":{"line":118,"column":null}},"42":{"start":{"line":120,"column":8},"end":{"line":120,"column":null}},"43":{"start":{"line":123,"column":8},"end":{"line":125,"column":null}},"44":{"start":{"line":124,"column":12},"end":{"line":124,"column":null}},"45":{"start":{"line":127,"column":8},"end":{"line":172,"column":null}},"46":{"start":{"line":130,"column":12},"end":{"line":135,"column":null}},"47":{"start":{"line":137,"column":12},"end":{"line":137,"column":null}},"48":{"start":{"line":141,"column":12},"end":{"line":151,"column":null}},"49":{"start":{"line":142,"column":16},"end":{"line":150,"column":null}},"50":{"start":{"line":143,"column":20},"end":{"line":149,"column":null}},"51":{"start":{"line":144,"column":41},"end":{"line":144,"column":null}},"52":{"start":{"line":145,"column":24},"end":{"line":147,"column":null}},"53":{"start":{"line":146,"column":28},"end":{"line":146,"column":null}},"54":{"start":{"line":148,"column":24},"end":{"line":148,"column":null}},"55":{"start":{"line":154,"column":12},"end":{"line":154,"column":null}},"56":{"start":{"line":156,"column":12},"end":{"line":156,"column":null}},"57":{"start":{"line":158,"column":12},"end":{"line":158,"column":null}},"58":{"start":{"line":159,"column":12},"end":{"line":159,"column":null}},"59":{"start":{"line":162,"column":12},"end":{"line":162,"column":null}},"60":{"start":{"line":164,"column":12},"end":{"line":164,"column":null}},"61":{"start":{"line":164,"column":58},"end":{"line":164,"column":null}},"62":{"start":{"line":165,"column":12},"end":{"line":165,"column":null}},"63":{"start":{"line":165,"column":61},"end":{"line":165,"column":null}},"64":{"start":{"line":166,"column":12},"end":{"line":166,"column":null}},"65":{"start":{"line":166,"column":53},"end":{"line":166,"column":null}},"66":{"start":{"line":168,"column":12},"end":{"line":168,"column":null}},"67":{"start":{"line":170,"column":12},"end":{"line":170,"column":null}},"68":{"start":{"line":171,"column":12},"end":{"line":171,"column":null}},"69":{"start":{"line":176,"column":8},"end":{"line":176,"column":null}},"70":{"start":{"line":176,"column":26},"end":{"line":176,"column":null}},"71":{"start":{"line":179,"column":8},"end":{"line":188,"column":null}},"72":{"start":{"line":180,"column":32},"end":{"line":180,"column":null}},"73":{"start":{"line":181,"column":12},"end":{"line":181,"column":null}},"74":{"start":{"line":181,"column":53},"end":{"line":181,"column":null}},"75":{"start":{"line":182,"column":12},"end":{"line":186,"column":null}},"76":{"start":{"line":183,"column":16},"end":{"line":185,"column":null}},"77":{"start":{"line":184,"column":20},"end":{"line":184,"column":null}},"78":{"start":{"line":187,"column":12},"end":{"line":187,"column":null}},"79":{"start":{"line":190,"column":8},"end":{"line":192,"column":null}},"80":{"start":{"line":191,"column":12},"end":{"line":191,"column":null}},"81":{"start":{"line":191,"column":65},"end":{"line":191,"column":77}},"82":{"start":{"line":194,"column":8},"end":{"line":201,"column":null}},"83":{"start":{"line":195,"column":29},"end":{"line":195,"column":null}},"84":{"start":{"line":196,"column":12},"end":{"line":200,"column":null}},"85":{"start":{"line":203,"column":8},"end":{"line":210,"column":null}},"86":{"start":{"line":204,"column":12},"end":{"line":209,"column":null}},"87":{"start":{"line":205,"column":63},"end":{"line":205,"column":80}},"88":{"start":{"line":206,"column":65},"end":{"line":206,"column":82}},"89":{"start":{"line":207,"column":71},"end":{"line":207,"column":104}},"90":{"start":{"line":212,"column":8},"end":{"line":214,"column":null}},"91":{"start":{"line":213,"column":12},"end":{"line":213,"column":null}},"92":{"start":{"line":216,"column":8},"end":{"line":231,"column":null}},"93":{"start":{"line":217,"column":47},"end":{"line":217,"column":null}},"94":{"start":{"line":218,"column":28},"end":{"line":218,"column":null}},"95":{"start":{"line":219,"column":12},"end":{"line":219,"column":null}},"96":{"start":{"line":219,"column":57},"end":{"line":219,"column":null}},"97":{"start":{"line":220,"column":29},"end":{"line":220,"column":null}},"98":{"start":{"line":221,"column":30},"end":{"line":221,"column":null}},"99":{"start":{"line":222,"column":29},"end":{"line":222,"column":null}},"100":{"start":{"line":223,"column":12},"end":{"line":223,"column":null}},"101":{"start":{"line":223,"column":49},"end":{"line":223,"column":null}},"102":{"start":{"line":224,"column":12},"end":{"line":224,"column":null}},"103":{"start":{"line":224,"column":43},"end":{"line":224,"column":null}},"104":{"start":{"line":225,"column":12},"end":{"line":230,"column":null}},"105":{"start":{"line":226,"column":16},"end":{"line":226,"column":null}},"106":{"start":{"line":227,"column":16},"end":{"line":227,"column":null}},"107":{"start":{"line":229,"column":16},"end":{"line":229,"column":null}},"108":{"start":{"line":233,"column":8},"end":{"line":239,"column":null}},"109":{"start":{"line":234,"column":28},"end":{"line":234,"column":null}},"110":{"start":{"line":235,"column":12},"end":{"line":235,"column":null}},"111":{"start":{"line":235,"column":57},"end":{"line":235,"column":null}},"112":{"start":{"line":236,"column":30},"end":{"line":236,"column":null}},"113":{"start":{"line":237,"column":12},"end":{"line":237,"column":null}},"114":{"start":{"line":237,"column":43},"end":{"line":237,"column":null}},"115":{"start":{"line":238,"column":12},"end":{"line":238,"column":null}},"116":{"start":{"line":238,"column":68},"end":{"line":238,"column":87}},"117":{"start":{"line":241,"column":8},"end":{"line":247,"column":null}},"118":{"start":{"line":242,"column":28},"end":{"line":242,"column":null}},"119":{"start":{"line":243,"column":12},"end":{"line":243,"column":null}},"120":{"start":{"line":243,"column":57},"end":{"line":243,"column":null}},"121":{"start":{"line":244,"column":29},"end":{"line":244,"column":null}},"122":{"start":{"line":245,"column":12},"end":{"line":245,"column":null}},"123":{"start":{"line":245,"column":42},"end":{"line":245,"column":null}},"124":{"start":{"line":246,"column":12},"end":{"line":246,"column":null}},"125":{"start":{"line":249,"column":8},"end":{"line":255,"column":null}},"126":{"start":{"line":250,"column":50},"end":{"line":250,"column":null}},"127":{"start":{"line":251,"column":28},"end":{"line":251,"column":null}},"128":{"start":{"line":252,"column":12},"end":{"line":252,"column":null}},"129":{"start":{"line":252,"column":32},"end":{"line":252,"column":51}},"130":{"start":{"line":253,"column":12},"end":{"line":253,"column":null}},"131":{"start":{"line":254,"column":12},"end":{"line":254,"column":null}},"132":{"start":{"line":257,"column":8},"end":{"line":261,"column":null}},"133":{"start":{"line":258,"column":44},"end":{"line":258,"column":null}},"134":{"start":{"line":259,"column":12},"end":{"line":259,"column":null}},"135":{"start":{"line":260,"column":12},"end":{"line":260,"column":null}},"136":{"start":{"line":263,"column":8},"end":{"line":266,"column":null}},"137":{"start":{"line":264,"column":12},"end":{"line":264,"column":null}},"138":{"start":{"line":265,"column":12},"end":{"line":265,"column":null}},"139":{"start":{"line":270,"column":8},"end":{"line":270,"column":null}},"140":{"start":{"line":270,"column":32},"end":{"line":270,"column":null}},"141":{"start":{"line":272,"column":29},"end":{"line":367,"column":null}},"142":{"start":{"line":273,"column":12},"end":{"line":276,"column":null}},"143":{"start":{"line":274,"column":16},"end":{"line":274,"column":null}},"144":{"start":{"line":274,"column":56},"end":{"line":274,"column":77}},"145":{"start":{"line":275,"column":16},"end":{"line":275,"column":null}},"146":{"start":{"line":279,"column":26},"end":{"line":279,"column":null}},"147":{"start":{"line":280,"column":29},"end":{"line":280,"column":null}},"148":{"start":{"line":282,"column":30},"end":{"line":282,"column":null}},"149":{"start":{"line":284,"column":26},"end":{"line":284,"column":null}},"150":{"start":{"line":286,"column":12},"end":{"line":362,"column":null}},"151":{"start":{"line":288,"column":29},"end":{"line":288,"column":null}},"152":{"start":{"line":289,"column":16},"end":{"line":304,"column":null}},"153":{"start":{"line":290,"column":36},"end":{"line":290,"column":null}},"154":{"start":{"line":291,"column":36},"end":{"line":291,"column":null}},"155":{"start":{"line":292,"column":35},"end":{"line":292,"column":null}},"156":{"start":{"line":293,"column":20},"end":{"line":293,"column":null}},"157":{"start":{"line":295,"column":32},"end":{"line":295,"column":null}},"158":{"start":{"line":297,"column":20},"end":{"line":303,"column":null}},"159":{"start":{"line":298,"column":24},"end":{"line":298,"column":null}},"160":{"start":{"line":299,"column":20},"end":{"line":303,"column":null}},"161":{"start":{"line":300,"column":24},"end":{"line":300,"column":null}},"162":{"start":{"line":302,"column":24},"end":{"line":302,"column":null}},"163":{"start":{"line":307,"column":101},"end":{"line":307,"column":null}},"164":{"start":{"line":308,"column":45},"end":{"line":308,"column":null}},"165":{"start":{"line":310,"column":16},"end":{"line":324,"column":null}},"166":{"start":{"line":311,"column":20},"end":{"line":323,"column":null}},"167":{"start":{"line":313,"column":24},"end":{"line":316,"column":null}},"168":{"start":{"line":314,"column":28},"end":{"line":314,"column":null}},"169":{"start":{"line":315,"column":28},"end":{"line":315,"column":null}},"170":{"start":{"line":318,"column":24},"end":{"line":321,"column":null}},"171":{"start":{"line":322,"column":24},"end":{"line":322,"column":null}},"172":{"start":{"line":326,"column":16},"end":{"line":361,"column":null}},"173":{"start":{"line":327,"column":36},"end":{"line":330,"column":null}},"174":{"start":{"line":333,"column":38},"end":{"line":333,"column":null}},"175":{"start":{"line":333,"column":83},"end":{"line":333,"column":98}},"176":{"start":{"line":334,"column":20},"end":{"line":337,"column":null}},"177":{"start":{"line":335,"column":41},"end":{"line":335,"column":null}},"178":{"start":{"line":336,"column":24},"end":{"line":336,"column":null}},"179":{"start":{"line":339,"column":20},"end":{"line":358,"column":null}},"180":{"start":{"line":340,"column":40},"end":{"line":340,"column":null}},"181":{"start":{"line":341,"column":24},"end":{"line":357,"column":null}},"182":{"start":{"line":342,"column":28},"end":{"line":342,"column":null}},"183":{"start":{"line":344,"column":40},"end":{"line":344,"column":null}},"184":{"start":{"line":346,"column":28},"end":{"line":356,"column":null}},"185":{"start":{"line":349,"column":32},"end":{"line":350,"column":null}},"186":{"start":{"line":349,"column":77},"end":{"line":349,"column":null}},"187":{"start":{"line":350,"column":37},"end":{"line":350,"column":null}},"188":{"start":{"line":351,"column":28},"end":{"line":356,"column":null}},"189":{"start":{"line":352,"column":32},"end":{"line":352,"column":null}},"190":{"start":{"line":355,"column":32},"end":{"line":355,"column":null}},"191":{"start":{"line":360,"column":20},"end":{"line":360,"column":null}},"192":{"start":{"line":360,"column":42},"end":{"line":360,"column":67}},"193":{"start":{"line":364,"column":28},"end":{"line":364,"column":null}},"194":{"start":{"line":365,"column":29},"end":{"line":365,"column":null}},"195":{"start":{"line":366,"column":12},"end":{"line":366,"column":null}},"196":{"start":{"line":366,"column":52},"end":{"line":366,"column":73}},"197":{"start":{"line":369,"column":8},"end":{"line":369,"column":null}},"198":{"start":{"line":373,"column":8},"end":{"line":373,"column":null}},"199":{"start":{"line":373,"column":28},"end":{"line":373,"column":null}},"200":{"start":{"line":376,"column":8},"end":{"line":380,"column":null}},"201":{"start":{"line":377,"column":12},"end":{"line":379,"column":null}},"202":{"start":{"line":378,"column":16},"end":{"line":378,"column":null}},"203":{"start":{"line":383,"column":8},"end":{"line":387,"column":null}},"204":{"start":{"line":384,"column":12},"end":{"line":386,"column":null}},"205":{"start":{"line":385,"column":16},"end":{"line":385,"column":null}},"206":{"start":{"line":389,"column":8},"end":{"line":473,"column":null}},"207":{"start":{"line":390,"column":12},"end":{"line":390,"column":null}},"208":{"start":{"line":393,"column":30},"end":{"line":393,"column":null}},"209":{"start":{"line":394,"column":12},"end":{"line":398,"column":null}},"210":{"start":{"line":395,"column":29},"end":{"line":395,"column":null}},"211":{"start":{"line":396,"column":16},"end":{"line":396,"column":null}},"212":{"start":{"line":397,"column":16},"end":{"line":397,"column":null}},"213":{"start":{"line":400,"column":12},"end":{"line":400,"column":null}},"214":{"start":{"line":402,"column":12},"end":{"line":411,"column":null}},"215":{"start":{"line":403,"column":16},"end":{"line":410,"column":null}},"216":{"start":{"line":404,"column":34},"end":{"line":404,"column":null}},"217":{"start":{"line":405,"column":33},"end":{"line":405,"column":null}},"218":{"start":{"line":406,"column":20},"end":{"line":406,"column":null}},"219":{"start":{"line":407,"column":20},"end":{"line":407,"column":null}},"220":{"start":{"line":408,"column":20},"end":{"line":408,"column":null}},"221":{"start":{"line":409,"column":20},"end":{"line":409,"column":null}},"222":{"start":{"line":413,"column":12},"end":{"line":418,"column":null}},"223":{"start":{"line":414,"column":16},"end":{"line":417,"column":null}},"224":{"start":{"line":415,"column":34},"end":{"line":415,"column":null}},"225":{"start":{"line":416,"column":20},"end":{"line":416,"column":null}},"226":{"start":{"line":420,"column":12},"end":{"line":432,"column":null}},"227":{"start":{"line":421,"column":16},"end":{"line":431,"column":null}},"228":{"start":{"line":422,"column":34},"end":{"line":422,"column":null}},"229":{"start":{"line":423,"column":36},"end":{"line":423,"column":null}},"230":{"start":{"line":424,"column":20},"end":{"line":430,"column":null}},"231":{"start":{"line":434,"column":12},"end":{"line":440,"column":null}},"232":{"start":{"line":435,"column":16},"end":{"line":439,"column":null}},"233":{"start":{"line":436,"column":34},"end":{"line":436,"column":null}},"234":{"start":{"line":437,"column":20},"end":{"line":437,"column":null}},"235":{"start":{"line":438,"column":20},"end":{"line":438,"column":null}},"236":{"start":{"line":443,"column":12},"end":{"line":449,"column":null}},"237":{"start":{"line":444,"column":16},"end":{"line":448,"column":null}},"238":{"start":{"line":445,"column":20},"end":{"line":445,"column":null}},"239":{"start":{"line":446,"column":20},"end":{"line":446,"column":null}},"240":{"start":{"line":447,"column":20},"end":{"line":447,"column":null}},"241":{"start":{"line":452,"column":12},"end":{"line":457,"column":null}},"242":{"start":{"line":453,"column":16},"end":{"line":456,"column":null}},"243":{"start":{"line":454,"column":20},"end":{"line":454,"column":null}},"244":{"start":{"line":455,"column":20},"end":{"line":455,"column":null}},"245":{"start":{"line":459,"column":12},"end":{"line":464,"column":null}},"246":{"start":{"line":460,"column":16},"end":{"line":463,"column":null}},"247":{"start":{"line":461,"column":20},"end":{"line":461,"column":null}},"248":{"start":{"line":462,"column":20},"end":{"line":462,"column":null}},"249":{"start":{"line":466,"column":12},"end":{"line":472,"column":null}},"250":{"start":{"line":467,"column":16},"end":{"line":471,"column":null}},"251":{"start":{"line":468,"column":20},"end":{"line":468,"column":null}},"252":{"start":{"line":469,"column":20},"end":{"line":469,"column":null}},"253":{"start":{"line":470,"column":20},"end":{"line":470,"column":null}},"254":{"start":{"line":481,"column":8},"end":{"line":481,"column":null}},"255":{"start":{"line":481,"column":28},"end":{"line":481,"column":null}},"256":{"start":{"line":483,"column":28},"end":{"line":488,"column":null}},"257":{"start":{"line":484,"column":56},"end":{"line":484,"column":75}},"258":{"start":{"line":485,"column":57},"end":{"line":485,"column":77}},"259":{"start":{"line":486,"column":60},"end":{"line":486,"column":82}},"260":{"start":{"line":487,"column":59},"end":{"line":487,"column":68}},"261":{"start":{"line":487,"column":79},"end":{"line":487,"column":98}},"262":{"start":{"line":490,"column":8},"end":{"line":490,"column":null}},"263":{"start":{"line":492,"column":8},"end":{"line":502,"column":null}},"264":{"start":{"line":493,"column":12},"end":{"line":501,"column":null}},"265":{"start":{"line":494,"column":32},"end":{"line":494,"column":null}},"266":{"start":{"line":495,"column":16},"end":{"line":500,"column":null}},"267":{"start":{"line":496,"column":20},"end":{"line":499,"column":null}},"268":{"start":{"line":498,"column":24},"end":{"line":498,"column":null}},"269":{"start":{"line":506,"column":8},"end":{"line":506,"column":null}},"270":{"start":{"line":506,"column":28},"end":{"line":506,"column":null}},"271":{"start":{"line":508,"column":24},"end":{"line":515,"column":null}},"272":{"start":{"line":509,"column":12},"end":{"line":514,"column":null}},"273":{"start":{"line":518,"column":8},"end":{"line":527,"column":null}},"274":{"start":{"line":523,"column":60},"end":{"line":523,"column":79}},"275":{"start":{"line":524,"column":61},"end":{"line":524,"column":81}},"276":{"start":{"line":525,"column":64},"end":{"line":525,"column":86}},"277":{"start":{"line":529,"column":8},"end":{"line":529,"column":null}},"278":{"start":{"line":533,"column":8},"end":{"line":533,"column":null}},"279":{"start":{"line":533,"column":19},"end":{"line":533,"column":null}},"280":{"start":{"line":535,"column":8},"end":{"line":558,"column":null}},"281":{"start":{"line":536,"column":31},"end":{"line":536,"column":null}},"282":{"start":{"line":537,"column":28},"end":{"line":537,"column":null}},"283":{"start":{"line":539,"column":12},"end":{"line":547,"column":null}},"284":{"start":{"line":540,"column":32},"end":{"line":540,"column":null}},"285":{"start":{"line":541,"column":16},"end":{"line":545,"column":null}},"286":{"start":{"line":542,"column":20},"end":{"line":542,"column":null}},"287":{"start":{"line":542,"column":48},"end":{"line":542,"column":96}},"288":{"start":{"line":543,"column":16},"end":{"line":545,"column":null}},"289":{"start":{"line":544,"column":20},"end":{"line":544,"column":null}},"290":{"start":{"line":546,"column":16},"end":{"line":546,"column":null}},"291":{"start":{"line":548,"column":8},"end":{"line":558,"column":null}},"292":{"start":{"line":549,"column":31},"end":{"line":549,"column":null}},"293":{"start":{"line":550,"column":12},"end":{"line":550,"column":null}},"294":{"start":{"line":551,"column":8},"end":{"line":558,"column":null}},"295":{"start":{"line":554,"column":12},"end":{"line":554,"column":null}},"296":{"start":{"line":555,"column":12},"end":{"line":557,"column":null}},"297":{"start":{"line":556,"column":16},"end":{"line":556,"column":null}},"298":{"start":{"line":563,"column":8},"end":{"line":563,"column":null}},"299":{"start":{"line":565,"column":8},"end":{"line":565,"column":null}},"300":{"start":{"line":569,"column":21},"end":{"line":569,"column":null}},"301":{"start":{"line":570,"column":8},"end":{"line":570,"column":null}},"302":{"start":{"line":574,"column":21},"end":{"line":574,"column":null}},"303":{"start":{"line":575,"column":8},"end":{"line":575,"column":null}},"304":{"start":{"line":579,"column":8},"end":{"line":579,"column":null}},"305":{"start":{"line":583,"column":8},"end":{"line":583,"column":null}},"306":{"start":{"line":587,"column":49},"end":{"line":587,"column":null}},"307":{"start":{"line":588,"column":8},"end":{"line":590,"column":null}},"308":{"start":{"line":588,"column":34},"end":{"line":588,"column":null}},"309":{"start":{"line":588,"column":48},"end":{"line":590,"column":null}},"310":{"start":{"line":589,"column":39},"end":{"line":589,"column":null}},"311":{"start":{"line":590,"column":13},"end":{"line":590,"column":null}},"312":{"start":{"line":592,"column":24},"end":{"line":592,"column":null}},"313":{"start":{"line":593,"column":8},"end":{"line":593,"column":null}},"314":{"start":{"line":597,"column":8},"end":{"line":597,"column":null}},"315":{"start":{"line":601,"column":8},"end":{"line":601,"column":null}},"316":{"start":{"line":605,"column":8},"end":{"line":605,"column":null}},"317":{"start":{"line":609,"column":8},"end":{"line":609,"column":null}},"318":{"start":{"line":613,"column":8},"end":{"line":613,"column":null}},"319":{"start":{"line":619,"column":8},"end":{"line":619,"column":null}},"320":{"start":{"line":619,"column":38},"end":{"line":619,"column":null}},"321":{"start":{"line":620,"column":24},"end":{"line":620,"column":null}},"322":{"start":{"line":621,"column":8},"end":{"line":621,"column":null}},"323":{"start":{"line":621,"column":53},"end":{"line":621,"column":null}},"324":{"start":{"line":622,"column":27},"end":{"line":622,"column":null}},"325":{"start":{"line":623,"column":20},"end":{"line":623,"column":null}},"326":{"start":{"line":624,"column":21},"end":{"line":630,"column":null}},"327":{"start":{"line":631,"column":8},"end":{"line":631,"column":null}},"328":{"start":{"line":632,"column":8},"end":{"line":632,"column":null}},"329":{"start":{"line":636,"column":8},"end":{"line":636,"column":null}},"330":{"start":{"line":636,"column":41},"end":{"line":636,"column":null}},"331":{"start":{"line":637,"column":24},"end":{"line":637,"column":null}},"332":{"start":{"line":638,"column":8},"end":{"line":638,"column":null}},"333":{"start":{"line":638,"column":53},"end":{"line":638,"column":null}},"334":{"start":{"line":639,"column":27},"end":{"line":639,"column":null}},"335":{"start":{"line":640,"column":20},"end":{"line":640,"column":null}},"336":{"start":{"line":641,"column":21},"end":{"line":641,"column":null}},"337":{"start":{"line":642,"column":8},"end":{"line":642,"column":null}},"338":{"start":{"line":643,"column":8},"end":{"line":643,"column":null}},"339":{"start":{"line":647,"column":8},"end":{"line":647,"column":null}},"340":{"start":{"line":647,"column":39},"end":{"line":647,"column":null}},"341":{"start":{"line":648,"column":24},"end":{"line":648,"column":null}},"342":{"start":{"line":649,"column":8},"end":{"line":649,"column":null}},"343":{"start":{"line":649,"column":53},"end":{"line":649,"column":null}},"344":{"start":{"line":650,"column":27},"end":{"line":650,"column":null}},"345":{"start":{"line":651,"column":22},"end":{"line":651,"column":null}},"346":{"start":{"line":652,"column":8},"end":{"line":652,"column":null}},"347":{"start":{"line":652,"column":39},"end":{"line":652,"column":null}},"348":{"start":{"line":653,"column":20},"end":{"line":653,"column":null}},"349":{"start":{"line":654,"column":8},"end":{"line":654,"column":null}},"350":{"start":{"line":655,"column":8},"end":{"line":655,"column":null}},"351":{"start":{"line":658,"column":8},"end":{"line":665,"column":null}},"352":{"start":{"line":659,"column":12},"end":{"line":664,"column":null}},"353":{"start":{"line":660,"column":16},"end":{"line":663,"column":null}},"354":{"start":{"line":662,"column":73},"end":{"line":662,"column":82}},"355":{"start":{"line":669,"column":8},"end":{"line":669,"column":null}},"356":{"start":{"line":669,"column":45},"end":{"line":669,"column":78}},"357":{"start":{"line":670,"column":8},"end":{"line":670,"column":null}},"358":{"start":{"line":670,"column":45},"end":{"line":670,"column":84}},"359":{"start":{"line":671,"column":8},"end":{"line":671,"column":null}},"360":{"start":{"line":671,"column":38},"end":{"line":671,"column":96}},"361":{"start":{"line":672,"column":8},"end":{"line":672,"column":null}},"362":{"start":{"line":672,"column":37},"end":{"line":672,"column":85}},"363":{"start":{"line":675,"column":38},"end":{"line":675,"column":72}},"364":{"start":{"line":675,"column":72},"end":{"line":675,"column":105}},"365":{"start":{"line":676,"column":41},"end":{"line":676,"column":78}},"366":{"start":{"line":676,"column":78},"end":{"line":676,"column":114}},"367":{"start":{"line":677,"column":39},"end":{"line":677,"column":74}},"368":{"start":{"line":677,"column":74},"end":{"line":677,"column":108}},"369":{"start":{"line":679,"column":56},"end":{"line":679,"column":81}},"370":{"start":{"line":679,"column":81},"end":{"line":679,"column":125}},"371":{"start":{"line":679,"column":104},"end":{"line":679,"column":122}},"372":{"start":{"line":679,"column":125},"end":{"line":679,"column":157}},"373":{"start":{"line":680,"column":59},"end":{"line":680,"column":87}},"374":{"start":{"line":680,"column":87},"end":{"line":680,"column":131}},"375":{"start":{"line":680,"column":110},"end":{"line":680,"column":128}},"376":{"start":{"line":680,"column":131},"end":{"line":680,"column":166}},"377":{"start":{"line":681,"column":57},"end":{"line":681,"column":83}},"378":{"start":{"line":681,"column":83},"end":{"line":681,"column":127}},"379":{"start":{"line":681,"column":106},"end":{"line":681,"column":124}},"380":{"start":{"line":681,"column":127},"end":{"line":681,"column":160}},"381":{"start":{"line":684,"column":8},"end":{"line":684,"column":null}},"382":{"start":{"line":685,"column":8},"end":{"line":685,"column":null}},"383":{"start":{"line":686,"column":8},"end":{"line":686,"column":null}},"384":{"start":{"line":688,"column":8},"end":{"line":691,"column":null}},"385":{"start":{"line":689,"column":12},"end":{"line":689,"column":null}},"386":{"start":{"line":690,"column":12},"end":{"line":690,"column":null}},"387":{"start":{"line":693,"column":8},"end":{"line":696,"column":null}},"388":{"start":{"line":694,"column":12},"end":{"line":694,"column":null}},"389":{"start":{"line":695,"column":12},"end":{"line":695,"column":null}},"390":{"start":{"line":698,"column":8},"end":{"line":703,"column":null}},"391":{"start":{"line":699,"column":12},"end":{"line":699,"column":null}},"392":{"start":{"line":699,"column":32},"end":{"line":699,"column":null}},"393":{"start":{"line":700,"column":12},"end":{"line":700,"column":null}},"394":{"start":{"line":701,"column":12},"end":{"line":701,"column":null}},"395":{"start":{"line":702,"column":12},"end":{"line":702,"column":null}},"396":{"start":{"line":707,"column":8},"end":{"line":707,"column":null}},"397":{"start":{"line":708,"column":8},"end":{"line":708,"column":null}},"398":{"start":{"line":709,"column":8},"end":{"line":709,"column":null}},"399":{"start":{"line":712,"column":30},"end":{"line":712,"column":70}}},"fnMap":{"0":{"name":"(anonymous_0)","decl":{"start":{"line":68,"column":4},"end":{"line":68,"column":16}},"loc":{"start":{"line":68,"column":68},"end":{"line":72,"column":null}},"line":68},"1":{"name":"(anonymous_1)","decl":{"start":{"line":74,"column":17},"end":{"line":74,"column":40}},"loc":{"start":{"line":74,"column":40},"end":{"line":173,"column":null}},"line":74},"2":{"name":"(anonymous_2)","decl":{"start":{"line":94,"column":42},"end":{"line":94,"column":49}},"loc":{"start":{"line":94,"column":68},"end":{"line":98,"column":9}},"line":94},"3":{"name":"(anonymous_3)","decl":{"start":{"line":106,"column":24},"end":{"line":106,"column":25}},"loc":{"start":{"line":106,"column":39},"end":{"line":114,"column":null}},"line":106},"4":{"name":"(anonymous_4)","decl":{"start":{"line":123,"column":41},"end":{"line":123,"column":42}},"loc":{"start":{"line":123,"column":66},"end":{"line":125,"column":9}},"line":123},"5":{"name":"(anonymous_5)","decl":{"start":{"line":141,"column":74},"end":{"line":141,"column":75}},"loc":{"start":{"line":141,"column":125},"end":{"line":151,"column":13}},"line":141},"6":{"name":"(anonymous_6)","decl":{"start":{"line":142,"column":22},"end":{"line":142,"column":34}},"loc":{"start":{"line":142,"column":34},"end":{"line":150,"column":19}},"line":142},"7":{"name":"(anonymous_7)","decl":{"start":{"line":175,"column":12},"end":{"line":175,"column":38}},"loc":{"start":{"line":175,"column":38},"end":{"line":267,"column":null}},"line":175},"8":{"name":"(anonymous_8)","decl":{"start":{"line":179,"column":114},"end":{"line":179,"column":121}},"loc":{"start":{"line":179,"column":140},"end":{"line":188,"column":9}},"line":179},"9":{"name":"(anonymous_9)","decl":{"start":{"line":190,"column":50},"end":{"line":190,"column":62}},"loc":{"start":{"line":190,"column":62},"end":{"line":192,"column":9}},"line":190},"10":{"name":"(anonymous_10)","decl":{"start":{"line":191,"column":60},"end":{"line":191,"column":65}},"loc":{"start":{"line":191,"column":65},"end":{"line":191,"column":77}},"line":191},"11":{"name":"(anonymous_11)","decl":{"start":{"line":194,"column":39},"end":{"line":194,"column":40}},"loc":{"start":{"line":194,"column":61},"end":{"line":201,"column":9}},"line":194},"12":{"name":"(anonymous_12)","decl":{"start":{"line":203,"column":40},"end":{"line":203,"column":41}},"loc":{"start":{"line":203,"column":62},"end":{"line":210,"column":9}},"line":203},"13":{"name":"(anonymous_13)","decl":{"start":{"line":205,"column":57},"end":{"line":205,"column":63}},"loc":{"start":{"line":205,"column":63},"end":{"line":205,"column":80}},"line":205},"14":{"name":"(anonymous_14)","decl":{"start":{"line":206,"column":59},"end":{"line":206,"column":65}},"loc":{"start":{"line":206,"column":65},"end":{"line":206,"column":82}},"line":206},"15":{"name":"(anonymous_15)","decl":{"start":{"line":207,"column":65},"end":{"line":207,"column":71}},"loc":{"start":{"line":207,"column":71},"end":{"line":207,"column":104}},"line":207},"16":{"name":"(anonymous_16)","decl":{"start":{"line":212,"column":41},"end":{"line":212,"column":42}},"loc":{"start":{"line":212,"column":63},"end":{"line":214,"column":9}},"line":212},"17":{"name":"(anonymous_17)","decl":{"start":{"line":216,"column":67},"end":{"line":216,"column":74}},"loc":{"start":{"line":216,"column":93},"end":{"line":231,"column":9}},"line":216},"18":{"name":"(anonymous_18)","decl":{"start":{"line":233,"column":74},"end":{"line":233,"column":75}},"loc":{"start":{"line":233,"column":94},"end":{"line":239,"column":9}},"line":233},"19":{"name":"(anonymous_19)","decl":{"start":{"line":238,"column":63},"end":{"line":238,"column":68}},"loc":{"start":{"line":238,"column":68},"end":{"line":238,"column":87}},"line":238},"20":{"name":"(anonymous_20)","decl":{"start":{"line":241,"column":72},"end":{"line":241,"column":73}},"loc":{"start":{"line":241,"column":92},"end":{"line":247,"column":9}},"line":241},"21":{"name":"(anonymous_21)","decl":{"start":{"line":249,"column":65},"end":{"line":249,"column":72}},"loc":{"start":{"line":249,"column":91},"end":{"line":255,"column":9}},"line":249},"22":{"name":"(anonymous_22)","decl":{"start":{"line":252,"column":25},"end":{"line":252,"column":32}},"loc":{"start":{"line":252,"column":32},"end":{"line":252,"column":51}},"line":252},"23":{"name":"(anonymous_23)","decl":{"start":{"line":257,"column":67},"end":{"line":257,"column":74}},"loc":{"start":{"line":257,"column":93},"end":{"line":261,"column":9}},"line":257},"24":{"name":"(anonymous_24)","decl":{"start":{"line":263,"column":77},"end":{"line":263,"column":84}},"loc":{"start":{"line":263,"column":103},"end":{"line":266,"column":9}},"line":263},"25":{"name":"(anonymous_25)","decl":{"start":{"line":269,"column":12},"end":{"line":269,"column":43}},"loc":{"start":{"line":269,"column":43},"end":{"line":370,"column":null}},"line":269},"26":{"name":"(anonymous_26)","decl":{"start":{"line":272,"column":29},"end":{"line":272,"column":41}},"loc":{"start":{"line":272,"column":41},"end":{"line":367,"column":null}},"line":272},"27":{"name":"(anonymous_27)","decl":{"start":{"line":274,"column":48},"end":{"line":274,"column":54}},"loc":{"start":{"line":274,"column":54},"end":{"line":274,"column":80}},"line":274},"28":{"name":"(anonymous_28)","decl":{"start":{"line":310,"column":30},"end":{"line":310,"column":31}},"loc":{"start":{"line":310,"column":47},"end":{"line":324,"column":17}},"line":310},"29":{"name":"(anonymous_29)","decl":{"start":{"line":313,"column":46},"end":{"line":313,"column":51}},"loc":{"start":{"line":313,"column":51},"end":{"line":316,"column":25}},"line":313},"30":{"name":"(anonymous_30)","decl":{"start":{"line":333,"column":77},"end":{"line":333,"column":83}},"loc":{"start":{"line":333,"column":83},"end":{"line":333,"column":98}},"line":333},"31":{"name":"(anonymous_31)","decl":{"start":{"line":334,"column":36},"end":{"line":334,"column":37}},"loc":{"start":{"line":334,"column":50},"end":{"line":337,"column":21}},"line":334},"32":{"name":"(anonymous_32)","decl":{"start":{"line":339,"column":34},"end":{"line":339,"column":35}},"loc":{"start":{"line":339,"column":49},"end":{"line":358,"column":21}},"line":339},"33":{"name":"(anonymous_33)","decl":{"start":{"line":360,"column":34},"end":{"line":360,"column":42}},"loc":{"start":{"line":360,"column":42},"end":{"line":360,"column":67}},"line":360},"34":{"name":"(anonymous_34)","decl":{"start":{"line":366,"column":44},"end":{"line":366,"column":50}},"loc":{"start":{"line":366,"column":50},"end":{"line":366,"column":76}},"line":366},"35":{"name":"(anonymous_35)","decl":{"start":{"line":372,"column":18},"end":{"line":372,"column":66}},"loc":{"start":{"line":372,"column":66},"end":{"line":474,"column":null}},"line":372},"36":{"name":"(anonymous_36)","decl":{"start":{"line":376,"column":14},"end":{"line":376,"column":26}},"loc":{"start":{"line":376,"column":26},"end":{"line":380,"column":11}},"line":376},"37":{"name":"(anonymous_37)","decl":{"start":{"line":383,"column":14},"end":{"line":383,"column":26}},"loc":{"start":{"line":383,"column":26},"end":{"line":387,"column":11}},"line":383},"38":{"name":"(anonymous_38)","decl":{"start":{"line":402,"column":18},"end":{"line":402,"column":30}},"loc":{"start":{"line":402,"column":30},"end":{"line":411,"column":15}},"line":402},"39":{"name":"(anonymous_39)","decl":{"start":{"line":413,"column":18},"end":{"line":413,"column":30}},"loc":{"start":{"line":413,"column":30},"end":{"line":418,"column":15}},"line":413},"40":{"name":"(anonymous_40)","decl":{"start":{"line":420,"column":18},"end":{"line":420,"column":30}},"loc":{"start":{"line":420,"column":30},"end":{"line":432,"column":15}},"line":420},"41":{"name":"(anonymous_41)","decl":{"start":{"line":434,"column":18},"end":{"line":434,"column":30}},"loc":{"start":{"line":434,"column":30},"end":{"line":440,"column":15}},"line":434},"42":{"name":"(anonymous_42)","decl":{"start":{"line":443,"column":18},"end":{"line":443,"column":30}},"loc":{"start":{"line":443,"column":30},"end":{"line":449,"column":15}},"line":443},"43":{"name":"(anonymous_43)","decl":{"start":{"line":452,"column":18},"end":{"line":452,"column":30}},"loc":{"start":{"line":452,"column":30},"end":{"line":457,"column":15}},"line":452},"44":{"name":"(anonymous_44)","decl":{"start":{"line":459,"column":18},"end":{"line":459,"column":30}},"loc":{"start":{"line":459,"column":30},"end":{"line":464,"column":15}},"line":459},"45":{"name":"(anonymous_45)","decl":{"start":{"line":466,"column":18},"end":{"line":466,"column":30}},"loc":{"start":{"line":466,"column":30},"end":{"line":472,"column":15}},"line":466},"46":{"name":"(anonymous_46)","decl":{"start":{"line":480,"column":18},"end":{"line":480,"column":40}},"loc":{"start":{"line":480,"column":40},"end":{"line":503,"column":null}},"line":480},"47":{"name":"(anonymous_47)","decl":{"start":{"line":484,"column":51},"end":{"line":484,"column":56}},"loc":{"start":{"line":484,"column":56},"end":{"line":484,"column":75}},"line":484},"48":{"name":"(anonymous_48)","decl":{"start":{"line":485,"column":52},"end":{"line":485,"column":57}},"loc":{"start":{"line":485,"column":57},"end":{"line":485,"column":77}},"line":485},"49":{"name":"(anonymous_49)","decl":{"start":{"line":486,"column":55},"end":{"line":486,"column":60}},"loc":{"start":{"line":486,"column":60},"end":{"line":486,"column":82}},"line":486},"50":{"name":"(anonymous_50)","decl":{"start":{"line":487,"column":54},"end":{"line":487,"column":59}},"loc":{"start":{"line":487,"column":59},"end":{"line":487,"column":68}},"line":487},"51":{"name":"(anonymous_51)","decl":{"start":{"line":487,"column":74},"end":{"line":487,"column":79}},"loc":{"start":{"line":487,"column":79},"end":{"line":487,"column":98}},"line":487},"52":{"name":"(anonymous_52)","decl":{"start":{"line":493,"column":18},"end":{"line":493,"column":30}},"loc":{"start":{"line":493,"column":30},"end":{"line":501,"column":15}},"line":493},"53":{"name":"(anonymous_53)","decl":{"start":{"line":505,"column":12},"end":{"line":505,"column":41}},"loc":{"start":{"line":505,"column":41},"end":{"line":530,"column":null}},"line":505},"54":{"name":"(anonymous_54)","decl":{"start":{"line":508,"column":65},"end":{"line":508,"column":66}},"loc":{"start":{"line":508,"column":84},"end":{"line":515,"column":9}},"line":508},"55":{"name":"(anonymous_55)","decl":{"start":{"line":523,"column":55},"end":{"line":523,"column":60}},"loc":{"start":{"line":523,"column":60},"end":{"line":523,"column":79}},"line":523},"56":{"name":"(anonymous_56)","decl":{"start":{"line":524,"column":56},"end":{"line":524,"column":61}},"loc":{"start":{"line":524,"column":61},"end":{"line":524,"column":81}},"line":524},"57":{"name":"(anonymous_57)","decl":{"start":{"line":525,"column":59},"end":{"line":525,"column":64}},"loc":{"start":{"line":525,"column":64},"end":{"line":525,"column":86}},"line":525},"58":{"name":"(anonymous_58)","decl":{"start":{"line":532,"column":12},"end":{"line":532,"column":34}},"loc":{"start":{"line":532,"column":72},"end":{"line":559,"column":null}},"line":532},"59":{"name":"(anonymous_59)","decl":{"start":{"line":542,"column":41},"end":{"line":542,"column":48}},"loc":{"start":{"line":542,"column":48},"end":{"line":542,"column":96}},"line":542},"60":{"name":"(anonymous_60)","decl":{"start":{"line":561,"column":11},"end":{"line":561,"column":29}},"loc":{"start":{"line":561,"column":74},"end":{"line":566,"column":null}},"line":561},"61":{"name":"(anonymous_61)","decl":{"start":{"line":568,"column":11},"end":{"line":568,"column":31}},"loc":{"start":{"line":568,"column":71},"end":{"line":571,"column":null}},"line":568},"62":{"name":"(anonymous_62)","decl":{"start":{"line":573,"column":11},"end":{"line":573,"column":32}},"loc":{"start":{"line":573,"column":74},"end":{"line":576,"column":null}},"line":573},"63":{"name":"(anonymous_63)","decl":{"start":{"line":578,"column":11},"end":{"line":578,"column":33}},"loc":{"start":{"line":578,"column":69},"end":{"line":580,"column":null}},"line":578},"64":{"name":"(anonymous_64)","decl":{"start":{"line":582,"column":11},"end":{"line":582,"column":36}},"loc":{"start":{"line":582,"column":72},"end":{"line":584,"column":null}},"line":582},"65":{"name":"(anonymous_65)","decl":{"start":{"line":586,"column":11},"end":{"line":586,"column":33}},"loc":{"start":{"line":586,"column":89},"end":{"line":594,"column":null}},"line":586},"66":{"name":"(anonymous_66)","decl":{"start":{"line":596,"column":11},"end":{"line":596,"column":35}},"loc":{"start":{"line":596,"column":70},"end":{"line":598,"column":null}},"line":596},"67":{"name":"(anonymous_67)","decl":{"start":{"line":600,"column":11},"end":{"line":600,"column":37}},"loc":{"start":{"line":600,"column":72},"end":{"line":602,"column":null}},"line":600},"68":{"name":"(anonymous_68)","decl":{"start":{"line":604,"column":11},"end":{"line":604,"column":34}},"loc":{"start":{"line":604,"column":85},"end":{"line":606,"column":null}},"line":604},"69":{"name":"(anonymous_69)","decl":{"start":{"line":608,"column":11},"end":{"line":608,"column":31}},"loc":{"start":{"line":608,"column":52},"end":{"line":610,"column":null}},"line":608},"70":{"name":"(anonymous_70)","decl":{"start":{"line":612,"column":11},"end":{"line":612,"column":31}},"loc":{"start":{"line":612,"column":52},"end":{"line":614,"column":null}},"line":612},"71":{"name":"(anonymous_71)","decl":{"start":{"line":618,"column":17},"end":{"line":618,"column":52}},"loc":{"start":{"line":618,"column":52},"end":{"line":633,"column":null}},"line":618},"72":{"name":"(anonymous_72)","decl":{"start":{"line":635,"column":17},"end":{"line":635,"column":55}},"loc":{"start":{"line":635,"column":55},"end":{"line":644,"column":null}},"line":635},"73":{"name":"(anonymous_73)","decl":{"start":{"line":646,"column":17},"end":{"line":646,"column":53}},"loc":{"start":{"line":646,"column":53},"end":{"line":666,"column":null}},"line":646},"74":{"name":"(anonymous_74)","decl":{"start":{"line":658,"column":46},"end":{"line":658,"column":52}},"loc":{"start":{"line":658,"column":52},"end":{"line":665,"column":9}},"line":658},"75":{"name":"(anonymous_75)","decl":{"start":{"line":659,"column":23},"end":{"line":659,"column":29}},"loc":{"start":{"line":659,"column":29},"end":{"line":664,"column":15}},"line":659},"76":{"name":"(anonymous_76)","decl":{"start":{"line":662,"column":68},"end":{"line":662,"column":73}},"loc":{"start":{"line":662,"column":73},"end":{"line":662,"column":82}},"line":662},"77":{"name":"(anonymous_77)","decl":{"start":{"line":668,"column":12},"end":{"line":668,"column":32}},"loc":{"start":{"line":668,"column":75},"end":{"line":673,"column":null}},"line":668},"78":{"name":"(anonymous_78)","decl":{"start":{"line":669,"column":35},"end":{"line":669,"column":36}},"loc":{"start":{"line":669,"column":45},"end":{"line":669,"column":78}},"line":669},"79":{"name":"(anonymous_79)","decl":{"start":{"line":670,"column":35},"end":{"line":670,"column":36}},"loc":{"start":{"line":670,"column":45},"end":{"line":670,"column":84}},"line":670},"80":{"name":"(anonymous_80)","decl":{"start":{"line":671,"column":28},"end":{"line":671,"column":29}},"loc":{"start":{"line":671,"column":38},"end":{"line":671,"column":96}},"line":671},"81":{"name":"(anonymous_81)","decl":{"start":{"line":672,"column":28},"end":{"line":672,"column":29}},"loc":{"start":{"line":672,"column":37},"end":{"line":672,"column":85}},"line":672},"82":{"name":"(anonymous_82)","decl":{"start":{"line":675,"column":11},"end":{"line":675,"column":36}},"loc":{"start":{"line":675,"column":36},"end":{"line":675,"column":null}},"line":675},"83":{"name":"(anonymous_83)","decl":{"start":{"line":676,"column":11},"end":{"line":676,"column":39}},"loc":{"start":{"line":676,"column":39},"end":{"line":676,"column":null}},"line":676},"84":{"name":"(anonymous_84)","decl":{"start":{"line":677,"column":11},"end":{"line":677,"column":37}},"loc":{"start":{"line":677,"column":37},"end":{"line":677,"column":null}},"line":677},"85":{"name":"(anonymous_85)","decl":{"start":{"line":679,"column":17},"end":{"line":679,"column":54}},"loc":{"start":{"line":679,"column":54},"end":{"line":679,"column":null}},"line":679},"86":{"name":"(anonymous_86)","decl":{"start":{"line":679,"column":99},"end":{"line":679,"column":104}},"loc":{"start":{"line":679,"column":104},"end":{"line":679,"column":122}},"line":679},"87":{"name":"(anonymous_87)","decl":{"start":{"line":680,"column":17},"end":{"line":680,"column":57}},"loc":{"start":{"line":680,"column":57},"end":{"line":680,"column":null}},"line":680},"88":{"name":"(anonymous_88)","decl":{"start":{"line":680,"column":105},"end":{"line":680,"column":110}},"loc":{"start":{"line":680,"column":110},"end":{"line":680,"column":128}},"line":680},"89":{"name":"(anonymous_89)","decl":{"start":{"line":681,"column":17},"end":{"line":681,"column":55}},"loc":{"start":{"line":681,"column":55},"end":{"line":681,"column":null}},"line":681},"90":{"name":"(anonymous_90)","decl":{"start":{"line":681,"column":101},"end":{"line":681,"column":106}},"loc":{"start":{"line":681,"column":106},"end":{"line":681,"column":124}},"line":681},"91":{"name":"(anonymous_91)","decl":{"start":{"line":683,"column":17},"end":{"line":683,"column":39}},"loc":{"start":{"line":683,"column":39},"end":{"line":704,"column":null}},"line":683},"92":{"name":"(anonymous_92)","decl":{"start":{"line":706,"column":17},"end":{"line":706,"column":25}},"loc":{"start":{"line":706,"column":57},"end":{"line":710,"column":null}},"line":706},"93":{"name":"(anonymous_93)","decl":{"start":{"line":712,"column":11},"end":{"line":712,"column":28}},"loc":{"start":{"line":712,"column":28},"end":{"line":712,"column":null}},"line":712}},"branchMap":{"0":{"loc":{"start":{"line":75,"column":8},"end":{"line":75,"column":null}},"type":"if","locations":[{"start":{"line":75,"column":8},"end":{"line":75,"column":null}},{"start":{},"end":{}}],"line":75},"1":{"loc":{"start":{"line":79,"column":8},"end":{"line":84,"column":null}},"type":"if","locations":[{"start":{"line":79,"column":8},"end":{"line":84,"column":null}},{"start":{"line":81,"column":15},"end":{"line":84,"column":null}}],"line":79},"2":{"loc":{"start":{"line":111,"column":16},"end":{"line":113,"column":null}},"type":"if","locations":[{"start":{"line":111,"column":16},"end":{"line":113,"column":null}},{"start":{"line":111,"column":97},"end":{"line":113,"column":null}}],"line":111},"3":{"loc":{"start":{"line":111,"column":97},"end":{"line":113,"column":null}},"type":"if","locations":[{"start":{"line":111,"column":97},"end":{"line":113,"column":null}},{"start":{"line":112,"column":105},"end":{"line":113,"column":null}}],"line":111},"4":{"loc":{"start":{"line":112,"column":105},"end":{"line":113,"column":null}},"type":"if","locations":[{"start":{"line":112,"column":105},"end":{"line":113,"column":null}},{"start":{},"end":{}}],"line":112},"5":{"loc":{"start":{"line":145,"column":24},"end":{"line":147,"column":null}},"type":"if","locations":[{"start":{"line":145,"column":24},"end":{"line":147,"column":null}},{"start":{},"end":{}}],"line":145},"6":{"loc":{"start":{"line":145,"column":28},"end":{"line":145,"column":121}},"type":"binary-expr","locations":[{"start":{"line":145,"column":28},"end":{"line":145,"column":69}},{"start":{"line":145,"column":69},"end":{"line":145,"column":100}},{"start":{"line":145,"column":100},"end":{"line":145,"column":121}}],"line":145},"7":{"loc":{"start":{"line":164,"column":12},"end":{"line":164,"column":null}},"type":"if","locations":[{"start":{"line":164,"column":12},"end":{"line":164,"column":null}},{"start":{},"end":{}}],"line":164},"8":{"loc":{"start":{"line":165,"column":12},"end":{"line":165,"column":null}},"type":"if","locations":[{"start":{"line":165,"column":12},"end":{"line":165,"column":null}},{"start":{},"end":{}}],"line":165},"9":{"loc":{"start":{"line":166,"column":12},"end":{"line":166,"column":null}},"type":"if","locations":[{"start":{"line":166,"column":12},"end":{"line":166,"column":null}},{"start":{},"end":{}}],"line":166},"10":{"loc":{"start":{"line":176,"column":8},"end":{"line":176,"column":null}},"type":"if","locations":[{"start":{"line":176,"column":8},"end":{"line":176,"column":null}},{"start":{},"end":{}}],"line":176},"11":{"loc":{"start":{"line":181,"column":12},"end":{"line":181,"column":null}},"type":"if","locations":[{"start":{"line":181,"column":12},"end":{"line":181,"column":null}},{"start":{},"end":{}}],"line":181},"12":{"loc":{"start":{"line":181,"column":16},"end":{"line":181,"column":53}},"type":"binary-expr","locations":[{"start":{"line":181,"column":16},"end":{"line":181,"column":28}},{"start":{"line":181,"column":28},"end":{"line":181,"column":53}}],"line":181},"13":{"loc":{"start":{"line":183,"column":16},"end":{"line":185,"column":null}},"type":"if","locations":[{"start":{"line":183,"column":16},"end":{"line":185,"column":null}},{"start":{},"end":{}}],"line":183},"14":{"loc":{"start":{"line":183,"column":20},"end":{"line":183,"column":64}},"type":"binary-expr","locations":[{"start":{"line":183,"column":20},"end":{"line":183,"column":34}},{"start":{"line":183,"column":34},"end":{"line":183,"column":64}}],"line":183},"15":{"loc":{"start":{"line":197,"column":20},"end":{"line":197,"column":null}},"type":"binary-expr","locations":[{"start":{"line":197,"column":20},"end":{"line":197,"column":49}},{"start":{"line":197,"column":49},"end":{"line":197,"column":null}}],"line":197},"16":{"loc":{"start":{"line":198,"column":22},"end":{"line":198,"column":null}},"type":"binary-expr","locations":[{"start":{"line":198,"column":22},"end":{"line":198,"column":63}},{"start":{"line":198,"column":63},"end":{"line":198,"column":null}}],"line":198},"17":{"loc":{"start":{"line":199,"column":20},"end":{"line":199,"column":null}},"type":"binary-expr","locations":[{"start":{"line":199,"column":20},"end":{"line":199,"column":49}},{"start":{"line":199,"column":49},"end":{"line":199,"column":null}}],"line":199},"18":{"loc":{"start":{"line":219,"column":12},"end":{"line":219,"column":null}},"type":"if","locations":[{"start":{"line":219,"column":12},"end":{"line":219,"column":null}},{"start":{},"end":{}}],"line":219},"19":{"loc":{"start":{"line":222,"column":50},"end":{"line":222,"column":108}},"type":"cond-expr","locations":[{"start":{"line":222,"column":79},"end":{"line":222,"column":90}},{"start":{"line":222,"column":90},"end":{"line":222,"column":108}}],"line":222},"20":{"loc":{"start":{"line":223,"column":12},"end":{"line":223,"column":null}},"type":"if","locations":[{"start":{"line":223,"column":12},"end":{"line":223,"column":null}},{"start":{},"end":{}}],"line":223},"21":{"loc":{"start":{"line":224,"column":12},"end":{"line":224,"column":null}},"type":"if","locations":[{"start":{"line":224,"column":12},"end":{"line":224,"column":null}},{"start":{},"end":{}}],"line":224},"22":{"loc":{"start":{"line":235,"column":12},"end":{"line":235,"column":null}},"type":"if","locations":[{"start":{"line":235,"column":12},"end":{"line":235,"column":null}},{"start":{},"end":{}}],"line":235},"23":{"loc":{"start":{"line":237,"column":12},"end":{"line":237,"column":null}},"type":"if","locations":[{"start":{"line":237,"column":12},"end":{"line":237,"column":null}},{"start":{},"end":{}}],"line":237},"24":{"loc":{"start":{"line":243,"column":12},"end":{"line":243,"column":null}},"type":"if","locations":[{"start":{"line":243,"column":12},"end":{"line":243,"column":null}},{"start":{},"end":{}}],"line":243},"25":{"loc":{"start":{"line":245,"column":12},"end":{"line":245,"column":null}},"type":"if","locations":[{"start":{"line":245,"column":12},"end":{"line":245,"column":null}},{"start":{},"end":{}}],"line":245},"26":{"loc":{"start":{"line":270,"column":8},"end":{"line":270,"column":null}},"type":"if","locations":[{"start":{"line":270,"column":8},"end":{"line":270,"column":null}},{"start":{},"end":{}}],"line":270},"27":{"loc":{"start":{"line":273,"column":12},"end":{"line":276,"column":null}},"type":"if","locations":[{"start":{"line":273,"column":12},"end":{"line":276,"column":null}},{"start":{},"end":{}}],"line":273},"28":{"loc":{"start":{"line":279,"column":38},"end":{"line":279,"column":80}},"type":"binary-expr","locations":[{"start":{"line":279,"column":38},"end":{"line":279,"column":78}},{"start":{"line":279,"column":78},"end":{"line":279,"column":80}}],"line":279},"29":{"loc":{"start":{"line":286,"column":12},"end":{"line":362,"column":null}},"type":"if","locations":[{"start":{"line":286,"column":12},"end":{"line":362,"column":null}},{"start":{"line":305,"column":19},"end":{"line":362,"column":null}}],"line":286},"30":{"loc":{"start":{"line":286,"column":16},"end":{"line":286,"column":58}},"type":"binary-expr","locations":[{"start":{"line":286,"column":16},"end":{"line":286,"column":38}},{"start":{"line":286,"column":38},"end":{"line":286,"column":58}}],"line":286},"31":{"loc":{"start":{"line":295,"column":32},"end":{"line":295,"column":null}},"type":"cond-expr","locations":[{"start":{"line":295,"column":55},"end":{"line":295,"column":69}},{"start":{"line":295,"column":69},"end":{"line":295,"column":null}}],"line":295},"32":{"loc":{"start":{"line":297,"column":20},"end":{"line":303,"column":null}},"type":"if","locations":[{"start":{"line":297,"column":20},"end":{"line":303,"column":null}},{"start":{"line":299,"column":20},"end":{"line":303,"column":null}}],"line":297},"33":{"loc":{"start":{"line":297,"column":24},"end":{"line":297,"column":104}},"type":"binary-expr","locations":[{"start":{"line":297,"column":24},"end":{"line":297,"column":67}},{"start":{"line":297,"column":67},"end":{"line":297,"column":104}}],"line":297},"34":{"loc":{"start":{"line":299,"column":20},"end":{"line":303,"column":null}},"type":"if","locations":[{"start":{"line":299,"column":20},"end":{"line":303,"column":null}},{"start":{"line":301,"column":27},"end":{"line":303,"column":null}}],"line":299},"35":{"loc":{"start":{"line":299,"column":31},"end":{"line":299,"column":111}},"type":"binary-expr","locations":[{"start":{"line":299,"column":31},"end":{"line":299,"column":74}},{"start":{"line":299,"column":74},"end":{"line":299,"column":111}}],"line":299},"36":{"loc":{"start":{"line":311,"column":20},"end":{"line":323,"column":null}},"type":"if","locations":[{"start":{"line":311,"column":20},"end":{"line":323,"column":null}},{"start":{"line":317,"column":27},"end":{"line":323,"column":null}}],"line":311},"37":{"loc":{"start":{"line":341,"column":24},"end":{"line":357,"column":null}},"type":"if","locations":[{"start":{"line":341,"column":24},"end":{"line":357,"column":null}},{"start":{"line":343,"column":31},"end":{"line":357,"column":null}}],"line":341},"38":{"loc":{"start":{"line":346,"column":28},"end":{"line":356,"column":null}},"type":"if","locations":[{"start":{"line":346,"column":28},"end":{"line":356,"column":null}},{"start":{"line":351,"column":28},"end":{"line":356,"column":null}}],"line":346},"39":{"loc":{"start":{"line":346,"column":32},"end":{"line":348,"column":76}},"type":"binary-expr","locations":[{"start":{"line":346,"column":32},"end":{"line":346,"column":null}},{"start":{"line":347,"column":33},"end":{"line":347,"column":76}},{"start":{"line":347,"column":76},"end":{"line":347,"column":null}},{"start":{"line":348,"column":32},"end":{"line":348,"column":76}}],"line":346},"40":{"loc":{"start":{"line":349,"column":32},"end":{"line":350,"column":null}},"type":"if","locations":[{"start":{"line":349,"column":32},"end":{"line":350,"column":null}},{"start":{"line":350,"column":37},"end":{"line":350,"column":null}}],"line":349},"41":{"loc":{"start":{"line":351,"column":28},"end":{"line":356,"column":null}},"type":"if","locations":[{"start":{"line":351,"column":28},"end":{"line":356,"column":null}},{"start":{"line":353,"column":35},"end":{"line":356,"column":null}}],"line":351},"42":{"loc":{"start":{"line":352,"column":53},"end":{"line":352,"column":122}},"type":"binary-expr","locations":[{"start":{"line":352,"column":53},"end":{"line":352,"column":66}},{"start":{"line":352,"column":66},"end":{"line":352,"column":122}}],"line":352},"43":{"loc":{"start":{"line":373,"column":8},"end":{"line":373,"column":null}},"type":"if","locations":[{"start":{"line":373,"column":8},"end":{"line":373,"column":null}},{"start":{},"end":{}}],"line":373},"44":{"loc":{"start":{"line":394,"column":12},"end":{"line":398,"column":null}},"type":"if","locations":[{"start":{"line":394,"column":12},"end":{"line":398,"column":null}},{"start":{},"end":{}}],"line":394},"45":{"loc":{"start":{"line":407,"column":63},"end":{"line":407,"column":86}},"type":"binary-expr","locations":[{"start":{"line":407,"column":63},"end":{"line":407,"column":76}},{"start":{"line":407,"column":76},"end":{"line":407,"column":86}}],"line":407},"46":{"loc":{"start":{"line":481,"column":8},"end":{"line":481,"column":null}},"type":"if","locations":[{"start":{"line":481,"column":8},"end":{"line":481,"column":null}},{"start":{},"end":{}}],"line":481},"47":{"loc":{"start":{"line":495,"column":16},"end":{"line":500,"column":null}},"type":"if","locations":[{"start":{"line":495,"column":16},"end":{"line":500,"column":null}},{"start":{},"end":{}}],"line":495},"48":{"loc":{"start":{"line":506,"column":8},"end":{"line":506,"column":null}},"type":"if","locations":[{"start":{"line":506,"column":8},"end":{"line":506,"column":null}},{"start":{},"end":{}}],"line":506},"49":{"loc":{"start":{"line":512,"column":22},"end":{"line":512,"column":null}},"type":"binary-expr","locations":[{"start":{"line":512,"column":22},"end":{"line":512,"column":66}},{"start":{"line":512,"column":66},"end":{"line":512,"column":null}}],"line":512},"50":{"loc":{"start":{"line":533,"column":8},"end":{"line":533,"column":null}},"type":"if","locations":[{"start":{"line":533,"column":8},"end":{"line":533,"column":null}},{"start":{},"end":{}}],"line":533},"51":{"loc":{"start":{"line":535,"column":8},"end":{"line":558,"column":null}},"type":"if","locations":[{"start":{"line":535,"column":8},"end":{"line":558,"column":null}},{"start":{"line":548,"column":8},"end":{"line":558,"column":null}}],"line":535},"52":{"loc":{"start":{"line":539,"column":12},"end":{"line":547,"column":null}},"type":"if","locations":[{"start":{"line":539,"column":12},"end":{"line":547,"column":null}},{"start":{},"end":{}}],"line":539},"53":{"loc":{"start":{"line":539,"column":16},"end":{"line":539,"column":44}},"type":"binary-expr","locations":[{"start":{"line":539,"column":16},"end":{"line":539,"column":27}},{"start":{"line":539,"column":27},"end":{"line":539,"column":44}}],"line":539},"54":{"loc":{"start":{"line":541,"column":16},"end":{"line":545,"column":null}},"type":"if","locations":[{"start":{"line":541,"column":16},"end":{"line":545,"column":null}},{"start":{"line":543,"column":16},"end":{"line":545,"column":null}}],"line":541},"55":{"loc":{"start":{"line":543,"column":16},"end":{"line":545,"column":null}},"type":"if","locations":[{"start":{"line":543,"column":16},"end":{"line":545,"column":null}},{"start":{},"end":{}}],"line":543},"56":{"loc":{"start":{"line":548,"column":8},"end":{"line":558,"column":null}},"type":"if","locations":[{"start":{"line":548,"column":8},"end":{"line":558,"column":null}},{"start":{"line":551,"column":8},"end":{"line":558,"column":null}}],"line":548},"57":{"loc":{"start":{"line":551,"column":8},"end":{"line":558,"column":null}},"type":"if","locations":[{"start":{"line":551,"column":8},"end":{"line":558,"column":null}},{"start":{},"end":{}}],"line":551},"58":{"loc":{"start":{"line":551,"column":19},"end":{"line":553,"column":46}},"type":"binary-expr","locations":[{"start":{"line":551,"column":19},"end":{"line":551,"column":50}},{"start":{"line":551,"column":50},"end":{"line":551,"column":78}},{"start":{"line":551,"column":78},"end":{"line":551,"column":null}},{"start":{"line":552,"column":19},"end":{"line":552,"column":50}},{"start":{"line":552,"column":50},"end":{"line":552,"column":83}},{"start":{"line":552,"column":83},"end":{"line":552,"column":null}},{"start":{"line":553,"column":19},"end":{"line":553,"column":46}}],"line":551},"59":{"loc":{"start":{"line":555,"column":12},"end":{"line":557,"column":null}},"type":"if","locations":[{"start":{"line":555,"column":12},"end":{"line":557,"column":null}},{"start":{},"end":{}}],"line":555},"60":{"loc":{"start":{"line":588,"column":8},"end":{"line":590,"column":null}},"type":"if","locations":[{"start":{"line":588,"column":8},"end":{"line":590,"column":null}},{"start":{"line":588,"column":48},"end":{"line":590,"column":null}}],"line":588},"61":{"loc":{"start":{"line":588,"column":48},"end":{"line":590,"column":null}},"type":"if","locations":[{"start":{"line":588,"column":48},"end":{"line":590,"column":null}},{"start":{"line":590,"column":13},"end":{"line":590,"column":null}}],"line":588},"62":{"loc":{"start":{"line":592,"column":24},"end":{"line":592,"column":null}},"type":"cond-expr","locations":[{"start":{"line":592,"column":47},"end":{"line":592,"column":61}},{"start":{"line":592,"column":61},"end":{"line":592,"column":null}}],"line":592},"63":{"loc":{"start":{"line":592,"column":61},"end":{"line":592,"column":null}},"type":"cond-expr","locations":[{"start":{"line":592,"column":84},"end":{"line":592,"column":97}},{"start":{"line":592,"column":97},"end":{"line":592,"column":null}}],"line":592},"64":{"loc":{"start":{"line":619,"column":8},"end":{"line":619,"column":null}},"type":"if","locations":[{"start":{"line":619,"column":8},"end":{"line":619,"column":null}},{"start":{},"end":{}}],"line":619},"65":{"loc":{"start":{"line":621,"column":8},"end":{"line":621,"column":null}},"type":"if","locations":[{"start":{"line":621,"column":8},"end":{"line":621,"column":null}},{"start":{},"end":{}}],"line":621},"66":{"loc":{"start":{"line":627,"column":12},"end":{"line":627,"column":null}},"type":"cond-expr","locations":[{"start":{"line":627,"column":56},"end":{"line":627,"column":62}},{"start":{"line":627,"column":62},"end":{"line":627,"column":null}}],"line":627},"67":{"loc":{"start":{"line":628,"column":12},"end":{"line":628,"column":null}},"type":"cond-expr","locations":[{"start":{"line":628,"column":54},"end":{"line":628,"column":60}},{"start":{"line":628,"column":60},"end":{"line":628,"column":null}}],"line":628},"68":{"loc":{"start":{"line":629,"column":12},"end":{"line":629,"column":null}},"type":"cond-expr","locations":[{"start":{"line":629,"column":54},"end":{"line":629,"column":60}},{"start":{"line":629,"column":60},"end":{"line":629,"column":null}}],"line":629},"69":{"loc":{"start":{"line":631,"column":41},"end":{"line":631,"column":87}},"type":"binary-expr","locations":[{"start":{"line":631,"column":41},"end":{"line":631,"column":76}},{"start":{"line":631,"column":76},"end":{"line":631,"column":87}}],"line":631},"70":{"loc":{"start":{"line":636,"column":8},"end":{"line":636,"column":null}},"type":"if","locations":[{"start":{"line":636,"column":8},"end":{"line":636,"column":null}},{"start":{},"end":{}}],"line":636},"71":{"loc":{"start":{"line":638,"column":8},"end":{"line":638,"column":null}},"type":"if","locations":[{"start":{"line":638,"column":8},"end":{"line":638,"column":null}},{"start":{},"end":{}}],"line":638},"72":{"loc":{"start":{"line":641,"column":39},"end":{"line":641,"column":103}},"type":"cond-expr","locations":[{"start":{"line":641,"column":94},"end":{"line":641,"column":100}},{"start":{"line":641,"column":100},"end":{"line":641,"column":103}}],"line":641},"73":{"loc":{"start":{"line":642,"column":44},"end":{"line":642,"column":90}},"type":"binary-expr","locations":[{"start":{"line":642,"column":44},"end":{"line":642,"column":79}},{"start":{"line":642,"column":79},"end":{"line":642,"column":90}}],"line":642},"74":{"loc":{"start":{"line":647,"column":8},"end":{"line":647,"column":null}},"type":"if","locations":[{"start":{"line":647,"column":8},"end":{"line":647,"column":null}},{"start":{},"end":{}}],"line":647},"75":{"loc":{"start":{"line":649,"column":8},"end":{"line":649,"column":null}},"type":"if","locations":[{"start":{"line":649,"column":8},"end":{"line":649,"column":null}},{"start":{},"end":{}}],"line":649},"76":{"loc":{"start":{"line":652,"column":8},"end":{"line":652,"column":null}},"type":"if","locations":[{"start":{"line":652,"column":8},"end":{"line":652,"column":null}},{"start":{},"end":{}}],"line":652},"77":{"loc":{"start":{"line":654,"column":42},"end":{"line":654,"column":88}},"type":"binary-expr","locations":[{"start":{"line":654,"column":42},"end":{"line":654,"column":77}},{"start":{"line":654,"column":77},"end":{"line":654,"column":88}}],"line":654},"78":{"loc":{"start":{"line":688,"column":8},"end":{"line":691,"column":null}},"type":"if","locations":[{"start":{"line":688,"column":8},"end":{"line":691,"column":null}},{"start":{},"end":{}}],"line":688},"79":{"loc":{"start":{"line":693,"column":8},"end":{"line":696,"column":null}},"type":"if","locations":[{"start":{"line":693,"column":8},"end":{"line":696,"column":null}},{"start":{},"end":{}}],"line":693},"80":{"loc":{"start":{"line":698,"column":8},"end":{"line":703,"column":null}},"type":"if","locations":[{"start":{"line":698,"column":8},"end":{"line":703,"column":null}},{"start":{},"end":{}}],"line":698},"81":{"loc":{"start":{"line":699,"column":12},"end":{"line":699,"column":null}},"type":"if","locations":[{"start":{"line":699,"column":12},"end":{"line":699,"column":null}},{"start":{},"end":{}}],"line":699}},"s":{"0":1,"1":1,"2":1,"3":1,"4":1,"5":1,"6":1,"7":1,"8":1,"9":1,"10":1,"11":1,"12":1,"13":1,"14":0,"15":1,"16":1,"17":1,"18":0,"19":0,"20":1,"21":1,"22":1,"23":1,"24":1,"25":1,"26":0,"27":0,"28":0,"29":1,"30":1,"31":0,"32":0,"33":0,"34":0,"35":0,"36":0,"37":0,"38":0,"39":0,"40":1,"41":1,"42":1,"43":1,"44":0,"45":1,"46":1,"47":1,"48":1,"49":0,"50":0,"51":0,"52":0,"53":0,"54":0,"55":1,"56":1,"57":1,"58":1,"59":1,"60":1,"61":0,"62":1,"63":0,"64":1,"65":0,"66":1,"67":0,"68":0,"69":1,"70":0,"71":1,"72":0,"73":0,"74":0,"75":0,"76":0,"77":0,"78":0,"79":1,"80":0,"81":0,"82":1,"83":0,"84":0,"85":1,"86":0,"87":0,"88":0,"89":0,"90":1,"91":0,"92":1,"93":0,"94":0,"95":0,"96":0,"97":0,"98":0,"99":0,"100":0,"101":0,"102":0,"103":0,"104":0,"105":0,"106":0,"107":0,"108":1,"109":0,"110":0,"111":0,"112":0,"113":0,"114":0,"115":0,"116":0,"117":1,"118":0,"119":0,"120":0,"121":0,"122":0,"123":0,"124":0,"125":1,"126":0,"127":0,"128":0,"129":0,"130":0,"131":0,"132":1,"133":0,"134":0,"135":0,"136":1,"137":0,"138":0,"139":1,"140":0,"141":1,"142":3,"143":3,"144":2,"145":3,"146":0,"147":3,"148":3,"149":3,"150":3,"151":0,"152":0,"153":0,"154":0,"155":0,"156":0,"157":0,"158":0,"159":0,"160":0,"161":0,"162":0,"163":0,"164":0,"165":0,"166":0,"167":0,"168":0,"169":0,"170":0,"171":0,"172":0,"173":0,"174":0,"175":0,"176":0,"177":0,"178":0,"179":0,"180":0,"181":0,"182":0,"183":0,"184":0,"185":0,"186":0,"187":0,"188":0,"189":0,"190":0,"191":0,"192":0,"193":0,"194":0,"195":0,"196":0,"197":1,"198":1,"199":0,"200":1,"201":1,"202":0,"203":1,"204":1,"205":0,"206":1,"207":1,"208":1,"209":1,"210":1,"211":1,"212":1,"213":1,"214":1,"215":1,"216":0,"217":0,"218":0,"219":0,"220":0,"221":0,"222":1,"223":1,"224":0,"225":0,"226":1,"227":1,"228":0,"229":0,"230":0,"231":1,"232":1,"233":0,"234":0,"235":0,"236":1,"237":1,"238":0,"239":0,"240":0,"241":1,"242":1,"243":0,"244":0,"245":1,"246":1,"247":0,"248":0,"249":1,"250":1,"251":0,"252":0,"253":0,"254":1,"255":0,"256":1,"257":0,"258":0,"259":0,"260":0,"261":0,"262":1,"263":1,"264":0,"265":0,"266":0,"267":0,"268":0,"269":2,"270":0,"271":2,"272":0,"273":2,"274":0,"275":0,"276":0,"277":2,"278":0,"279":0,"280":0,"281":0,"282":0,"283":0,"284":0,"285":0,"286":0,"287":0,"288":0,"289":0,"290":0,"291":0,"292":0,"293":0,"294":0,"295":0,"296":0,"297":0,"298":0,"299":0,"300":0,"301":0,"302":0,"303":0,"304":0,"305":0,"306":0,"307":0,"308":0,"309":0,"310":0,"311":0,"312":0,"313":0,"314":0,"315":0,"316":0,"317":0,"318":0,"319":0,"320":0,"321":0,"322":0,"323":0,"324":0,"325":0,"326":0,"327":0,"328":0,"329":0,"330":0,"331":0,"332":0,"333":0,"334":0,"335":0,"336":0,"337":0,"338":0,"339":0,"340":0,"341":0,"342":0,"343":0,"344":0,"345":0,"346":0,"347":0,"348":0,"349":0,"350":0,"351":0,"352":0,"353":0,"354":0,"355":0,"356":0,"357":0,"358":0,"359":0,"360":0,"361":0,"362":0,"363":1,"364":1,"365":1,"366":1,"367":1,"368":1,"369":0,"370":0,"371":0,"372":0,"373":0,"374":0,"375":0,"376":0,"377":0,"378":0,"379":0,"380":0,"381":1,"382":1,"383":1,"384":1,"385":1,"386":1,"387":1,"388":1,"389":1,"390":1,"391":1,"392":1,"393":1,"394":1,"395":1,"396":0,"397":0,"398":0,"399":0},"f":{"0":1,"1":1,"2":0,"3":0,"4":0,"5":0,"6":0,"7":1,"8":0,"9":0,"10":0,"11":0,"12":0,"13":0,"14":0,"15":0,"16":0,"17":0,"18":0,"19":0,"20":0,"21":0,"22":0,"23":0,"24":0,"25":1,"26":3,"27":2,"28":0,"29":0,"30":0,"31":0,"32":0,"33":0,"34":0,"35":1,"36":1,"37":1,"38":1,"39":1,"40":1,"41":1,"42":1,"43":1,"44":1,"45":1,"46":1,"47":0,"48":0,"49":0,"50":0,"51":0,"52":0,"53":2,"54":0,"55":0,"56":0,"57":0,"58":0,"59":0,"60":0,"61":0,"62":0,"63":0,"64":0,"65":0,"66":0,"67":0,"68":0,"69":0,"70":0,"71":0,"72":0,"73":0,"74":0,"75":0,"76":0,"77":0,"78":0,"79":0,"80":0,"81":0,"82":1,"83":1,"84":1,"85":0,"86":0,"87":0,"88":0,"89":0,"90":0,"91":1,"92":0,"93":0},"b":{"0":[0,1],"1":[1,0],"2":[0,0],"3":[0,0],"4":[0,0],"5":[0,0],"6":[0,0,0],"7":[0,1],"8":[0,1],"9":[0,1],"10":[0,1],"11":[0,0],"12":[0,0],"13":[0,0],"14":[0,0],"15":[0,0],"16":[0,0],"17":[0,0],"18":[0,0],"19":[0,0],"20":[0,0],"21":[0,0],"22":[0,0],"23":[0,0],"24":[0,0],"25":[0,0],"26":[0,1],"27":[3,0],"28":[0,0],"29":[0,0],"30":[3,0],"31":[0,0],"32":[0,0],"33":[0,0],"34":[0,0],"35":[0,0],"36":[0,0],"37":[0,0],"38":[0,0],"39":[0,0,0,0],"40":[0,0],"41":[0,0],"42":[0,0],"43":[0,1],"44":[1,0],"45":[0,0],"46":[0,1],"47":[0,0],"48":[0,2],"49":[0,0],"50":[0,0],"51":[0,0],"52":[0,0],"53":[0,0],"54":[0,0],"55":[0,0],"56":[0,0],"57":[0,0],"58":[0,0,0,0,0,0,0],"59":[0,0],"60":[0,0],"61":[0,0],"62":[0,0],"63":[0,0],"64":[0,0],"65":[0,0],"66":[0,0],"67":[0,0],"68":[0,0],"69":[0,0],"70":[0,0],"71":[0,0],"72":[0,0],"73":[0,0],"74":[0,0],"75":[0,0],"76":[0,0],"77":[0,0],"78":[1,0],"79":[1,0],"80":[1,0],"81":[1,0]},"meta":{"lastBranch":82,"lastFunction":94,"lastStatement":400,"seen":{"s:53:45:53:Infinity":0,"s:54:49:54:Infinity":1,"s:56:24:56:Infinity":2,"s:58:42:58:Infinity":3,"s:59:29:59:Infinity":4,"s:61:55:61:Infinity":5,"s:62:58:62:Infinity":6,"s:63:56:63:Infinity":7,"s:65:50:65:Infinity":8,"s:66:66:66:Infinity":9,"f:68:4:68:16":0,"s:69:8:69:Infinity":10,"s:70:8:70:Infinity":11,"s:71:8:71:Infinity":12,"f:74:17:74:40":1,"b:75:8:75:Infinity:undefined:undefined:undefined:undefined":0,"s:75:8:75:Infinity":13,"s:75:28:75:Infinity":14,"s:77:24:77:Infinity":15,"b:79:8:84:Infinity:81:15:84:Infinity":1,"s:79:8:84:Infinity":16,"s:80:12:80:Infinity":17,"s:82:12:82:Infinity":18,"s:83:12:83:Infinity":19,"s:86:31:86:Infinity":20,"s:87:29:87:Infinity":21,"s:88:26:88:Infinity":22,"s:89:26:89:Infinity":23,"s:91:8:91:Infinity":24,"s:94:8:98:Infinity":25,"f:94:42:94:49":2,"s:95:12:95:Infinity":26,"s:96:12:96:Infinity":27,"s:97:12:97:Infinity":28,"s:100:8:100:Infinity":29,"s:103:8:115:Infinity":30,"f:106:24:106:25":3,"s:107:16:107:Infinity":31,"s:108:16:108:Infinity":32,"s:109:16:109:Infinity":33,"b:111:16:113:Infinity:111:97:113:Infinity":2,"s:111:16:113:Infinity":34,"s:111:43:111:Infinity":35,"b:111:97:113:Infinity:112:105:113:Infinity":3,"s:111:97:113:Infinity":36,"s:112:49:112:Infinity":37,"b:112:105:113:Infinity:undefined:undefined:undefined:undefined":4,"s:112:105:113:Infinity":38,"s:113:49:113:Infinity":39,"s:117:8:117:Infinity":40,"s:118:8:118:Infinity":41,"s:120:8:120:Infinity":42,"s:123:8:125:Infinity":43,"f:123:41:123:42":4,"s:124:12:124:Infinity":44,"s:127:8:172:Infinity":45,"s:130:12:135:Infinity":46,"s:137:12:137:Infinity":47,"s:141:12:151:Infinity":48,"f:141:74:141:75":5,"s:142:16:150:Infinity":49,"f:142:22:142:34":6,"s:143:20:149:Infinity":50,"s:144:41:144:Infinity":51,"b:145:24:147:Infinity:undefined:undefined:undefined:undefined":5,"s:145:24:147:Infinity":52,"b:145:28:145:69:145:69:145:100:145:100:145:121":6,"s:146:28:146:Infinity":53,"s:148:24:148:Infinity":54,"s:154:12:154:Infinity":55,"s:156:12:156:Infinity":56,"s:158:12:158:Infinity":57,"s:159:12:159:Infinity":58,"s:162:12:162:Infinity":59,"b:164:12:164:Infinity:undefined:undefined:undefined:undefined":7,"s:164:12:164:Infinity":60,"s:164:58:164:Infinity":61,"b:165:12:165:Infinity:undefined:undefined:undefined:undefined":8,"s:165:12:165:Infinity":62,"s:165:61:165:Infinity":63,"b:166:12:166:Infinity:undefined:undefined:undefined:undefined":9,"s:166:12:166:Infinity":64,"s:166:53:166:Infinity":65,"s:168:12:168:Infinity":66,"s:170:12:170:Infinity":67,"s:171:12:171:Infinity":68,"f:175:12:175:38":7,"b:176:8:176:Infinity:undefined:undefined:undefined:undefined":10,"s:176:8:176:Infinity":69,"s:176:26:176:Infinity":70,"s:179:8:188:Infinity":71,"f:179:114:179:121":8,"s:180:32:180:Infinity":72,"b:181:12:181:Infinity:undefined:undefined:undefined:undefined":11,"s:181:12:181:Infinity":73,"b:181:16:181:28:181:28:181:53":12,"s:181:53:181:Infinity":74,"s:182:12:186:Infinity":75,"b:183:16:185:Infinity:undefined:undefined:undefined:undefined":13,"s:183:16:185:Infinity":76,"b:183:20:183:34:183:34:183:64":14,"s:184:20:184:Infinity":77,"s:187:12:187:Infinity":78,"s:190:8:192:Infinity":79,"f:190:50:190:62":9,"s:191:12:191:Infinity":80,"f:191:60:191:65":10,"s:191:65:191:77":81,"s:194:8:201:Infinity":82,"f:194:39:194:40":11,"s:195:29:195:Infinity":83,"s:196:12:200:Infinity":84,"b:197:20:197:49:197:49:197:Infinity":15,"b:198:22:198:63:198:63:198:Infinity":16,"b:199:20:199:49:199:49:199:Infinity":17,"s:203:8:210:Infinity":85,"f:203:40:203:41":12,"s:204:12:209:Infinity":86,"f:205:57:205:63":13,"s:205:63:205:80":87,"f:206:59:206:65":14,"s:206:65:206:82":88,"f:207:65:207:71":15,"s:207:71:207:104":89,"s:212:8:214:Infinity":90,"f:212:41:212:42":16,"s:213:12:213:Infinity":91,"s:216:8:231:Infinity":92,"f:216:67:216:74":17,"s:217:47:217:Infinity":93,"s:218:28:218:Infinity":94,"b:219:12:219:Infinity:undefined:undefined:undefined:undefined":18,"s:219:12:219:Infinity":95,"s:219:57:219:Infinity":96,"s:220:29:220:Infinity":97,"s:221:30:221:Infinity":98,"s:222:29:222:Infinity":99,"b:222:79:222:90:222:90:222:108":19,"b:223:12:223:Infinity:undefined:undefined:undefined:undefined":20,"s:223:12:223:Infinity":100,"s:223:49:223:Infinity":101,"b:224:12:224:Infinity:undefined:undefined:undefined:undefined":21,"s:224:12:224:Infinity":102,"s:224:43:224:Infinity":103,"s:225:12:230:Infinity":104,"s:226:16:226:Infinity":105,"s:227:16:227:Infinity":106,"s:229:16:229:Infinity":107,"s:233:8:239:Infinity":108,"f:233:74:233:75":18,"s:234:28:234:Infinity":109,"b:235:12:235:Infinity:undefined:undefined:undefined:undefined":22,"s:235:12:235:Infinity":110,"s:235:57:235:Infinity":111,"s:236:30:236:Infinity":112,"b:237:12:237:Infinity:undefined:undefined:undefined:undefined":23,"s:237:12:237:Infinity":113,"s:237:43:237:Infinity":114,"s:238:12:238:Infinity":115,"f:238:63:238:68":19,"s:238:68:238:87":116,"s:241:8:247:Infinity":117,"f:241:72:241:73":20,"s:242:28:242:Infinity":118,"b:243:12:243:Infinity:undefined:undefined:undefined:undefined":24,"s:243:12:243:Infinity":119,"s:243:57:243:Infinity":120,"s:244:29:244:Infinity":121,"b:245:12:245:Infinity:undefined:undefined:undefined:undefined":25,"s:245:12:245:Infinity":122,"s:245:42:245:Infinity":123,"s:246:12:246:Infinity":124,"s:249:8:255:Infinity":125,"f:249:65:249:72":21,"s:250:50:250:Infinity":126,"s:251:28:251:Infinity":127,"s:252:12:252:Infinity":128,"f:252:25:252:32":22,"s:252:32:252:51":129,"s:253:12:253:Infinity":130,"s:254:12:254:Infinity":131,"s:257:8:261:Infinity":132,"f:257:67:257:74":23,"s:258:44:258:Infinity":133,"s:259:12:259:Infinity":134,"s:260:12:260:Infinity":135,"s:263:8:266:Infinity":136,"f:263:77:263:84":24,"s:264:12:264:Infinity":137,"s:265:12:265:Infinity":138,"f:269:12:269:43":25,"b:270:8:270:Infinity:undefined:undefined:undefined:undefined":26,"s:270:8:270:Infinity":139,"s:270:32:270:Infinity":140,"s:272:29:367:Infinity":141,"f:272:29:272:41":26,"b:273:12:276:Infinity:undefined:undefined:undefined:undefined":27,"s:273:12:276:Infinity":142,"s:274:16:274:Infinity":143,"f:274:48:274:54":27,"s:274:56:274:77":144,"s:275:16:275:Infinity":145,"s:279:26:279:Infinity":146,"b:279:38:279:78:279:78:279:80":28,"s:280:29:280:Infinity":147,"s:282:30:282:Infinity":148,"s:284:26:284:Infinity":149,"b:286:12:362:Infinity:305:19:362:Infinity":29,"s:286:12:362:Infinity":150,"b:286:16:286:38:286:38:286:58":30,"s:288:29:288:Infinity":151,"s:289:16:304:Infinity":152,"s:290:36:290:Infinity":153,"s:291:36:291:Infinity":154,"s:292:35:292:Infinity":155,"s:293:20:293:Infinity":156,"s:295:32:295:Infinity":157,"b:295:55:295:69:295:69:295:Infinity":31,"b:297:20:303:Infinity:299:20:303:Infinity":32,"s:297:20:303:Infinity":158,"b:297:24:297:67:297:67:297:104":33,"s:298:24:298:Infinity":159,"b:299:20:303:Infinity:301:27:303:Infinity":34,"s:299:20:303:Infinity":160,"b:299:31:299:74:299:74:299:111":35,"s:300:24:300:Infinity":161,"s:302:24:302:Infinity":162,"s:307:101:307:Infinity":163,"s:308:45:308:Infinity":164,"s:310:16:324:Infinity":165,"f:310:30:310:31":28,"b:311:20:323:Infinity:317:27:323:Infinity":36,"s:311:20:323:Infinity":166,"s:313:24:316:Infinity":167,"f:313:46:313:51":29,"s:314:28:314:Infinity":168,"s:315:28:315:Infinity":169,"s:318:24:321:Infinity":170,"s:322:24:322:Infinity":171,"s:326:16:361:Infinity":172,"s:327:36:330:Infinity":173,"s:333:38:333:Infinity":174,"f:333:77:333:83":30,"s:333:83:333:98":175,"s:334:20:337:Infinity":176,"f:334:36:334:37":31,"s:335:41:335:Infinity":177,"s:336:24:336:Infinity":178,"s:339:20:358:Infinity":179,"f:339:34:339:35":32,"s:340:40:340:Infinity":180,"b:341:24:357:Infinity:343:31:357:Infinity":37,"s:341:24:357:Infinity":181,"s:342:28:342:Infinity":182,"s:344:40:344:Infinity":183,"b:346:28:356:Infinity:351:28:356:Infinity":38,"s:346:28:356:Infinity":184,"b:346:32:346:Infinity:347:33:347:76:347:76:347:Infinity:348:32:348:76":39,"b:349:32:350:Infinity:350:37:350:Infinity":40,"s:349:32:350:Infinity":185,"s:349:77:349:Infinity":186,"s:350:37:350:Infinity":187,"b:351:28:356:Infinity:353:35:356:Infinity":41,"s:351:28:356:Infinity":188,"s:352:32:352:Infinity":189,"b:352:53:352:66:352:66:352:122":42,"s:355:32:355:Infinity":190,"s:360:20:360:Infinity":191,"f:360:34:360:42":33,"s:360:42:360:67":192,"s:364:28:364:Infinity":193,"s:365:29:365:Infinity":194,"s:366:12:366:Infinity":195,"f:366:44:366:50":34,"s:366:52:366:73":196,"s:369:8:369:Infinity":197,"f:372:18:372:66":35,"b:373:8:373:Infinity:undefined:undefined:undefined:undefined":43,"s:373:8:373:Infinity":198,"s:373:28:373:Infinity":199,"s:376:8:380:Infinity":200,"f:376:14:376:26":36,"s:377:12:379:Infinity":201,"s:378:16:378:Infinity":202,"s:383:8:387:Infinity":203,"f:383:14:383:26":37,"s:384:12:386:Infinity":204,"s:385:16:385:Infinity":205,"s:389:8:473:Infinity":206,"s:390:12:390:Infinity":207,"s:393:30:393:Infinity":208,"b:394:12:398:Infinity:undefined:undefined:undefined:undefined":44,"s:394:12:398:Infinity":209,"s:395:29:395:Infinity":210,"s:396:16:396:Infinity":211,"s:397:16:397:Infinity":212,"s:400:12:400:Infinity":213,"s:402:12:411:Infinity":214,"f:402:18:402:30":38,"s:403:16:410:Infinity":215,"s:404:34:404:Infinity":216,"s:405:33:405:Infinity":217,"s:406:20:406:Infinity":218,"s:407:20:407:Infinity":219,"b:407:63:407:76:407:76:407:86":45,"s:408:20:408:Infinity":220,"s:409:20:409:Infinity":221,"s:413:12:418:Infinity":222,"f:413:18:413:30":39,"s:414:16:417:Infinity":223,"s:415:34:415:Infinity":224,"s:416:20:416:Infinity":225,"s:420:12:432:Infinity":226,"f:420:18:420:30":40,"s:421:16:431:Infinity":227,"s:422:34:422:Infinity":228,"s:423:36:423:Infinity":229,"s:424:20:430:Infinity":230,"s:434:12:440:Infinity":231,"f:434:18:434:30":41,"s:435:16:439:Infinity":232,"s:436:34:436:Infinity":233,"s:437:20:437:Infinity":234,"s:438:20:438:Infinity":235,"s:443:12:449:Infinity":236,"f:443:18:443:30":42,"s:444:16:448:Infinity":237,"s:445:20:445:Infinity":238,"s:446:20:446:Infinity":239,"s:447:20:447:Infinity":240,"s:452:12:457:Infinity":241,"f:452:18:452:30":43,"s:453:16:456:Infinity":242,"s:454:20:454:Infinity":243,"s:455:20:455:Infinity":244,"s:459:12:464:Infinity":245,"f:459:18:459:30":44,"s:460:16:463:Infinity":246,"s:461:20:461:Infinity":247,"s:462:20:462:Infinity":248,"s:466:12:472:Infinity":249,"f:466:18:466:30":45,"s:467:16:471:Infinity":250,"s:468:20:468:Infinity":251,"s:469:20:469:Infinity":252,"s:470:20:470:Infinity":253,"f:480:18:480:40":46,"b:481:8:481:Infinity:undefined:undefined:undefined:undefined":46,"s:481:8:481:Infinity":254,"s:481:28:481:Infinity":255,"s:483:28:488:Infinity":256,"f:484:51:484:56":47,"s:484:56:484:75":257,"f:485:52:485:57":48,"s:485:57:485:77":258,"f:486:55:486:60":49,"s:486:60:486:82":259,"f:487:54:487:59":50,"s:487:59:487:68":260,"f:487:74:487:79":51,"s:487:79:487:98":261,"s:490:8:490:Infinity":262,"s:492:8:502:Infinity":263,"s:493:12:501:Infinity":264,"f:493:18:493:30":52,"s:494:32:494:Infinity":265,"b:495:16:500:Infinity:undefined:undefined:undefined:undefined":47,"s:495:16:500:Infinity":266,"s:496:20:499:Infinity":267,"s:498:24:498:Infinity":268,"f:505:12:505:41":53,"b:506:8:506:Infinity:undefined:undefined:undefined:undefined":48,"s:506:8:506:Infinity":269,"s:506:28:506:Infinity":270,"s:508:24:515:Infinity":271,"f:508:65:508:66":54,"s:509:12:514:Infinity":272,"b:512:22:512:66:512:66:512:Infinity":49,"s:518:8:527:Infinity":273,"f:523:55:523:60":55,"s:523:60:523:79":274,"f:524:56:524:61":56,"s:524:61:524:81":275,"f:525:59:525:64":57,"s:525:64:525:86":276,"s:529:8:529:Infinity":277,"f:532:12:532:34":58,"b:533:8:533:Infinity:undefined:undefined:undefined:undefined":50,"s:533:8:533:Infinity":278,"s:533:19:533:Infinity":279,"b:535:8:558:Infinity:548:8:558:Infinity":51,"s:535:8:558:Infinity":280,"s:536:31:536:Infinity":281,"s:537:28:537:Infinity":282,"b:539:12:547:Infinity:undefined:undefined:undefined:undefined":52,"s:539:12:547:Infinity":283,"b:539:16:539:27:539:27:539:44":53,"s:540:32:540:Infinity":284,"b:541:16:545:Infinity:543:16:545:Infinity":54,"s:541:16:545:Infinity":285,"s:542:20:542:Infinity":286,"f:542:41:542:48":59,"s:542:48:542:96":287,"b:543:16:545:Infinity:undefined:undefined:undefined:undefined":55,"s:543:16:545:Infinity":288,"s:544:20:544:Infinity":289,"s:546:16:546:Infinity":290,"b:548:8:558:Infinity:551:8:558:Infinity":56,"s:548:8:558:Infinity":291,"s:549:31:549:Infinity":292,"s:550:12:550:Infinity":293,"b:551:8:558:Infinity:undefined:undefined:undefined:undefined":57,"s:551:8:558:Infinity":294,"b:551:19:551:50:551:50:551:78:551:78:551:Infinity:552:19:552:50:552:50:552:83:552:83:552:Infinity:553:19:553:46":58,"s:554:12:554:Infinity":295,"b:555:12:557:Infinity:undefined:undefined:undefined:undefined":59,"s:555:12:557:Infinity":296,"s:556:16:556:Infinity":297,"f:561:11:561:29":60,"s:563:8:563:Infinity":298,"s:565:8:565:Infinity":299,"f:568:11:568:31":61,"s:569:21:569:Infinity":300,"s:570:8:570:Infinity":301,"f:573:11:573:32":62,"s:574:21:574:Infinity":302,"s:575:8:575:Infinity":303,"f:578:11:578:33":63,"s:579:8:579:Infinity":304,"f:582:11:582:36":64,"s:583:8:583:Infinity":305,"f:586:11:586:33":65,"s:587:49:587:Infinity":306,"b:588:8:590:Infinity:588:48:590:Infinity":60,"s:588:8:590:Infinity":307,"s:588:34:588:Infinity":308,"b:588:48:590:Infinity:590:13:590:Infinity":61,"s:588:48:590:Infinity":309,"s:589:39:589:Infinity":310,"s:590:13:590:Infinity":311,"s:592:24:592:Infinity":312,"b:592:47:592:61:592:61:592:Infinity":62,"b:592:84:592:97:592:97:592:Infinity":63,"s:593:8:593:Infinity":313,"f:596:11:596:35":66,"s:597:8:597:Infinity":314,"f:600:11:600:37":67,"s:601:8:601:Infinity":315,"f:604:11:604:34":68,"s:605:8:605:Infinity":316,"f:608:11:608:31":69,"s:609:8:609:Infinity":317,"f:612:11:612:31":70,"s:613:8:613:Infinity":318,"f:618:17:618:52":71,"b:619:8:619:Infinity:undefined:undefined:undefined:undefined":64,"s:619:8:619:Infinity":319,"s:619:38:619:Infinity":320,"s:620:24:620:Infinity":321,"b:621:8:621:Infinity:undefined:undefined:undefined:undefined":65,"s:621:8:621:Infinity":322,"s:621:53:621:Infinity":323,"s:622:27:622:Infinity":324,"s:623:20:623:Infinity":325,"s:624:21:630:Infinity":326,"b:627:56:627:62:627:62:627:Infinity":66,"b:628:54:628:60:628:60:628:Infinity":67,"b:629:54:629:60:629:60:629:Infinity":68,"s:631:8:631:Infinity":327,"b:631:41:631:76:631:76:631:87":69,"s:632:8:632:Infinity":328,"f:635:17:635:55":72,"b:636:8:636:Infinity:undefined:undefined:undefined:undefined":70,"s:636:8:636:Infinity":329,"s:636:41:636:Infinity":330,"s:637:24:637:Infinity":331,"b:638:8:638:Infinity:undefined:undefined:undefined:undefined":71,"s:638:8:638:Infinity":332,"s:638:53:638:Infinity":333,"s:639:27:639:Infinity":334,"s:640:20:640:Infinity":335,"s:641:21:641:Infinity":336,"b:641:94:641:100:641:100:641:103":72,"s:642:8:642:Infinity":337,"b:642:44:642:79:642:79:642:90":73,"s:643:8:643:Infinity":338,"f:646:17:646:53":73,"b:647:8:647:Infinity:undefined:undefined:undefined:undefined":74,"s:647:8:647:Infinity":339,"s:647:39:647:Infinity":340,"s:648:24:648:Infinity":341,"b:649:8:649:Infinity:undefined:undefined:undefined:undefined":75,"s:649:8:649:Infinity":342,"s:649:53:649:Infinity":343,"s:650:27:650:Infinity":344,"s:651:22:651:Infinity":345,"b:652:8:652:Infinity:undefined:undefined:undefined:undefined":76,"s:652:8:652:Infinity":346,"s:652:39:652:Infinity":347,"s:653:20:653:Infinity":348,"s:654:8:654:Infinity":349,"b:654:42:654:77:654:77:654:88":77,"s:655:8:655:Infinity":350,"s:658:8:665:Infinity":351,"f:658:46:658:52":74,"s:659:12:664:Infinity":352,"f:659:23:659:29":75,"s:660:16:663:Infinity":353,"f:662:68:662:73":76,"s:662:73:662:82":354,"f:668:12:668:32":77,"s:669:8:669:Infinity":355,"f:669:35:669:36":78,"s:669:45:669:78":356,"s:670:8:670:Infinity":357,"f:670:35:670:36":79,"s:670:45:670:84":358,"s:671:8:671:Infinity":359,"f:671:28:671:29":80,"s:671:38:671:96":360,"s:672:8:672:Infinity":361,"f:672:28:672:29":81,"s:672:37:672:85":362,"f:675:11:675:36":82,"s:675:38:675:72":363,"s:675:72:675:105":364,"f:676:11:676:39":83,"s:676:41:676:78":365,"s:676:78:676:114":366,"f:677:11:677:37":84,"s:677:39:677:74":367,"s:677:74:677:108":368,"f:679:17:679:54":85,"s:679:56:679:81":369,"s:679:81:679:125":370,"f:679:99:679:104":86,"s:679:104:679:122":371,"s:679:125:679:157":372,"f:680:17:680:57":87,"s:680:59:680:87":373,"s:680:87:680:131":374,"f:680:105:680:110":88,"s:680:110:680:128":375,"s:680:131:680:166":376,"f:681:17:681:55":89,"s:681:57:681:83":377,"s:681:83:681:127":378,"f:681:101:681:106":90,"s:681:106:681:124":379,"s:681:127:681:160":380,"f:683:17:683:39":91,"s:684:8:684:Infinity":381,"s:685:8:685:Infinity":382,"s:686:8:686:Infinity":383,"b:688:8:691:Infinity:undefined:undefined:undefined:undefined":78,"s:688:8:691:Infinity":384,"s:689:12:689:Infinity":385,"s:690:12:690:Infinity":386,"b:693:8:696:Infinity:undefined:undefined:undefined:undefined":79,"s:693:8:696:Infinity":387,"s:694:12:694:Infinity":388,"s:695:12:695:Infinity":389,"b:698:8:703:Infinity:undefined:undefined:undefined:undefined":80,"s:698:8:703:Infinity":390,"b:699:12:699:Infinity:undefined:undefined:undefined:undefined":81,"s:699:12:699:Infinity":391,"s:699:32:699:Infinity":392,"s:700:12:700:Infinity":393,"s:701:12:701:Infinity":394,"s:702:12:702:Infinity":395,"f:706:17:706:25":92,"s:707:8:707:Infinity":396,"s:708:8:708:Infinity":397,"s:709:8:709:Infinity":398,"f:712:11:712:28":93,"s:712:30:712:70":399}}}
}
