{"/Users/jonwood/Github_local_dev/slides-studio-plugin-socketcluster/apps/rule_engine/ruleEngineCore.js": {"path":"/Users/jonwood/Github_local_dev/slides-studio-plugin-socketcluster/apps/rule_engine/ruleEngineCore.js","statementMap":{"0":{"start":{"line":12,"column":4},"end":{"line":12,"column":null}},"1":{"start":{"line":12,"column":25},"end":{"line":12,"column":null}},"2":{"start":{"line":13,"column":4},"end":{"line":15,"column":null}},"3":{"start":{"line":14,"column":8},"end":{"line":14,"column":null}},"4":{"start":{"line":17,"column":4},"end":{"line":21,"column":null}},"5":{"start":{"line":18,"column":8},"end":{"line":20,"column":null}},"6":{"start":{"line":19,"column":12},"end":{"line":19,"column":null}},"7":{"start":{"line":22,"column":4},"end":{"line":22,"column":null}},"8":{"start":{"line":32,"column":4},"end":{"line":32,"column":null}},"9":{"start":{"line":32,"column":25},"end":{"line":32,"column":null}},"10":{"start":{"line":33,"column":4},"end":{"line":35,"column":null}},"11":{"start":{"line":34,"column":8},"end":{"line":34,"column":null}},"12":{"start":{"line":37,"column":23},"end":{"line":37,"column":42}},"13":{"start":{"line":38,"column":21},"end":{"line":38,"column":38}},"14":{"start":{"line":40,"column":4},"end":{"line":40,"column":null}},"15":{"start":{"line":40,"column":47},"end":{"line":40,"column":null}},"16":{"start":{"line":42,"column":4},"end":{"line":46,"column":null}},"17":{"start":{"line":43,"column":8},"end":{"line":45,"column":null}},"18":{"start":{"line":44,"column":12},"end":{"line":44,"column":null}},"19":{"start":{"line":47,"column":4},"end":{"line":47,"column":null}},"20":{"start":{"line":56,"column":20},"end":{"line":56,"column":65}},"21":{"start":{"line":57,"column":20},"end":{"line":57,"column":68}},"22":{"start":{"line":58,"column":4},"end":{"line":58,"column":null}},"23":{"start":{"line":69,"column":21},"end":{"line":69,"column":81}},"24":{"start":{"line":70,"column":47},"end":{"line":70,"column":55}},"25":{"start":{"line":72,"column":4},"end":{"line":72,"column":null}},"26":{"start":{"line":72,"column":76},"end":{"line":72,"column":null}},"27":{"start":{"line":75,"column":4},"end":{"line":79,"column":null}},"28":{"start":{"line":76,"column":28},"end":{"line":76,"column":82}},"29":{"start":{"line":77,"column":22},"end":{"line":77,"column":92}},"30":{"start":{"line":78,"column":8},"end":{"line":78,"column":null}},"31":{"start":{"line":81,"column":4},"end":{"line":96,"column":null}},"32":{"start":{"line":82,"column":23},"end":{"line":82,"column":82}},"33":{"start":{"line":84,"column":8},"end":{"line":89,"column":null}},"34":{"start":{"line":85,"column":12},"end":{"line":85,"column":null}},"35":{"start":{"line":88,"column":12},"end":{"line":88,"column":null}},"36":{"start":{"line":91,"column":28},"end":{"line":91,"column":82}},"37":{"start":{"line":92,"column":8},"end":{"line":94,"column":null}},"38":{"start":{"line":93,"column":12},"end":{"line":93,"column":null}},"39":{"start":{"line":95,"column":8},"end":{"line":95,"column":null}},"40":{"start":{"line":108,"column":20},"end":{"line":108,"column":41}},"41":{"start":{"line":109,"column":16},"end":{"line":109,"column":26}},"42":{"start":{"line":110,"column":30},"end":{"line":110,"column":50}},"43":{"start":{"line":113,"column":27},"end":{"line":113,"column":66}},"44":{"start":{"line":115,"column":4},"end":{"line":115,"column":null}},"45":{"start":{"line":117,"column":4},"end":{"line":117,"column":null}},"46":{"start":{"line":117,"column":18},"end":{"line":117,"column":null}},"47":{"start":{"line":120,"column":4},"end":{"line":124,"column":null}},"48":{"start":{"line":121,"column":8},"end":{"line":121,"column":null}},"49":{"start":{"line":121,"column":29},"end":{"line":121,"column":null}},"50":{"start":{"line":122,"column":11},"end":{"line":124,"column":null}},"51":{"start":{"line":123,"column":8},"end":{"line":123,"column":null}},"52":{"start":{"line":123,"column":76},"end":{"line":123,"column":null}},"53":{"start":{"line":126,"column":4},"end":{"line":126,"column":null}},"54":{"start":{"line":127,"column":4},"end":{"line":129,"column":null}},"55":{"start":{"line":128,"column":8},"end":{"line":128,"column":null}},"56":{"start":{"line":130,"column":4},"end":{"line":130,"column":null}},"57":{"start":{"line":140,"column":20},"end":{"line":142,"column":5}},"58":{"start":{"line":144,"column":4},"end":{"line":162,"column":null}},"59":{"start":{"line":145,"column":60},"end":{"line":145,"column":66}},"60":{"start":{"line":146,"column":8},"end":{"line":146,"column":null}},"61":{"start":{"line":146,"column":22},"end":{"line":146,"column":null}},"62":{"start":{"line":149,"column":8},"end":{"line":153,"column":null}},"63":{"start":{"line":150,"column":12},"end":{"line":150,"column":null}},"64":{"start":{"line":152,"column":12},"end":{"line":152,"column":null}},"65":{"start":{"line":155,"column":8},"end":{"line":161,"column":null}},"66":{"start":{"line":156,"column":12},"end":{"line":158,"column":null}},"67":{"start":{"line":157,"column":16},"end":{"line":157,"column":null}},"68":{"start":{"line":160,"column":12},"end":{"line":160,"column":null}},"69":{"start":{"line":174,"column":4},"end":{"line":174,"column":null}}},"fnMap":{"0":{"name":"partialMatch","decl":{"start":{"line":11,"column":16},"end":{"line":11,"column":28}},"loc":{"start":{"line":11,"column":43},"end":{"line":23,"column":null}},"line":11},"1":{"name":"exactMatch","decl":{"start":{"line":31,"column":16},"end":{"line":31,"column":26}},"loc":{"start":{"line":31,"column":41},"end":{"line":48,"column":null}},"line":31},"2":{"name":"wildcardToRegex","decl":{"start":{"line":55,"column":9},"end":{"line":55,"column":24}},"loc":{"start":{"line":55,"column":35},"end":{"line":59,"column":null}},"line":55},"3":{"name":"matchRule","decl":{"start":{"line":67,"column":16},"end":{"line":67,"column":25}},"loc":{"start":{"line":67,"column":38},"end":{"line":97,"column":null}},"line":67},"4":{"name":"checkRule","decl":{"start":{"line":107,"column":16},"end":{"line":107,"column":25}},"loc":{"start":{"line":107,"column":55},"end":{"line":131,"column":null}},"line":107},"5":{"name":"executeActions","decl":{"start":{"line":139,"column":16},"end":{"line":139,"column":30}},"loc":{"start":{"line":139,"column":68},"end":{"line":163,"column":null}},"line":139},"6":{"name":"(anonymous_6)","decl":{"start":{"line":144,"column":20},"end":{"line":144,"column":26}},"loc":{"start":{"line":144,"column":30},"end":{"line":162,"column":5}},"line":144},"7":{"name":"(anonymous_7)","decl":{"start":{"line":156,"column":23},"end":{"line":156,"column":24}},"loc":{"start":{"line":156,"column":29},"end":{"line":158,"column":13}},"line":156},"8":{"name":"processRuleTrigger","decl":{"start":{"line":173,"column":16},"end":{"line":173,"column":34}},"loc":{"start":{"line":173,"column":64},"end":{"line":175,"column":null}},"line":173}},"branchMap":{"0":{"loc":{"start":{"line":12,"column":4},"end":{"line":12,"column":null}},"type":"if","locations":[{"start":{"line":12,"column":4},"end":{"line":12,"column":null}},{"start":{},"end":{}}],"line":12},"1":{"loc":{"start":{"line":13,"column":4},"end":{"line":15,"column":null}},"type":"if","locations":[{"start":{"line":13,"column":4},"end":{"line":15,"column":null}},{"start":{},"end":{}}],"line":13},"2":{"loc":{"start":{"line":13,"column":8},"end":{"line":13,"column":98}},"type":"binary-expr","locations":[{"start":{"line":13,"column":8},"end":{"line":13,"column":34}},{"start":{"line":13,"column":38},"end":{"line":13,"column":53}},{"start":{"line":13,"column":57},"end":{"line":13,"column":81}},{"start":{"line":13,"column":85},"end":{"line":13,"column":98}}],"line":13},"3":{"loc":{"start":{"line":18,"column":8},"end":{"line":20,"column":null}},"type":"if","locations":[{"start":{"line":18,"column":8},"end":{"line":20,"column":null}},{"start":{},"end":{}}],"line":18},"4":{"loc":{"start":{"line":18,"column":12},"end":{"line":18,"column":67}},"type":"binary-expr","locations":[{"start":{"line":18,"column":12},"end":{"line":18,"column":26}},{"start":{"line":18,"column":30},"end":{"line":18,"column":67}}],"line":18},"5":{"loc":{"start":{"line":32,"column":4},"end":{"line":32,"column":null}},"type":"if","locations":[{"start":{"line":32,"column":4},"end":{"line":32,"column":null}},{"start":{},"end":{}}],"line":32},"6":{"loc":{"start":{"line":33,"column":4},"end":{"line":35,"column":null}},"type":"if","locations":[{"start":{"line":33,"column":4},"end":{"line":35,"column":null}},{"start":{},"end":{}}],"line":33},"7":{"loc":{"start":{"line":33,"column":8},"end":{"line":33,"column":98}},"type":"binary-expr","locations":[{"start":{"line":33,"column":8},"end":{"line":33,"column":34}},{"start":{"line":33,"column":38},"end":{"line":33,"column":53}},{"start":{"line":33,"column":57},"end":{"line":33,"column":81}},{"start":{"line":33,"column":85},"end":{"line":33,"column":98}}],"line":33},"8":{"loc":{"start":{"line":40,"column":4},"end":{"line":40,"column":null}},"type":"if","locations":[{"start":{"line":40,"column":4},"end":{"line":40,"column":null}},{"start":{},"end":{}}],"line":40},"9":{"loc":{"start":{"line":43,"column":8},"end":{"line":45,"column":null}},"type":"if","locations":[{"start":{"line":43,"column":8},"end":{"line":45,"column":null}},{"start":{},"end":{}}],"line":43},"10":{"loc":{"start":{"line":69,"column":21},"end":{"line":69,"column":81}},"type":"binary-expr","locations":[{"start":{"line":69,"column":21},"end":{"line":69,"column":28}},{"start":{"line":69,"column":32},"end":{"line":69,"column":81}}],"line":69},"11":{"loc":{"start":{"line":70,"column":21},"end":{"line":70,"column":42}},"type":"default-arg","locations":[{"start":{"line":70,"column":33},"end":{"line":70,"column":42}}],"line":70},"12":{"loc":{"start":{"line":72,"column":4},"end":{"line":72,"column":null}},"type":"if","locations":[{"start":{"line":72,"column":4},"end":{"line":72,"column":null}},{"start":{},"end":{}}],"line":72},"13":{"loc":{"start":{"line":72,"column":8},"end":{"line":72,"column":74}},"type":"binary-expr","locations":[{"start":{"line":72,"column":8},"end":{"line":72,"column":16}},{"start":{"line":72,"column":21},"end":{"line":72,"column":48}},{"start":{"line":72,"column":52},"end":{"line":72,"column":73}}],"line":72},"14":{"loc":{"start":{"line":75,"column":4},"end":{"line":79,"column":null}},"type":"if","locations":[{"start":{"line":75,"column":4},"end":{"line":79,"column":null}},{"start":{},"end":{}}],"line":75},"15":{"loc":{"start":{"line":75,"column":8},"end":{"line":75,"column":57}},"type":"binary-expr","locations":[{"start":{"line":75,"column":8},"end":{"line":75,"column":29}},{"start":{"line":75,"column":33},"end":{"line":75,"column":57}}],"line":75},"16":{"loc":{"start":{"line":76,"column":28},"end":{"line":76,"column":82}},"type":"cond-expr","locations":[{"start":{"line":76,"column":55},"end":{"line":76,"column":59}},{"start":{"line":76,"column":62},"end":{"line":76,"column":82}}],"line":76},"17":{"loc":{"start":{"line":77,"column":22},"end":{"line":77,"column":92}},"type":"cond-expr","locations":[{"start":{"line":77,"column":46},"end":{"line":77,"column":65}},{"start":{"line":77,"column":68},"end":{"line":77,"column":92}}],"line":77},"18":{"loc":{"start":{"line":82,"column":23},"end":{"line":82,"column":82}},"type":"cond-expr","locations":[{"start":{"line":82,"column":53},"end":{"line":82,"column":72}},{"start":{"line":82,"column":75},"end":{"line":82,"column":82}}],"line":82},"19":{"loc":{"start":{"line":84,"column":8},"end":{"line":89,"column":null}},"type":"if","locations":[{"start":{"line":84,"column":8},"end":{"line":89,"column":null}},{"start":{"line":86,"column":15},"end":{"line":89,"column":null}}],"line":84},"20":{"loc":{"start":{"line":91,"column":28},"end":{"line":91,"column":82}},"type":"cond-expr","locations":[{"start":{"line":91,"column":55},"end":{"line":91,"column":59}},{"start":{"line":91,"column":62},"end":{"line":91,"column":82}}],"line":91},"21":{"loc":{"start":{"line":92,"column":8},"end":{"line":94,"column":null}},"type":"if","locations":[{"start":{"line":92,"column":8},"end":{"line":94,"column":null}},{"start":{},"end":{}}],"line":92},"22":{"loc":{"start":{"line":117,"column":4},"end":{"line":117,"column":null}},"type":"if","locations":[{"start":{"line":117,"column":4},"end":{"line":117,"column":null}},{"start":{},"end":{}}],"line":117},"23":{"loc":{"start":{"line":120,"column":4},"end":{"line":124,"column":null}},"type":"if","locations":[{"start":{"line":120,"column":4},"end":{"line":124,"column":null}},{"start":{"line":122,"column":11},"end":{"line":124,"column":null}}],"line":120},"24":{"loc":{"start":{"line":121,"column":8},"end":{"line":121,"column":null}},"type":"if","locations":[{"start":{"line":121,"column":8},"end":{"line":121,"column":null}},{"start":{},"end":{}}],"line":121},"25":{"loc":{"start":{"line":122,"column":11},"end":{"line":124,"column":null}},"type":"if","locations":[{"start":{"line":122,"column":11},"end":{"line":124,"column":null}},{"start":{},"end":{}}],"line":122},"26":{"loc":{"start":{"line":123,"column":8},"end":{"line":123,"column":null}},"type":"if","locations":[{"start":{"line":123,"column":8},"end":{"line":123,"column":null}},{"start":{},"end":{}}],"line":123},"27":{"loc":{"start":{"line":123,"column":19},"end":{"line":123,"column":45}},"type":"binary-expr","locations":[{"start":{"line":123,"column":19},"end":{"line":123,"column":40}},{"start":{"line":123,"column":44},"end":{"line":123,"column":45}}],"line":123},"28":{"loc":{"start":{"line":123,"column":50},"end":{"line":123,"column":73}},"type":"binary-expr","locations":[{"start":{"line":123,"column":50},"end":{"line":123,"column":68}},{"start":{"line":123,"column":72},"end":{"line":123,"column":73}}],"line":123},"29":{"loc":{"start":{"line":127,"column":4},"end":{"line":129,"column":null}},"type":"if","locations":[{"start":{"line":127,"column":4},"end":{"line":129,"column":null}},{"start":{},"end":{}}],"line":127},"30":{"loc":{"start":{"line":140,"column":20},"end":{"line":142,"column":5}},"type":"binary-expr","locations":[{"start":{"line":140,"column":20},"end":{"line":140,"column":29}},{"start":{"line":140,"column":33},"end":{"line":142,"column":5}}],"line":140},"31":{"loc":{"start":{"line":145,"column":46},"end":{"line":145,"column":55}},"type":"default-arg","locations":[{"start":{"line":145,"column":54},"end":{"line":145,"column":55}}],"line":145},"32":{"loc":{"start":{"line":146,"column":8},"end":{"line":146,"column":null}},"type":"if","locations":[{"start":{"line":146,"column":8},"end":{"line":146,"column":null}},{"start":{},"end":{}}],"line":146},"33":{"loc":{"start":{"line":150,"column":22},"end":{"line":150,"column":90}},"type":"cond-expr","locations":[{"start":{"line":150,"column":55},"end":{"line":150,"column":77}},{"start":{"line":150,"column":80},"end":{"line":150,"column":90}}],"line":150},"34":{"loc":{"start":{"line":155,"column":8},"end":{"line":161,"column":null}},"type":"if","locations":[{"start":{"line":155,"column":8},"end":{"line":161,"column":null}},{"start":{"line":159,"column":15},"end":{"line":161,"column":null}}],"line":155}},"s":{"0":17,"1":8,"2":9,"3":2,"4":7,"5":8,"6":2,"7":5,"8":5,"9":1,"10":4,"11":1,"12":3,"13":3,"14":3,"15":1,"16":2,"17":2,"18":1,"19":1,"20":2,"21":2,"22":2,"23":19,"24":19,"25":19,"26":4,"27":15,"28":4,"29":4,"30":4,"31":11,"32":11,"33":19,"34":3,"35":5,"36":3,"37":3,"38":2,"39":1,"40":8,"41":8,"42":8,"43":8,"44":8,"45":8,"46":1,"47":7,"48":5,"49":2,"50":2,"51":1,"52":1,"53":4,"54":4,"55":4,"56":4,"57":2,"58":2,"59":4,"60":4,"61":0,"62":4,"63":4,"64":4,"65":4,"66":1,"67":1,"68":3,"69":4},"f":{"0":17,"1":5,"2":2,"3":19,"4":8,"5":2,"6":4,"7":1,"8":4},"b":{"0":[8,9],"1":[2,7],"2":[9,7,7,7],"3":[2,6],"4":[8,8],"5":[1,4],"6":[1,3],"7":[4,3,3,3],"8":[1,2],"9":[1,1],"10":[19,8],"11":[19],"12":[4,15],"13":[19,15,15],"14":[4,11],"15":[15,13],"16":[4,0],"17":[2,2],"18":[11,0],"19":[3,5],"20":[3,0],"21":[2,1],"22":[1,7],"23":[5,2],"24":[2,3],"25":[1,1],"26":[1,0],"27":[1,0],"28":[1,0],"29":[4,0],"30":[2,0],"31":[4],"32":[0,4],"33":[4,0],"34":[1,3]},"meta":{"lastBranch":35,"lastFunction":9,"lastStatement":70,"seen":{"f:11:16:11:28":0,"b:12:4:12:Infinity:undefined:undefined:undefined:undefined":0,"s:12:4:12:Infinity":0,"s:12:25:12:Infinity":1,"b:13:4:15:Infinity:undefined:undefined:undefined:undefined":1,"s:13:4:15:Infinity":2,"b:13:8:13:34:13:38:13:53:13:57:13:81:13:85:13:98":2,"s:14:8:14:Infinity":3,"s:17:4:21:Infinity":4,"b:18:8:20:Infinity:undefined:undefined:undefined:undefined":3,"s:18:8:20:Infinity":5,"b:18:12:18:26:18:30:18:67":4,"s:19:12:19:Infinity":6,"s:22:4:22:Infinity":7,"f:31:16:31:26":1,"b:32:4:32:Infinity:undefined:undefined:undefined:undefined":5,"s:32:4:32:Infinity":8,"s:32:25:32:Infinity":9,"b:33:4:35:Infinity:undefined:undefined:undefined:undefined":6,"s:33:4:35:Infinity":10,"b:33:8:33:34:33:38:33:53:33:57:33:81:33:85:33:98":7,"s:34:8:34:Infinity":11,"s:37:23:37:42":12,"s:38:21:38:38":13,"b:40:4:40:Infinity:undefined:undefined:undefined:undefined":8,"s:40:4:40:Infinity":14,"s:40:47:40:Infinity":15,"s:42:4:46:Infinity":16,"b:43:8:45:Infinity:undefined:undefined:undefined:undefined":9,"s:43:8:45:Infinity":17,"s:44:12:44:Infinity":18,"s:47:4:47:Infinity":19,"f:55:9:55:24":2,"s:56:20:56:65":20,"s:57:20:57:68":21,"s:58:4:58:Infinity":22,"f:67:16:67:25":3,"s:69:21:69:81":23,"b:69:21:69:28:69:32:69:81":10,"s:70:47:70:55":24,"b:70:33:70:42":11,"b:72:4:72:Infinity:undefined:undefined:undefined:undefined":12,"s:72:4:72:Infinity":25,"b:72:8:72:16:72:21:72:48:72:52:72:73":13,"s:72:76:72:Infinity":26,"b:75:4:79:Infinity:undefined:undefined:undefined:undefined":14,"s:75:4:79:Infinity":27,"b:75:8:75:29:75:33:75:57":15,"s:76:28:76:82":28,"b:76:55:76:59:76:62:76:82":16,"s:77:22:77:92":29,"b:77:46:77:65:77:68:77:92":17,"s:78:8:78:Infinity":30,"s:81:4:96:Infinity":31,"s:82:23:82:82":32,"b:82:53:82:72:82:75:82:82":18,"b:84:8:89:Infinity:86:15:89:Infinity":19,"s:84:8:89:Infinity":33,"s:85:12:85:Infinity":34,"s:88:12:88:Infinity":35,"s:91:28:91:82":36,"b:91:55:91:59:91:62:91:82":20,"b:92:8:94:Infinity:undefined:undefined:undefined:undefined":21,"s:92:8:94:Infinity":37,"s:93:12:93:Infinity":38,"s:95:8:95:Infinity":39,"f:107:16:107:25":4,"s:108:20:108:41":40,"s:109:16:109:26":41,"s:110:30:110:50":42,"s:113:27:113:66":43,"s:115:4:115:Infinity":44,"b:117:4:117:Infinity:undefined:undefined:undefined:undefined":22,"s:117:4:117:Infinity":45,"s:117:18:117:Infinity":46,"b:120:4:124:Infinity:122:11:124:Infinity":23,"s:120:4:124:Infinity":47,"b:121:8:121:Infinity:undefined:undefined:undefined:undefined":24,"s:121:8:121:Infinity":48,"s:121:29:121:Infinity":49,"b:122:11:124:Infinity:undefined:undefined:undefined:undefined":25,"s:122:11:124:Infinity":50,"b:123:8:123:Infinity:undefined:undefined:undefined:undefined":26,"s:123:8:123:Infinity":51,"b:123:19:123:40:123:44:123:45":27,"b:123:50:123:68:123:72:123:73":28,"s:123:76:123:Infinity":52,"s:126:4:126:Infinity":53,"b:127:4:129:Infinity:undefined:undefined:undefined:undefined":29,"s:127:4:129:Infinity":54,"s:128:8:128:Infinity":55,"s:130:4:130:Infinity":56,"f:139:16:139:30":5,"s:140:20:142:5":57,"b:140:20:140:29:140:33:142:5":30,"s:144:4:162:Infinity":58,"f:144:20:144:26":6,"s:145:60:145:66":59,"b:145:54:145:55":31,"b:146:8:146:Infinity:undefined:undefined:undefined:undefined":32,"s:146:8:146:Infinity":60,"s:146:22:146:Infinity":61,"s:149:8:153:Infinity":62,"s:150:12:150:Infinity":63,"b:150:55:150:77:150:80:150:90":33,"s:152:12:152:Infinity":64,"b:155:8:161:Infinity:159:15:161:Infinity":34,"s:155:8:161:Infinity":65,"s:156:12:158:Infinity":66,"f:156:23:156:24":7,"s:157:16:157:Infinity":67,"s:160:12:160:Infinity":68,"f:173:16:173:34":8,"s:174:4:174:Infinity":69}}}
,"/Users/jonwood/Github_local_dev/slides-studio-plugin-socketcluster/src/tests/mocks/obsidian.ts": {"path":"/Users/jonwood/Github_local_dev/slides-studio-plugin-socketcluster/src/tests/mocks/obsidian.ts","statementMap":{"0":{"start":{"line":2,"column":10},"end":{"line":6,"column":null}},"1":{"start":{"line":4,"column":25},"end":{"line":4,"column":null}},"2":{"start":{"line":10,"column":18},"end":{"line":10,"column":44}},"3":{"start":{"line":18,"column":13},"end":{"line":18,"column":null}}},"fnMap":{"0":{"name":"(anonymous_0)","decl":{"start":{"line":4,"column":19},"end":{"line":4,"column":25}},"loc":{"start":{"line":4,"column":25},"end":{"line":4,"column":null}},"line":4},"1":{"name":"(anonymous_1)","decl":{"start":{"line":10,"column":2},"end":{"line":10,"column":16}},"loc":{"start":{"line":10,"column":16},"end":{"line":10,"column":null}},"line":10},"2":{"name":"(anonymous_2)","decl":{"start":{"line":14,"column":2},"end":{"line":14,"column":14}},"loc":{"start":{"line":14,"column":31},"end":{"line":14,"column":null}},"line":14}},"branchMap":{},"s":{"0":0,"1":0,"2":5,"3":0},"f":{"0":0,"1":5,"2":0},"b":{},"meta":{"lastBranch":0,"lastFunction":3,"lastStatement":4,"seen":{"s:2:10:6:Infinity":0,"f:4:19:4:25":0,"s:4:25:4:Infinity":1,"f:10:2:10:16":1,"s:10:18:10:44":2,"f:14:2:14:14":2,"s:18:13:18:Infinity":3}}}
,"/Users/jonwood/Github_local_dev/slides-studio-plugin-socketcluster/src/utils/serverLogic.ts": {"path":"/Users/jonwood/Github_local_dev/slides-studio-plugin-socketcluster/src/utils/serverLogic.ts","statementMap":{"0":{"start":{"line":53,"column":45},"end":{"line":53,"column":null}},"1":{"start":{"line":54,"column":49},"end":{"line":54,"column":null}},"2":{"start":{"line":56,"column":24},"end":{"line":56,"column":null}},"3":{"start":{"line":58,"column":42},"end":{"line":58,"column":null}},"4":{"start":{"line":59,"column":29},"end":{"line":59,"column":null}},"5":{"start":{"line":61,"column":55},"end":{"line":61,"column":null}},"6":{"start":{"line":62,"column":58},"end":{"line":62,"column":null}},"7":{"start":{"line":63,"column":56},"end":{"line":63,"column":null}},"8":{"start":{"line":65,"column":50},"end":{"line":65,"column":null}},"9":{"start":{"line":66,"column":66},"end":{"line":66,"column":null}},"10":{"start":{"line":69,"column":8},"end":{"line":69,"column":null}},"11":{"start":{"line":70,"column":8},"end":{"line":70,"column":null}},"12":{"start":{"line":71,"column":8},"end":{"line":71,"column":null}},"13":{"start":{"line":75,"column":8},"end":{"line":75,"column":null}},"14":{"start":{"line":75,"column":28},"end":{"line":75,"column":null}},"15":{"start":{"line":77,"column":24},"end":{"line":77,"column":null}},"16":{"start":{"line":79,"column":8},"end":{"line":84,"column":null}},"17":{"start":{"line":80,"column":12},"end":{"line":80,"column":null}},"18":{"start":{"line":82,"column":12},"end":{"line":82,"column":null}},"19":{"start":{"line":83,"column":12},"end":{"line":83,"column":null}},"20":{"start":{"line":86,"column":31},"end":{"line":86,"column":null}},"21":{"start":{"line":87,"column":29},"end":{"line":87,"column":null}},"22":{"start":{"line":88,"column":26},"end":{"line":88,"column":null}},"23":{"start":{"line":89,"column":26},"end":{"line":89,"column":null}},"24":{"start":{"line":91,"column":8},"end":{"line":91,"column":null}},"25":{"start":{"line":94,"column":8},"end":{"line":98,"column":null}},"26":{"start":{"line":95,"column":12},"end":{"line":95,"column":null}},"27":{"start":{"line":96,"column":12},"end":{"line":96,"column":null}},"28":{"start":{"line":97,"column":12},"end":{"line":97,"column":null}},"29":{"start":{"line":100,"column":8},"end":{"line":100,"column":null}},"30":{"start":{"line":103,"column":8},"end":{"line":115,"column":null}},"31":{"start":{"line":107,"column":16},"end":{"line":107,"column":null}},"32":{"start":{"line":108,"column":16},"end":{"line":108,"column":null}},"33":{"start":{"line":109,"column":16},"end":{"line":109,"column":null}},"34":{"start":{"line":111,"column":16},"end":{"line":113,"column":null}},"35":{"start":{"line":111,"column":43},"end":{"line":111,"column":null}},"36":{"start":{"line":111,"column":97},"end":{"line":113,"column":null}},"37":{"start":{"line":112,"column":49},"end":{"line":112,"column":null}},"38":{"start":{"line":112,"column":105},"end":{"line":113,"column":null}},"39":{"start":{"line":113,"column":49},"end":{"line":113,"column":null}},"40":{"start":{"line":117,"column":8},"end":{"line":117,"column":null}},"41":{"start":{"line":118,"column":8},"end":{"line":118,"column":null}},"42":{"start":{"line":120,"column":8},"end":{"line":120,"column":null}},"43":{"start":{"line":123,"column":8},"end":{"line":125,"column":null}},"44":{"start":{"line":124,"column":12},"end":{"line":124,"column":null}},"45":{"start":{"line":127,"column":8},"end":{"line":172,"column":null}},"46":{"start":{"line":130,"column":12},"end":{"line":135,"column":null}},"47":{"start":{"line":137,"column":12},"end":{"line":137,"column":null}},"48":{"start":{"line":141,"column":12},"end":{"line":151,"column":null}},"49":{"start":{"line":142,"column":16},"end":{"line":150,"column":null}},"50":{"start":{"line":143,"column":20},"end":{"line":149,"column":null}},"51":{"start":{"line":144,"column":41},"end":{"line":144,"column":null}},"52":{"start":{"line":145,"column":24},"end":{"line":147,"column":null}},"53":{"start":{"line":146,"column":28},"end":{"line":146,"column":null}},"54":{"start":{"line":148,"column":24},"end":{"line":148,"column":null}},"55":{"start":{"line":154,"column":12},"end":{"line":154,"column":null}},"56":{"start":{"line":156,"column":12},"end":{"line":156,"column":null}},"57":{"start":{"line":158,"column":12},"end":{"line":158,"column":null}},"58":{"start":{"line":159,"column":12},"end":{"line":159,"column":null}},"59":{"start":{"line":162,"column":12},"end":{"line":162,"column":null}},"60":{"start":{"line":164,"column":12},"end":{"line":164,"column":null}},"61":{"start":{"line":164,"column":58},"end":{"line":164,"column":null}},"62":{"start":{"line":165,"column":12},"end":{"line":165,"column":null}},"63":{"start":{"line":165,"column":61},"end":{"line":165,"column":null}},"64":{"start":{"line":166,"column":12},"end":{"line":166,"column":null}},"65":{"start":{"line":166,"column":53},"end":{"line":166,"column":null}},"66":{"start":{"line":168,"column":12},"end":{"line":168,"column":null}},"67":{"start":{"line":170,"column":12},"end":{"line":170,"column":null}},"68":{"start":{"line":171,"column":12},"end":{"line":171,"column":null}},"69":{"start":{"line":176,"column":8},"end":{"line":176,"column":null}},"70":{"start":{"line":176,"column":26},"end":{"line":176,"column":null}},"71":{"start":{"line":179,"column":8},"end":{"line":188,"column":null}},"72":{"start":{"line":180,"column":32},"end":{"line":180,"column":null}},"73":{"start":{"line":181,"column":12},"end":{"line":181,"column":null}},"74":{"start":{"line":181,"column":53},"end":{"line":181,"column":null}},"75":{"start":{"line":182,"column":12},"end":{"line":186,"column":null}},"76":{"start":{"line":183,"column":16},"end":{"line":185,"column":null}},"77":{"start":{"line":184,"column":20},"end":{"line":184,"column":null}},"78":{"start":{"line":187,"column":12},"end":{"line":187,"column":null}},"79":{"start":{"line":190,"column":8},"end":{"line":192,"column":null}},"80":{"start":{"line":191,"column":12},"end":{"line":191,"column":null}},"81":{"start":{"line":191,"column":65},"end":{"line":191,"column":77}},"82":{"start":{"line":194,"column":8},"end":{"line":201,"column":null}},"83":{"start":{"line":195,"column":29},"end":{"line":195,"column":null}},"84":{"start":{"line":196,"column":12},"end":{"line":200,"column":null}},"85":{"start":{"line":203,"column":8},"end":{"line":210,"column":null}},"86":{"start":{"line":204,"column":12},"end":{"line":209,"column":null}},"87":{"start":{"line":205,"column":63},"end":{"line":205,"column":80}},"88":{"start":{"line":206,"column":65},"end":{"line":206,"column":82}},"89":{"start":{"line":207,"column":71},"end":{"line":207,"column":104}},"90":{"start":{"line":212,"column":8},"end":{"line":214,"column":null}},"91":{"start":{"line":213,"column":12},"end":{"line":213,"column":null}},"92":{"start":{"line":216,"column":8},"end":{"line":231,"column":null}},"93":{"start":{"line":217,"column":47},"end":{"line":217,"column":null}},"94":{"start":{"line":218,"column":28},"end":{"line":218,"column":null}},"95":{"start":{"line":219,"column":12},"end":{"line":219,"column":null}},"96":{"start":{"line":219,"column":57},"end":{"line":219,"column":null}},"97":{"start":{"line":220,"column":29},"end":{"line":220,"column":null}},"98":{"start":{"line":221,"column":30},"end":{"line":221,"column":null}},"99":{"start":{"line":222,"column":29},"end":{"line":222,"column":null}},"100":{"start":{"line":223,"column":12},"end":{"line":223,"column":null}},"101":{"start":{"line":223,"column":49},"end":{"line":223,"column":null}},"102":{"start":{"line":224,"column":12},"end":{"line":224,"column":null}},"103":{"start":{"line":224,"column":43},"end":{"line":224,"column":null}},"104":{"start":{"line":225,"column":12},"end":{"line":230,"column":null}},"105":{"start":{"line":226,"column":16},"end":{"line":226,"column":null}},"106":{"start":{"line":227,"column":16},"end":{"line":227,"column":null}},"107":{"start":{"line":229,"column":16},"end":{"line":229,"column":null}},"108":{"start":{"line":233,"column":8},"end":{"line":239,"column":null}},"109":{"start":{"line":234,"column":28},"end":{"line":234,"column":null}},"110":{"start":{"line":235,"column":12},"end":{"line":235,"column":null}},"111":{"start":{"line":235,"column":57},"end":{"line":235,"column":null}},"112":{"start":{"line":236,"column":30},"end":{"line":236,"column":null}},"113":{"start":{"line":237,"column":12},"end":{"line":237,"column":null}},"114":{"start":{"line":237,"column":43},"end":{"line":237,"column":null}},"115":{"start":{"line":238,"column":12},"end":{"line":238,"column":null}},"116":{"start":{"line":238,"column":68},"end":{"line":238,"column":87}},"117":{"start":{"line":241,"column":8},"end":{"line":247,"column":null}},"118":{"start":{"line":242,"column":28},"end":{"line":242,"column":null}},"119":{"start":{"line":243,"column":12},"end":{"line":243,"column":null}},"120":{"start":{"line":243,"column":57},"end":{"line":243,"column":null}},"121":{"start":{"line":244,"column":29},"end":{"line":244,"column":null}},"122":{"start":{"line":245,"column":12},"end":{"line":245,"column":null}},"123":{"start":{"line":245,"column":42},"end":{"line":245,"column":null}},"124":{"start":{"line":246,"column":12},"end":{"line":246,"column":null}},"125":{"start":{"line":249,"column":8},"end":{"line":255,"column":null}},"126":{"start":{"line":250,"column":50},"end":{"line":250,"column":null}},"127":{"start":{"line":251,"column":28},"end":{"line":251,"column":null}},"128":{"start":{"line":252,"column":12},"end":{"line":252,"column":null}},"129":{"start":{"line":252,"column":32},"end":{"line":252,"column":51}},"130":{"start":{"line":253,"column":12},"end":{"line":253,"column":null}},"131":{"start":{"line":254,"column":12},"end":{"line":254,"column":null}},"132":{"start":{"line":257,"column":8},"end":{"line":261,"column":null}},"133":{"start":{"line":258,"column":44},"end":{"line":258,"column":null}},"134":{"start":{"line":259,"column":12},"end":{"line":259,"column":null}},"135":{"start":{"line":260,"column":12},"end":{"line":260,"column":null}},"136":{"start":{"line":263,"column":8},"end":{"line":266,"column":null}},"137":{"start":{"line":264,"column":12},"end":{"line":264,"column":null}},"138":{"start":{"line":265,"column":12},"end":{"line":265,"column":null}},"139":{"start":{"line":270,"column":8},"end":{"line":270,"column":null}},"140":{"start":{"line":270,"column":32},"end":{"line":270,"column":null}},"141":{"start":{"line":272,"column":29},"end":{"line":367,"column":null}},"142":{"start":{"line":273,"column":12},"end":{"line":276,"column":null}},"143":{"start":{"line":274,"column":16},"end":{"line":274,"column":null}},"144":{"start":{"line":274,"column":56},"end":{"line":274,"column":77}},"145":{"start":{"line":275,"column":16},"end":{"line":275,"column":null}},"146":{"start":{"line":279,"column":26},"end":{"line":279,"column":null}},"147":{"start":{"line":280,"column":29},"end":{"line":280,"column":null}},"148":{"start":{"line":282,"column":30},"end":{"line":282,"column":null}},"149":{"start":{"line":284,"column":26},"end":{"line":284,"column":null}},"150":{"start":{"line":286,"column":12},"end":{"line":362,"column":null}},"151":{"start":{"line":288,"column":29},"end":{"line":288,"column":null}},"152":{"start":{"line":289,"column":16},"end":{"line":304,"column":null}},"153":{"start":{"line":290,"column":36},"end":{"line":290,"column":null}},"154":{"start":{"line":291,"column":36},"end":{"line":291,"column":null}},"155":{"start":{"line":292,"column":35},"end":{"line":292,"column":null}},"156":{"start":{"line":293,"column":20},"end":{"line":293,"column":null}},"157":{"start":{"line":295,"column":32},"end":{"line":295,"column":null}},"158":{"start":{"line":297,"column":20},"end":{"line":303,"column":null}},"159":{"start":{"line":298,"column":24},"end":{"line":298,"column":null}},"160":{"start":{"line":299,"column":20},"end":{"line":303,"column":null}},"161":{"start":{"line":300,"column":24},"end":{"line":300,"column":null}},"162":{"start":{"line":302,"column":24},"end":{"line":302,"column":null}},"163":{"start":{"line":307,"column":101},"end":{"line":307,"column":null}},"164":{"start":{"line":308,"column":45},"end":{"line":308,"column":null}},"165":{"start":{"line":310,"column":16},"end":{"line":324,"column":null}},"166":{"start":{"line":311,"column":20},"end":{"line":323,"column":null}},"167":{"start":{"line":313,"column":24},"end":{"line":316,"column":null}},"168":{"start":{"line":314,"column":28},"end":{"line":314,"column":null}},"169":{"start":{"line":315,"column":28},"end":{"line":315,"column":null}},"170":{"start":{"line":318,"column":24},"end":{"line":321,"column":null}},"171":{"start":{"line":322,"column":24},"end":{"line":322,"column":null}},"172":{"start":{"line":326,"column":16},"end":{"line":361,"column":null}},"173":{"start":{"line":327,"column":36},"end":{"line":330,"column":null}},"174":{"start":{"line":333,"column":38},"end":{"line":333,"column":null}},"175":{"start":{"line":333,"column":83},"end":{"line":333,"column":98}},"176":{"start":{"line":334,"column":20},"end":{"line":337,"column":null}},"177":{"start":{"line":335,"column":41},"end":{"line":335,"column":null}},"178":{"start":{"line":336,"column":24},"end":{"line":336,"column":null}},"179":{"start":{"line":339,"column":20},"end":{"line":358,"column":null}},"180":{"start":{"line":340,"column":40},"end":{"line":340,"column":null}},"181":{"start":{"line":341,"column":24},"end":{"line":357,"column":null}},"182":{"start":{"line":342,"column":28},"end":{"line":342,"column":null}},"183":{"start":{"line":344,"column":40},"end":{"line":344,"column":null}},"184":{"start":{"line":346,"column":28},"end":{"line":356,"column":null}},"185":{"start":{"line":349,"column":32},"end":{"line":350,"column":null}},"186":{"start":{"line":349,"column":77},"end":{"line":349,"column":null}},"187":{"start":{"line":350,"column":37},"end":{"line":350,"column":null}},"188":{"start":{"line":351,"column":28},"end":{"line":356,"column":null}},"189":{"start":{"line":352,"column":32},"end":{"line":352,"column":null}},"190":{"start":{"line":355,"column":32},"end":{"line":355,"column":null}},"191":{"start":{"line":360,"column":20},"end":{"line":360,"column":null}},"192":{"start":{"line":360,"column":42},"end":{"line":360,"column":67}},"193":{"start":{"line":364,"column":28},"end":{"line":364,"column":null}},"194":{"start":{"line":365,"column":29},"end":{"line":365,"column":null}},"195":{"start":{"line":366,"column":12},"end":{"line":366,"column":null}},"196":{"start":{"line":366,"column":52},"end":{"line":366,"column":73}},"197":{"start":{"line":369,"column":8},"end":{"line":369,"column":null}},"198":{"start":{"line":373,"column":8},"end":{"line":373,"column":null}},"199":{"start":{"line":373,"column":28},"end":{"line":373,"column":null}},"200":{"start":{"line":376,"column":8},"end":{"line":380,"column":null}},"201":{"start":{"line":377,"column":12},"end":{"line":379,"column":null}},"202":{"start":{"line":378,"column":16},"end":{"line":378,"column":null}},"203":{"start":{"line":383,"column":8},"end":{"line":387,"column":null}},"204":{"start":{"line":384,"column":12},"end":{"line":386,"column":null}},"205":{"start":{"line":385,"column":16},"end":{"line":385,"column":null}},"206":{"start":{"line":389,"column":8},"end":{"line":482,"column":null}},"207":{"start":{"line":390,"column":12},"end":{"line":390,"column":null}},"208":{"start":{"line":393,"column":30},"end":{"line":393,"column":null}},"209":{"start":{"line":394,"column":12},"end":{"line":398,"column":null}},"210":{"start":{"line":395,"column":29},"end":{"line":395,"column":null}},"211":{"start":{"line":396,"column":16},"end":{"line":396,"column":null}},"212":{"start":{"line":397,"column":16},"end":{"line":397,"column":null}},"213":{"start":{"line":400,"column":12},"end":{"line":400,"column":null}},"214":{"start":{"line":402,"column":12},"end":{"line":411,"column":null}},"215":{"start":{"line":403,"column":16},"end":{"line":410,"column":null}},"216":{"start":{"line":404,"column":34},"end":{"line":404,"column":null}},"217":{"start":{"line":405,"column":33},"end":{"line":405,"column":null}},"218":{"start":{"line":406,"column":20},"end":{"line":406,"column":null}},"219":{"start":{"line":407,"column":20},"end":{"line":407,"column":null}},"220":{"start":{"line":408,"column":20},"end":{"line":408,"column":null}},"221":{"start":{"line":409,"column":20},"end":{"line":409,"column":null}},"222":{"start":{"line":413,"column":12},"end":{"line":420,"column":null}},"223":{"start":{"line":414,"column":16},"end":{"line":419,"column":null}},"224":{"start":{"line":415,"column":37},"end":{"line":415,"column":null}},"225":{"start":{"line":416,"column":20},"end":{"line":416,"column":null}},"226":{"start":{"line":417,"column":20},"end":{"line":417,"column":null}},"227":{"start":{"line":418,"column":20},"end":{"line":418,"column":null}},"228":{"start":{"line":422,"column":12},"end":{"line":427,"column":null}},"229":{"start":{"line":423,"column":16},"end":{"line":426,"column":null}},"230":{"start":{"line":424,"column":34},"end":{"line":424,"column":null}},"231":{"start":{"line":425,"column":20},"end":{"line":425,"column":null}},"232":{"start":{"line":429,"column":12},"end":{"line":441,"column":null}},"233":{"start":{"line":430,"column":16},"end":{"line":440,"column":null}},"234":{"start":{"line":431,"column":34},"end":{"line":431,"column":null}},"235":{"start":{"line":432,"column":36},"end":{"line":432,"column":null}},"236":{"start":{"line":433,"column":20},"end":{"line":439,"column":null}},"237":{"start":{"line":443,"column":12},"end":{"line":449,"column":null}},"238":{"start":{"line":444,"column":16},"end":{"line":448,"column":null}},"239":{"start":{"line":445,"column":34},"end":{"line":445,"column":null}},"240":{"start":{"line":446,"column":20},"end":{"line":446,"column":null}},"241":{"start":{"line":447,"column":20},"end":{"line":447,"column":null}},"242":{"start":{"line":452,"column":12},"end":{"line":458,"column":null}},"243":{"start":{"line":453,"column":16},"end":{"line":457,"column":null}},"244":{"start":{"line":454,"column":20},"end":{"line":454,"column":null}},"245":{"start":{"line":455,"column":20},"end":{"line":455,"column":null}},"246":{"start":{"line":456,"column":20},"end":{"line":456,"column":null}},"247":{"start":{"line":461,"column":12},"end":{"line":466,"column":null}},"248":{"start":{"line":462,"column":16},"end":{"line":465,"column":null}},"249":{"start":{"line":463,"column":20},"end":{"line":463,"column":null}},"250":{"start":{"line":464,"column":20},"end":{"line":464,"column":null}},"251":{"start":{"line":468,"column":12},"end":{"line":473,"column":null}},"252":{"start":{"line":469,"column":16},"end":{"line":472,"column":null}},"253":{"start":{"line":470,"column":20},"end":{"line":470,"column":null}},"254":{"start":{"line":471,"column":20},"end":{"line":471,"column":null}},"255":{"start":{"line":475,"column":12},"end":{"line":481,"column":null}},"256":{"start":{"line":476,"column":16},"end":{"line":480,"column":null}},"257":{"start":{"line":477,"column":20},"end":{"line":477,"column":null}},"258":{"start":{"line":478,"column":20},"end":{"line":478,"column":null}},"259":{"start":{"line":479,"column":20},"end":{"line":479,"column":null}},"260":{"start":{"line":490,"column":8},"end":{"line":490,"column":null}},"261":{"start":{"line":490,"column":28},"end":{"line":490,"column":null}},"262":{"start":{"line":492,"column":28},"end":{"line":497,"column":null}},"263":{"start":{"line":493,"column":56},"end":{"line":493,"column":75}},"264":{"start":{"line":494,"column":57},"end":{"line":494,"column":77}},"265":{"start":{"line":495,"column":60},"end":{"line":495,"column":82}},"266":{"start":{"line":496,"column":59},"end":{"line":496,"column":68}},"267":{"start":{"line":496,"column":79},"end":{"line":496,"column":98}},"268":{"start":{"line":499,"column":8},"end":{"line":499,"column":null}},"269":{"start":{"line":501,"column":8},"end":{"line":511,"column":null}},"270":{"start":{"line":502,"column":12},"end":{"line":510,"column":null}},"271":{"start":{"line":503,"column":32},"end":{"line":503,"column":null}},"272":{"start":{"line":504,"column":16},"end":{"line":509,"column":null}},"273":{"start":{"line":505,"column":20},"end":{"line":508,"column":null}},"274":{"start":{"line":507,"column":24},"end":{"line":507,"column":null}},"275":{"start":{"line":515,"column":8},"end":{"line":515,"column":null}},"276":{"start":{"line":515,"column":28},"end":{"line":515,"column":null}},"277":{"start":{"line":517,"column":24},"end":{"line":524,"column":null}},"278":{"start":{"line":518,"column":12},"end":{"line":523,"column":null}},"279":{"start":{"line":527,"column":8},"end":{"line":536,"column":null}},"280":{"start":{"line":532,"column":60},"end":{"line":532,"column":79}},"281":{"start":{"line":533,"column":61},"end":{"line":533,"column":81}},"282":{"start":{"line":534,"column":64},"end":{"line":534,"column":86}},"283":{"start":{"line":538,"column":8},"end":{"line":538,"column":null}},"284":{"start":{"line":542,"column":8},"end":{"line":542,"column":null}},"285":{"start":{"line":542,"column":19},"end":{"line":542,"column":null}},"286":{"start":{"line":544,"column":8},"end":{"line":567,"column":null}},"287":{"start":{"line":545,"column":31},"end":{"line":545,"column":null}},"288":{"start":{"line":546,"column":28},"end":{"line":546,"column":null}},"289":{"start":{"line":548,"column":12},"end":{"line":556,"column":null}},"290":{"start":{"line":549,"column":32},"end":{"line":549,"column":null}},"291":{"start":{"line":550,"column":16},"end":{"line":554,"column":null}},"292":{"start":{"line":551,"column":20},"end":{"line":551,"column":null}},"293":{"start":{"line":551,"column":48},"end":{"line":551,"column":96}},"294":{"start":{"line":552,"column":16},"end":{"line":554,"column":null}},"295":{"start":{"line":553,"column":20},"end":{"line":553,"column":null}},"296":{"start":{"line":555,"column":16},"end":{"line":555,"column":null}},"297":{"start":{"line":557,"column":8},"end":{"line":567,"column":null}},"298":{"start":{"line":558,"column":31},"end":{"line":558,"column":null}},"299":{"start":{"line":559,"column":12},"end":{"line":559,"column":null}},"300":{"start":{"line":560,"column":8},"end":{"line":567,"column":null}},"301":{"start":{"line":563,"column":12},"end":{"line":563,"column":null}},"302":{"start":{"line":564,"column":12},"end":{"line":566,"column":null}},"303":{"start":{"line":565,"column":16},"end":{"line":565,"column":null}},"304":{"start":{"line":571,"column":8},"end":{"line":571,"column":null}},"305":{"start":{"line":576,"column":8},"end":{"line":576,"column":null}},"306":{"start":{"line":578,"column":8},"end":{"line":578,"column":null}},"307":{"start":{"line":582,"column":21},"end":{"line":582,"column":null}},"308":{"start":{"line":583,"column":8},"end":{"line":583,"column":null}},"309":{"start":{"line":587,"column":21},"end":{"line":587,"column":null}},"310":{"start":{"line":588,"column":8},"end":{"line":588,"column":null}},"311":{"start":{"line":592,"column":8},"end":{"line":592,"column":null}},"312":{"start":{"line":596,"column":8},"end":{"line":596,"column":null}},"313":{"start":{"line":600,"column":49},"end":{"line":600,"column":null}},"314":{"start":{"line":601,"column":8},"end":{"line":603,"column":null}},"315":{"start":{"line":601,"column":34},"end":{"line":601,"column":null}},"316":{"start":{"line":601,"column":48},"end":{"line":603,"column":null}},"317":{"start":{"line":602,"column":39},"end":{"line":602,"column":null}},"318":{"start":{"line":603,"column":13},"end":{"line":603,"column":null}},"319":{"start":{"line":605,"column":24},"end":{"line":605,"column":null}},"320":{"start":{"line":606,"column":8},"end":{"line":606,"column":null}},"321":{"start":{"line":610,"column":8},"end":{"line":610,"column":null}},"322":{"start":{"line":614,"column":8},"end":{"line":614,"column":null}},"323":{"start":{"line":618,"column":8},"end":{"line":618,"column":null}},"324":{"start":{"line":622,"column":8},"end":{"line":622,"column":null}},"325":{"start":{"line":626,"column":8},"end":{"line":626,"column":null}},"326":{"start":{"line":632,"column":8},"end":{"line":632,"column":null}},"327":{"start":{"line":632,"column":38},"end":{"line":632,"column":null}},"328":{"start":{"line":633,"column":24},"end":{"line":633,"column":null}},"329":{"start":{"line":634,"column":8},"end":{"line":634,"column":null}},"330":{"start":{"line":634,"column":53},"end":{"line":634,"column":null}},"331":{"start":{"line":635,"column":27},"end":{"line":635,"column":null}},"332":{"start":{"line":636,"column":20},"end":{"line":636,"column":null}},"333":{"start":{"line":637,"column":21},"end":{"line":643,"column":null}},"334":{"start":{"line":644,"column":8},"end":{"line":644,"column":null}},"335":{"start":{"line":645,"column":8},"end":{"line":645,"column":null}},"336":{"start":{"line":649,"column":8},"end":{"line":649,"column":null}},"337":{"start":{"line":649,"column":41},"end":{"line":649,"column":null}},"338":{"start":{"line":650,"column":24},"end":{"line":650,"column":null}},"339":{"start":{"line":651,"column":8},"end":{"line":651,"column":null}},"340":{"start":{"line":651,"column":53},"end":{"line":651,"column":null}},"341":{"start":{"line":652,"column":27},"end":{"line":652,"column":null}},"342":{"start":{"line":653,"column":20},"end":{"line":653,"column":null}},"343":{"start":{"line":654,"column":21},"end":{"line":654,"column":null}},"344":{"start":{"line":655,"column":8},"end":{"line":655,"column":null}},"345":{"start":{"line":656,"column":8},"end":{"line":656,"column":null}},"346":{"start":{"line":660,"column":8},"end":{"line":660,"column":null}},"347":{"start":{"line":660,"column":39},"end":{"line":660,"column":null}},"348":{"start":{"line":661,"column":24},"end":{"line":661,"column":null}},"349":{"start":{"line":662,"column":8},"end":{"line":662,"column":null}},"350":{"start":{"line":662,"column":53},"end":{"line":662,"column":null}},"351":{"start":{"line":663,"column":27},"end":{"line":663,"column":null}},"352":{"start":{"line":664,"column":22},"end":{"line":664,"column":null}},"353":{"start":{"line":665,"column":8},"end":{"line":665,"column":null}},"354":{"start":{"line":665,"column":39},"end":{"line":665,"column":null}},"355":{"start":{"line":666,"column":20},"end":{"line":666,"column":null}},"356":{"start":{"line":667,"column":8},"end":{"line":667,"column":null}},"357":{"start":{"line":668,"column":8},"end":{"line":668,"column":null}},"358":{"start":{"line":671,"column":8},"end":{"line":678,"column":null}},"359":{"start":{"line":672,"column":12},"end":{"line":677,"column":null}},"360":{"start":{"line":673,"column":16},"end":{"line":676,"column":null}},"361":{"start":{"line":675,"column":73},"end":{"line":675,"column":82}},"362":{"start":{"line":682,"column":8},"end":{"line":682,"column":null}},"363":{"start":{"line":682,"column":45},"end":{"line":682,"column":78}},"364":{"start":{"line":683,"column":8},"end":{"line":683,"column":null}},"365":{"start":{"line":683,"column":45},"end":{"line":683,"column":84}},"366":{"start":{"line":684,"column":8},"end":{"line":684,"column":null}},"367":{"start":{"line":684,"column":38},"end":{"line":684,"column":96}},"368":{"start":{"line":685,"column":8},"end":{"line":685,"column":null}},"369":{"start":{"line":685,"column":37},"end":{"line":685,"column":85}},"370":{"start":{"line":688,"column":38},"end":{"line":688,"column":72}},"371":{"start":{"line":688,"column":72},"end":{"line":688,"column":105}},"372":{"start":{"line":689,"column":41},"end":{"line":689,"column":78}},"373":{"start":{"line":689,"column":78},"end":{"line":689,"column":114}},"374":{"start":{"line":690,"column":39},"end":{"line":690,"column":74}},"375":{"start":{"line":690,"column":74},"end":{"line":690,"column":108}},"376":{"start":{"line":692,"column":56},"end":{"line":692,"column":81}},"377":{"start":{"line":692,"column":81},"end":{"line":692,"column":125}},"378":{"start":{"line":692,"column":104},"end":{"line":692,"column":122}},"379":{"start":{"line":692,"column":125},"end":{"line":692,"column":157}},"380":{"start":{"line":693,"column":59},"end":{"line":693,"column":87}},"381":{"start":{"line":693,"column":87},"end":{"line":693,"column":131}},"382":{"start":{"line":693,"column":110},"end":{"line":693,"column":128}},"383":{"start":{"line":693,"column":131},"end":{"line":693,"column":166}},"384":{"start":{"line":694,"column":57},"end":{"line":694,"column":83}},"385":{"start":{"line":694,"column":83},"end":{"line":694,"column":127}},"386":{"start":{"line":694,"column":106},"end":{"line":694,"column":124}},"387":{"start":{"line":694,"column":127},"end":{"line":694,"column":160}},"388":{"start":{"line":697,"column":8},"end":{"line":697,"column":null}},"389":{"start":{"line":698,"column":8},"end":{"line":698,"column":null}},"390":{"start":{"line":699,"column":8},"end":{"line":699,"column":null}},"391":{"start":{"line":701,"column":8},"end":{"line":704,"column":null}},"392":{"start":{"line":702,"column":12},"end":{"line":702,"column":null}},"393":{"start":{"line":703,"column":12},"end":{"line":703,"column":null}},"394":{"start":{"line":706,"column":8},"end":{"line":709,"column":null}},"395":{"start":{"line":707,"column":12},"end":{"line":707,"column":null}},"396":{"start":{"line":708,"column":12},"end":{"line":708,"column":null}},"397":{"start":{"line":711,"column":8},"end":{"line":716,"column":null}},"398":{"start":{"line":712,"column":12},"end":{"line":712,"column":null}},"399":{"start":{"line":712,"column":32},"end":{"line":712,"column":null}},"400":{"start":{"line":713,"column":12},"end":{"line":713,"column":null}},"401":{"start":{"line":714,"column":12},"end":{"line":714,"column":null}},"402":{"start":{"line":715,"column":12},"end":{"line":715,"column":null}},"403":{"start":{"line":720,"column":8},"end":{"line":720,"column":null}},"404":{"start":{"line":721,"column":8},"end":{"line":721,"column":null}},"405":{"start":{"line":722,"column":8},"end":{"line":722,"column":null}},"406":{"start":{"line":725,"column":30},"end":{"line":725,"column":70}}},"fnMap":{"0":{"name":"(anonymous_0)","decl":{"start":{"line":68,"column":4},"end":{"line":68,"column":16}},"loc":{"start":{"line":68,"column":68},"end":{"line":72,"column":null}},"line":68},"1":{"name":"(anonymous_1)","decl":{"start":{"line":74,"column":17},"end":{"line":74,"column":40}},"loc":{"start":{"line":74,"column":40},"end":{"line":173,"column":null}},"line":74},"2":{"name":"(anonymous_2)","decl":{"start":{"line":94,"column":42},"end":{"line":94,"column":49}},"loc":{"start":{"line":94,"column":68},"end":{"line":98,"column":9}},"line":94},"3":{"name":"(anonymous_3)","decl":{"start":{"line":106,"column":24},"end":{"line":106,"column":25}},"loc":{"start":{"line":106,"column":39},"end":{"line":114,"column":null}},"line":106},"4":{"name":"(anonymous_4)","decl":{"start":{"line":123,"column":41},"end":{"line":123,"column":42}},"loc":{"start":{"line":123,"column":66},"end":{"line":125,"column":9}},"line":123},"5":{"name":"(anonymous_5)","decl":{"start":{"line":141,"column":74},"end":{"line":141,"column":75}},"loc":{"start":{"line":141,"column":125},"end":{"line":151,"column":13}},"line":141},"6":{"name":"(anonymous_6)","decl":{"start":{"line":142,"column":22},"end":{"line":142,"column":34}},"loc":{"start":{"line":142,"column":34},"end":{"line":150,"column":19}},"line":142},"7":{"name":"(anonymous_7)","decl":{"start":{"line":175,"column":12},"end":{"line":175,"column":38}},"loc":{"start":{"line":175,"column":38},"end":{"line":267,"column":null}},"line":175},"8":{"name":"(anonymous_8)","decl":{"start":{"line":179,"column":114},"end":{"line":179,"column":121}},"loc":{"start":{"line":179,"column":140},"end":{"line":188,"column":9}},"line":179},"9":{"name":"(anonymous_9)","decl":{"start":{"line":190,"column":50},"end":{"line":190,"column":62}},"loc":{"start":{"line":190,"column":62},"end":{"line":192,"column":9}},"line":190},"10":{"name":"(anonymous_10)","decl":{"start":{"line":191,"column":60},"end":{"line":191,"column":65}},"loc":{"start":{"line":191,"column":65},"end":{"line":191,"column":77}},"line":191},"11":{"name":"(anonymous_11)","decl":{"start":{"line":194,"column":39},"end":{"line":194,"column":40}},"loc":{"start":{"line":194,"column":61},"end":{"line":201,"column":9}},"line":194},"12":{"name":"(anonymous_12)","decl":{"start":{"line":203,"column":40},"end":{"line":203,"column":41}},"loc":{"start":{"line":203,"column":62},"end":{"line":210,"column":9}},"line":203},"13":{"name":"(anonymous_13)","decl":{"start":{"line":205,"column":57},"end":{"line":205,"column":63}},"loc":{"start":{"line":205,"column":63},"end":{"line":205,"column":80}},"line":205},"14":{"name":"(anonymous_14)","decl":{"start":{"line":206,"column":59},"end":{"line":206,"column":65}},"loc":{"start":{"line":206,"column":65},"end":{"line":206,"column":82}},"line":206},"15":{"name":"(anonymous_15)","decl":{"start":{"line":207,"column":65},"end":{"line":207,"column":71}},"loc":{"start":{"line":207,"column":71},"end":{"line":207,"column":104}},"line":207},"16":{"name":"(anonymous_16)","decl":{"start":{"line":212,"column":41},"end":{"line":212,"column":42}},"loc":{"start":{"line":212,"column":63},"end":{"line":214,"column":9}},"line":212},"17":{"name":"(anonymous_17)","decl":{"start":{"line":216,"column":67},"end":{"line":216,"column":74}},"loc":{"start":{"line":216,"column":93},"end":{"line":231,"column":9}},"line":216},"18":{"name":"(anonymous_18)","decl":{"start":{"line":233,"column":74},"end":{"line":233,"column":75}},"loc":{"start":{"line":233,"column":94},"end":{"line":239,"column":9}},"line":233},"19":{"name":"(anonymous_19)","decl":{"start":{"line":238,"column":63},"end":{"line":238,"column":68}},"loc":{"start":{"line":238,"column":68},"end":{"line":238,"column":87}},"line":238},"20":{"name":"(anonymous_20)","decl":{"start":{"line":241,"column":72},"end":{"line":241,"column":73}},"loc":{"start":{"line":241,"column":92},"end":{"line":247,"column":9}},"line":241},"21":{"name":"(anonymous_21)","decl":{"start":{"line":249,"column":65},"end":{"line":249,"column":72}},"loc":{"start":{"line":249,"column":91},"end":{"line":255,"column":9}},"line":249},"22":{"name":"(anonymous_22)","decl":{"start":{"line":252,"column":25},"end":{"line":252,"column":32}},"loc":{"start":{"line":252,"column":32},"end":{"line":252,"column":51}},"line":252},"23":{"name":"(anonymous_23)","decl":{"start":{"line":257,"column":67},"end":{"line":257,"column":74}},"loc":{"start":{"line":257,"column":93},"end":{"line":261,"column":9}},"line":257},"24":{"name":"(anonymous_24)","decl":{"start":{"line":263,"column":77},"end":{"line":263,"column":84}},"loc":{"start":{"line":263,"column":103},"end":{"line":266,"column":9}},"line":263},"25":{"name":"(anonymous_25)","decl":{"start":{"line":269,"column":12},"end":{"line":269,"column":43}},"loc":{"start":{"line":269,"column":43},"end":{"line":370,"column":null}},"line":269},"26":{"name":"(anonymous_26)","decl":{"start":{"line":272,"column":29},"end":{"line":272,"column":41}},"loc":{"start":{"line":272,"column":41},"end":{"line":367,"column":null}},"line":272},"27":{"name":"(anonymous_27)","decl":{"start":{"line":274,"column":48},"end":{"line":274,"column":54}},"loc":{"start":{"line":274,"column":54},"end":{"line":274,"column":80}},"line":274},"28":{"name":"(anonymous_28)","decl":{"start":{"line":310,"column":30},"end":{"line":310,"column":31}},"loc":{"start":{"line":310,"column":47},"end":{"line":324,"column":17}},"line":310},"29":{"name":"(anonymous_29)","decl":{"start":{"line":313,"column":46},"end":{"line":313,"column":51}},"loc":{"start":{"line":313,"column":51},"end":{"line":316,"column":25}},"line":313},"30":{"name":"(anonymous_30)","decl":{"start":{"line":333,"column":77},"end":{"line":333,"column":83}},"loc":{"start":{"line":333,"column":83},"end":{"line":333,"column":98}},"line":333},"31":{"name":"(anonymous_31)","decl":{"start":{"line":334,"column":36},"end":{"line":334,"column":37}},"loc":{"start":{"line":334,"column":50},"end":{"line":337,"column":21}},"line":334},"32":{"name":"(anonymous_32)","decl":{"start":{"line":339,"column":34},"end":{"line":339,"column":35}},"loc":{"start":{"line":339,"column":49},"end":{"line":358,"column":21}},"line":339},"33":{"name":"(anonymous_33)","decl":{"start":{"line":360,"column":34},"end":{"line":360,"column":42}},"loc":{"start":{"line":360,"column":42},"end":{"line":360,"column":67}},"line":360},"34":{"name":"(anonymous_34)","decl":{"start":{"line":366,"column":44},"end":{"line":366,"column":50}},"loc":{"start":{"line":366,"column":50},"end":{"line":366,"column":76}},"line":366},"35":{"name":"(anonymous_35)","decl":{"start":{"line":372,"column":18},"end":{"line":372,"column":66}},"loc":{"start":{"line":372,"column":66},"end":{"line":483,"column":null}},"line":372},"36":{"name":"(anonymous_36)","decl":{"start":{"line":376,"column":14},"end":{"line":376,"column":26}},"loc":{"start":{"line":376,"column":26},"end":{"line":380,"column":11}},"line":376},"37":{"name":"(anonymous_37)","decl":{"start":{"line":383,"column":14},"end":{"line":383,"column":26}},"loc":{"start":{"line":383,"column":26},"end":{"line":387,"column":11}},"line":383},"38":{"name":"(anonymous_38)","decl":{"start":{"line":402,"column":18},"end":{"line":402,"column":30}},"loc":{"start":{"line":402,"column":30},"end":{"line":411,"column":15}},"line":402},"39":{"name":"(anonymous_39)","decl":{"start":{"line":413,"column":18},"end":{"line":413,"column":30}},"loc":{"start":{"line":413,"column":30},"end":{"line":420,"column":15}},"line":413},"40":{"name":"(anonymous_40)","decl":{"start":{"line":422,"column":18},"end":{"line":422,"column":30}},"loc":{"start":{"line":422,"column":30},"end":{"line":427,"column":15}},"line":422},"41":{"name":"(anonymous_41)","decl":{"start":{"line":429,"column":18},"end":{"line":429,"column":30}},"loc":{"start":{"line":429,"column":30},"end":{"line":441,"column":15}},"line":429},"42":{"name":"(anonymous_42)","decl":{"start":{"line":443,"column":18},"end":{"line":443,"column":30}},"loc":{"start":{"line":443,"column":30},"end":{"line":449,"column":15}},"line":443},"43":{"name":"(anonymous_43)","decl":{"start":{"line":452,"column":18},"end":{"line":452,"column":30}},"loc":{"start":{"line":452,"column":30},"end":{"line":458,"column":15}},"line":452},"44":{"name":"(anonymous_44)","decl":{"start":{"line":461,"column":18},"end":{"line":461,"column":30}},"loc":{"start":{"line":461,"column":30},"end":{"line":466,"column":15}},"line":461},"45":{"name":"(anonymous_45)","decl":{"start":{"line":468,"column":18},"end":{"line":468,"column":30}},"loc":{"start":{"line":468,"column":30},"end":{"line":473,"column":15}},"line":468},"46":{"name":"(anonymous_46)","decl":{"start":{"line":475,"column":18},"end":{"line":475,"column":30}},"loc":{"start":{"line":475,"column":30},"end":{"line":481,"column":15}},"line":475},"47":{"name":"(anonymous_47)","decl":{"start":{"line":489,"column":18},"end":{"line":489,"column":40}},"loc":{"start":{"line":489,"column":40},"end":{"line":512,"column":null}},"line":489},"48":{"name":"(anonymous_48)","decl":{"start":{"line":493,"column":51},"end":{"line":493,"column":56}},"loc":{"start":{"line":493,"column":56},"end":{"line":493,"column":75}},"line":493},"49":{"name":"(anonymous_49)","decl":{"start":{"line":494,"column":52},"end":{"line":494,"column":57}},"loc":{"start":{"line":494,"column":57},"end":{"line":494,"column":77}},"line":494},"50":{"name":"(anonymous_50)","decl":{"start":{"line":495,"column":55},"end":{"line":495,"column":60}},"loc":{"start":{"line":495,"column":60},"end":{"line":495,"column":82}},"line":495},"51":{"name":"(anonymous_51)","decl":{"start":{"line":496,"column":54},"end":{"line":496,"column":59}},"loc":{"start":{"line":496,"column":59},"end":{"line":496,"column":68}},"line":496},"52":{"name":"(anonymous_52)","decl":{"start":{"line":496,"column":74},"end":{"line":496,"column":79}},"loc":{"start":{"line":496,"column":79},"end":{"line":496,"column":98}},"line":496},"53":{"name":"(anonymous_53)","decl":{"start":{"line":502,"column":18},"end":{"line":502,"column":30}},"loc":{"start":{"line":502,"column":30},"end":{"line":510,"column":15}},"line":502},"54":{"name":"(anonymous_54)","decl":{"start":{"line":514,"column":12},"end":{"line":514,"column":41}},"loc":{"start":{"line":514,"column":41},"end":{"line":539,"column":null}},"line":514},"55":{"name":"(anonymous_55)","decl":{"start":{"line":517,"column":65},"end":{"line":517,"column":66}},"loc":{"start":{"line":517,"column":84},"end":{"line":524,"column":9}},"line":517},"56":{"name":"(anonymous_56)","decl":{"start":{"line":532,"column":55},"end":{"line":532,"column":60}},"loc":{"start":{"line":532,"column":60},"end":{"line":532,"column":79}},"line":532},"57":{"name":"(anonymous_57)","decl":{"start":{"line":533,"column":56},"end":{"line":533,"column":61}},"loc":{"start":{"line":533,"column":61},"end":{"line":533,"column":81}},"line":533},"58":{"name":"(anonymous_58)","decl":{"start":{"line":534,"column":59},"end":{"line":534,"column":64}},"loc":{"start":{"line":534,"column":64},"end":{"line":534,"column":86}},"line":534},"59":{"name":"(anonymous_59)","decl":{"start":{"line":541,"column":12},"end":{"line":541,"column":34}},"loc":{"start":{"line":541,"column":72},"end":{"line":568,"column":null}},"line":541},"60":{"name":"(anonymous_60)","decl":{"start":{"line":551,"column":41},"end":{"line":551,"column":48}},"loc":{"start":{"line":551,"column":48},"end":{"line":551,"column":96}},"line":551},"61":{"name":"(anonymous_61)","decl":{"start":{"line":570,"column":11},"end":{"line":570,"column":21}},"loc":{"start":{"line":570,"column":59},"end":{"line":572,"column":null}},"line":570},"62":{"name":"(anonymous_62)","decl":{"start":{"line":574,"column":11},"end":{"line":574,"column":29}},"loc":{"start":{"line":574,"column":74},"end":{"line":579,"column":null}},"line":574},"63":{"name":"(anonymous_63)","decl":{"start":{"line":581,"column":11},"end":{"line":581,"column":31}},"loc":{"start":{"line":581,"column":71},"end":{"line":584,"column":null}},"line":581},"64":{"name":"(anonymous_64)","decl":{"start":{"line":586,"column":11},"end":{"line":586,"column":32}},"loc":{"start":{"line":586,"column":74},"end":{"line":589,"column":null}},"line":586},"65":{"name":"(anonymous_65)","decl":{"start":{"line":591,"column":11},"end":{"line":591,"column":33}},"loc":{"start":{"line":591,"column":69},"end":{"line":593,"column":null}},"line":591},"66":{"name":"(anonymous_66)","decl":{"start":{"line":595,"column":11},"end":{"line":595,"column":36}},"loc":{"start":{"line":595,"column":72},"end":{"line":597,"column":null}},"line":595},"67":{"name":"(anonymous_67)","decl":{"start":{"line":599,"column":11},"end":{"line":599,"column":33}},"loc":{"start":{"line":599,"column":89},"end":{"line":607,"column":null}},"line":599},"68":{"name":"(anonymous_68)","decl":{"start":{"line":609,"column":11},"end":{"line":609,"column":35}},"loc":{"start":{"line":609,"column":70},"end":{"line":611,"column":null}},"line":609},"69":{"name":"(anonymous_69)","decl":{"start":{"line":613,"column":11},"end":{"line":613,"column":37}},"loc":{"start":{"line":613,"column":72},"end":{"line":615,"column":null}},"line":613},"70":{"name":"(anonymous_70)","decl":{"start":{"line":617,"column":11},"end":{"line":617,"column":34}},"loc":{"start":{"line":617,"column":85},"end":{"line":619,"column":null}},"line":617},"71":{"name":"(anonymous_71)","decl":{"start":{"line":621,"column":11},"end":{"line":621,"column":31}},"loc":{"start":{"line":621,"column":52},"end":{"line":623,"column":null}},"line":621},"72":{"name":"(anonymous_72)","decl":{"start":{"line":625,"column":11},"end":{"line":625,"column":31}},"loc":{"start":{"line":625,"column":52},"end":{"line":627,"column":null}},"line":625},"73":{"name":"(anonymous_73)","decl":{"start":{"line":631,"column":17},"end":{"line":631,"column":52}},"loc":{"start":{"line":631,"column":52},"end":{"line":646,"column":null}},"line":631},"74":{"name":"(anonymous_74)","decl":{"start":{"line":648,"column":17},"end":{"line":648,"column":55}},"loc":{"start":{"line":648,"column":55},"end":{"line":657,"column":null}},"line":648},"75":{"name":"(anonymous_75)","decl":{"start":{"line":659,"column":17},"end":{"line":659,"column":53}},"loc":{"start":{"line":659,"column":53},"end":{"line":679,"column":null}},"line":659},"76":{"name":"(anonymous_76)","decl":{"start":{"line":671,"column":46},"end":{"line":671,"column":52}},"loc":{"start":{"line":671,"column":52},"end":{"line":678,"column":9}},"line":671},"77":{"name":"(anonymous_77)","decl":{"start":{"line":672,"column":23},"end":{"line":672,"column":29}},"loc":{"start":{"line":672,"column":29},"end":{"line":677,"column":15}},"line":672},"78":{"name":"(anonymous_78)","decl":{"start":{"line":675,"column":68},"end":{"line":675,"column":73}},"loc":{"start":{"line":675,"column":73},"end":{"line":675,"column":82}},"line":675},"79":{"name":"(anonymous_79)","decl":{"start":{"line":681,"column":12},"end":{"line":681,"column":32}},"loc":{"start":{"line":681,"column":75},"end":{"line":686,"column":null}},"line":681},"80":{"name":"(anonymous_80)","decl":{"start":{"line":682,"column":35},"end":{"line":682,"column":36}},"loc":{"start":{"line":682,"column":45},"end":{"line":682,"column":78}},"line":682},"81":{"name":"(anonymous_81)","decl":{"start":{"line":683,"column":35},"end":{"line":683,"column":36}},"loc":{"start":{"line":683,"column":45},"end":{"line":683,"column":84}},"line":683},"82":{"name":"(anonymous_82)","decl":{"start":{"line":684,"column":28},"end":{"line":684,"column":29}},"loc":{"start":{"line":684,"column":38},"end":{"line":684,"column":96}},"line":684},"83":{"name":"(anonymous_83)","decl":{"start":{"line":685,"column":28},"end":{"line":685,"column":29}},"loc":{"start":{"line":685,"column":37},"end":{"line":685,"column":85}},"line":685},"84":{"name":"(anonymous_84)","decl":{"start":{"line":688,"column":11},"end":{"line":688,"column":36}},"loc":{"start":{"line":688,"column":36},"end":{"line":688,"column":null}},"line":688},"85":{"name":"(anonymous_85)","decl":{"start":{"line":689,"column":11},"end":{"line":689,"column":39}},"loc":{"start":{"line":689,"column":39},"end":{"line":689,"column":null}},"line":689},"86":{"name":"(anonymous_86)","decl":{"start":{"line":690,"column":11},"end":{"line":690,"column":37}},"loc":{"start":{"line":690,"column":37},"end":{"line":690,"column":null}},"line":690},"87":{"name":"(anonymous_87)","decl":{"start":{"line":692,"column":17},"end":{"line":692,"column":54}},"loc":{"start":{"line":692,"column":54},"end":{"line":692,"column":null}},"line":692},"88":{"name":"(anonymous_88)","decl":{"start":{"line":692,"column":99},"end":{"line":692,"column":104}},"loc":{"start":{"line":692,"column":104},"end":{"line":692,"column":122}},"line":692},"89":{"name":"(anonymous_89)","decl":{"start":{"line":693,"column":17},"end":{"line":693,"column":57}},"loc":{"start":{"line":693,"column":57},"end":{"line":693,"column":null}},"line":693},"90":{"name":"(anonymous_90)","decl":{"start":{"line":693,"column":105},"end":{"line":693,"column":110}},"loc":{"start":{"line":693,"column":110},"end":{"line":693,"column":128}},"line":693},"91":{"name":"(anonymous_91)","decl":{"start":{"line":694,"column":17},"end":{"line":694,"column":55}},"loc":{"start":{"line":694,"column":55},"end":{"line":694,"column":null}},"line":694},"92":{"name":"(anonymous_92)","decl":{"start":{"line":694,"column":101},"end":{"line":694,"column":106}},"loc":{"start":{"line":694,"column":106},"end":{"line":694,"column":124}},"line":694},"93":{"name":"(anonymous_93)","decl":{"start":{"line":696,"column":17},"end":{"line":696,"column":39}},"loc":{"start":{"line":696,"column":39},"end":{"line":717,"column":null}},"line":696},"94":{"name":"(anonymous_94)","decl":{"start":{"line":719,"column":17},"end":{"line":719,"column":25}},"loc":{"start":{"line":719,"column":57},"end":{"line":723,"column":null}},"line":719},"95":{"name":"(anonymous_95)","decl":{"start":{"line":725,"column":11},"end":{"line":725,"column":28}},"loc":{"start":{"line":725,"column":28},"end":{"line":725,"column":null}},"line":725}},"branchMap":{"0":{"loc":{"start":{"line":75,"column":8},"end":{"line":75,"column":null}},"type":"if","locations":[{"start":{"line":75,"column":8},"end":{"line":75,"column":null}},{"start":{},"end":{}}],"line":75},"1":{"loc":{"start":{"line":79,"column":8},"end":{"line":84,"column":null}},"type":"if","locations":[{"start":{"line":79,"column":8},"end":{"line":84,"column":null}},{"start":{"line":81,"column":15},"end":{"line":84,"column":null}}],"line":79},"2":{"loc":{"start":{"line":111,"column":16},"end":{"line":113,"column":null}},"type":"if","locations":[{"start":{"line":111,"column":16},"end":{"line":113,"column":null}},{"start":{"line":111,"column":97},"end":{"line":113,"column":null}}],"line":111},"3":{"loc":{"start":{"line":111,"column":97},"end":{"line":113,"column":null}},"type":"if","locations":[{"start":{"line":111,"column":97},"end":{"line":113,"column":null}},{"start":{"line":112,"column":105},"end":{"line":113,"column":null}}],"line":111},"4":{"loc":{"start":{"line":112,"column":105},"end":{"line":113,"column":null}},"type":"if","locations":[{"start":{"line":112,"column":105},"end":{"line":113,"column":null}},{"start":{},"end":{}}],"line":112},"5":{"loc":{"start":{"line":145,"column":24},"end":{"line":147,"column":null}},"type":"if","locations":[{"start":{"line":145,"column":24},"end":{"line":147,"column":null}},{"start":{},"end":{}}],"line":145},"6":{"loc":{"start":{"line":145,"column":28},"end":{"line":145,"column":121}},"type":"binary-expr","locations":[{"start":{"line":145,"column":28},"end":{"line":145,"column":69}},{"start":{"line":145,"column":69},"end":{"line":145,"column":100}},{"start":{"line":145,"column":100},"end":{"line":145,"column":121}}],"line":145},"7":{"loc":{"start":{"line":164,"column":12},"end":{"line":164,"column":null}},"type":"if","locations":[{"start":{"line":164,"column":12},"end":{"line":164,"column":null}},{"start":{},"end":{}}],"line":164},"8":{"loc":{"start":{"line":165,"column":12},"end":{"line":165,"column":null}},"type":"if","locations":[{"start":{"line":165,"column":12},"end":{"line":165,"column":null}},{"start":{},"end":{}}],"line":165},"9":{"loc":{"start":{"line":166,"column":12},"end":{"line":166,"column":null}},"type":"if","locations":[{"start":{"line":166,"column":12},"end":{"line":166,"column":null}},{"start":{},"end":{}}],"line":166},"10":{"loc":{"start":{"line":176,"column":8},"end":{"line":176,"column":null}},"type":"if","locations":[{"start":{"line":176,"column":8},"end":{"line":176,"column":null}},{"start":{},"end":{}}],"line":176},"11":{"loc":{"start":{"line":181,"column":12},"end":{"line":181,"column":null}},"type":"if","locations":[{"start":{"line":181,"column":12},"end":{"line":181,"column":null}},{"start":{},"end":{}}],"line":181},"12":{"loc":{"start":{"line":181,"column":16},"end":{"line":181,"column":53}},"type":"binary-expr","locations":[{"start":{"line":181,"column":16},"end":{"line":181,"column":28}},{"start":{"line":181,"column":28},"end":{"line":181,"column":53}}],"line":181},"13":{"loc":{"start":{"line":183,"column":16},"end":{"line":185,"column":null}},"type":"if","locations":[{"start":{"line":183,"column":16},"end":{"line":185,"column":null}},{"start":{},"end":{}}],"line":183},"14":{"loc":{"start":{"line":183,"column":20},"end":{"line":183,"column":64}},"type":"binary-expr","locations":[{"start":{"line":183,"column":20},"end":{"line":183,"column":34}},{"start":{"line":183,"column":34},"end":{"line":183,"column":64}}],"line":183},"15":{"loc":{"start":{"line":197,"column":20},"end":{"line":197,"column":null}},"type":"binary-expr","locations":[{"start":{"line":197,"column":20},"end":{"line":197,"column":49}},{"start":{"line":197,"column":49},"end":{"line":197,"column":null}}],"line":197},"16":{"loc":{"start":{"line":198,"column":22},"end":{"line":198,"column":null}},"type":"binary-expr","locations":[{"start":{"line":198,"column":22},"end":{"line":198,"column":63}},{"start":{"line":198,"column":63},"end":{"line":198,"column":null}}],"line":198},"17":{"loc":{"start":{"line":199,"column":20},"end":{"line":199,"column":null}},"type":"binary-expr","locations":[{"start":{"line":199,"column":20},"end":{"line":199,"column":49}},{"start":{"line":199,"column":49},"end":{"line":199,"column":null}}],"line":199},"18":{"loc":{"start":{"line":219,"column":12},"end":{"line":219,"column":null}},"type":"if","locations":[{"start":{"line":219,"column":12},"end":{"line":219,"column":null}},{"start":{},"end":{}}],"line":219},"19":{"loc":{"start":{"line":222,"column":50},"end":{"line":222,"column":108}},"type":"cond-expr","locations":[{"start":{"line":222,"column":79},"end":{"line":222,"column":90}},{"start":{"line":222,"column":90},"end":{"line":222,"column":108}}],"line":222},"20":{"loc":{"start":{"line":223,"column":12},"end":{"line":223,"column":null}},"type":"if","locations":[{"start":{"line":223,"column":12},"end":{"line":223,"column":null}},{"start":{},"end":{}}],"line":223},"21":{"loc":{"start":{"line":224,"column":12},"end":{"line":224,"column":null}},"type":"if","locations":[{"start":{"line":224,"column":12},"end":{"line":224,"column":null}},{"start":{},"end":{}}],"line":224},"22":{"loc":{"start":{"line":235,"column":12},"end":{"line":235,"column":null}},"type":"if","locations":[{"start":{"line":235,"column":12},"end":{"line":235,"column":null}},{"start":{},"end":{}}],"line":235},"23":{"loc":{"start":{"line":237,"column":12},"end":{"line":237,"column":null}},"type":"if","locations":[{"start":{"line":237,"column":12},"end":{"line":237,"column":null}},{"start":{},"end":{}}],"line":237},"24":{"loc":{"start":{"line":243,"column":12},"end":{"line":243,"column":null}},"type":"if","locations":[{"start":{"line":243,"column":12},"end":{"line":243,"column":null}},{"start":{},"end":{}}],"line":243},"25":{"loc":{"start":{"line":245,"column":12},"end":{"line":245,"column":null}},"type":"if","locations":[{"start":{"line":245,"column":12},"end":{"line":245,"column":null}},{"start":{},"end":{}}],"line":245},"26":{"loc":{"start":{"line":270,"column":8},"end":{"line":270,"column":null}},"type":"if","locations":[{"start":{"line":270,"column":8},"end":{"line":270,"column":null}},{"start":{},"end":{}}],"line":270},"27":{"loc":{"start":{"line":273,"column":12},"end":{"line":276,"column":null}},"type":"if","locations":[{"start":{"line":273,"column":12},"end":{"line":276,"column":null}},{"start":{},"end":{}}],"line":273},"28":{"loc":{"start":{"line":279,"column":38},"end":{"line":279,"column":80}},"type":"binary-expr","locations":[{"start":{"line":279,"column":38},"end":{"line":279,"column":78}},{"start":{"line":279,"column":78},"end":{"line":279,"column":80}}],"line":279},"29":{"loc":{"start":{"line":286,"column":12},"end":{"line":362,"column":null}},"type":"if","locations":[{"start":{"line":286,"column":12},"end":{"line":362,"column":null}},{"start":{"line":305,"column":19},"end":{"line":362,"column":null}}],"line":286},"30":{"loc":{"start":{"line":286,"column":16},"end":{"line":286,"column":58}},"type":"binary-expr","locations":[{"start":{"line":286,"column":16},"end":{"line":286,"column":38}},{"start":{"line":286,"column":38},"end":{"line":286,"column":58}}],"line":286},"31":{"loc":{"start":{"line":295,"column":32},"end":{"line":295,"column":null}},"type":"cond-expr","locations":[{"start":{"line":295,"column":55},"end":{"line":295,"column":69}},{"start":{"line":295,"column":69},"end":{"line":295,"column":null}}],"line":295},"32":{"loc":{"start":{"line":297,"column":20},"end":{"line":303,"column":null}},"type":"if","locations":[{"start":{"line":297,"column":20},"end":{"line":303,"column":null}},{"start":{"line":299,"column":20},"end":{"line":303,"column":null}}],"line":297},"33":{"loc":{"start":{"line":297,"column":24},"end":{"line":297,"column":104}},"type":"binary-expr","locations":[{"start":{"line":297,"column":24},"end":{"line":297,"column":67}},{"start":{"line":297,"column":67},"end":{"line":297,"column":104}}],"line":297},"34":{"loc":{"start":{"line":299,"column":20},"end":{"line":303,"column":null}},"type":"if","locations":[{"start":{"line":299,"column":20},"end":{"line":303,"column":null}},{"start":{"line":301,"column":27},"end":{"line":303,"column":null}}],"line":299},"35":{"loc":{"start":{"line":299,"column":31},"end":{"line":299,"column":111}},"type":"binary-expr","locations":[{"start":{"line":299,"column":31},"end":{"line":299,"column":74}},{"start":{"line":299,"column":74},"end":{"line":299,"column":111}}],"line":299},"36":{"loc":{"start":{"line":311,"column":20},"end":{"line":323,"column":null}},"type":"if","locations":[{"start":{"line":311,"column":20},"end":{"line":323,"column":null}},{"start":{"line":317,"column":27},"end":{"line":323,"column":null}}],"line":311},"37":{"loc":{"start":{"line":341,"column":24},"end":{"line":357,"column":null}},"type":"if","locations":[{"start":{"line":341,"column":24},"end":{"line":357,"column":null}},{"start":{"line":343,"column":31},"end":{"line":357,"column":null}}],"line":341},"38":{"loc":{"start":{"line":346,"column":28},"end":{"line":356,"column":null}},"type":"if","locations":[{"start":{"line":346,"column":28},"end":{"line":356,"column":null}},{"start":{"line":351,"column":28},"end":{"line":356,"column":null}}],"line":346},"39":{"loc":{"start":{"line":346,"column":32},"end":{"line":348,"column":76}},"type":"binary-expr","locations":[{"start":{"line":346,"column":32},"end":{"line":346,"column":null}},{"start":{"line":347,"column":33},"end":{"line":347,"column":76}},{"start":{"line":347,"column":76},"end":{"line":347,"column":null}},{"start":{"line":348,"column":32},"end":{"line":348,"column":76}}],"line":346},"40":{"loc":{"start":{"line":349,"column":32},"end":{"line":350,"column":null}},"type":"if","locations":[{"start":{"line":349,"column":32},"end":{"line":350,"column":null}},{"start":{"line":350,"column":37},"end":{"line":350,"column":null}}],"line":349},"41":{"loc":{"start":{"line":351,"column":28},"end":{"line":356,"column":null}},"type":"if","locations":[{"start":{"line":351,"column":28},"end":{"line":356,"column":null}},{"start":{"line":353,"column":35},"end":{"line":356,"column":null}}],"line":351},"42":{"loc":{"start":{"line":352,"column":53},"end":{"line":352,"column":122}},"type":"binary-expr","locations":[{"start":{"line":352,"column":53},"end":{"line":352,"column":66}},{"start":{"line":352,"column":66},"end":{"line":352,"column":122}}],"line":352},"43":{"loc":{"start":{"line":373,"column":8},"end":{"line":373,"column":null}},"type":"if","locations":[{"start":{"line":373,"column":8},"end":{"line":373,"column":null}},{"start":{},"end":{}}],"line":373},"44":{"loc":{"start":{"line":394,"column":12},"end":{"line":398,"column":null}},"type":"if","locations":[{"start":{"line":394,"column":12},"end":{"line":398,"column":null}},{"start":{},"end":{}}],"line":394},"45":{"loc":{"start":{"line":407,"column":63},"end":{"line":407,"column":86}},"type":"binary-expr","locations":[{"start":{"line":407,"column":63},"end":{"line":407,"column":76}},{"start":{"line":407,"column":76},"end":{"line":407,"column":86}}],"line":407},"46":{"loc":{"s
[...]
"294":0,"295":0,"296":0,"297":0,"298":0,"299":0,"300":0,"301":0,"302":0,"303":0,"304":8,"305":1,"306":1,"307":1,"308":1,"309":1,"310":1,"311":0,"312":0,"313":2,"314":2,"315":1,"316":1,"317":1,"318":0,"319":2,"320":2,"321":1,"322":0,"323":0,"324":0,"325":0,"326":0,"327":0,"328":0,"329":0,"330":0,"331":0,"332":0,"333":0,"334":0,"335":0,"336":0,"337":0,"338":0,"339":0,"340":0,"341":0,"342":0,"343":0,"344":0,"345":0,"346":0,"347":0,"348":0,"349":0,"350":0,"351":0,"352":0,"353":0,"354":0,"355":0,"356":0,"357":0,"358":0,"359":0,"360":0,"361":0,"362":0,"363":0,"364":0,"365":0,"366":0,"367":0,"368":0,"369":0,"370":1,"371":1,"372":1,"373":1,"374":1,"375":1,"376":0,"377":0,"378":0,"379":0,"380":0,"381":0,"382":0,"383":0,"384":0,"385":0,"386":0,"387":0,"388":1,"389":1,"390":1,"391":1,"392":0,"393":0,"394":1,"395":1,"396":1,"397":1,"398":1,"399":1,"400":1,"401":1,"402":1,"403":0,"404":0,"405":0,"406":0},"f":{"0":5,"1":5,"2":0,"3":0,"4":0,"5":0,"6":0,"7":5,"8":0,"9":0,"10":0,"11":0,"12":0,"13":0,"14":0,"15":0,"16":0,"17":0,"18":0,"19":0,"20":0,"21":0,"22":0,"23":0,"24":0,"25":1,"26":1,"27":0,"28":0,"29":0,"30":0,"31":0,"32":0,"33":0,"34":0,"35":5,"36":5,"37":5,"38":1,"39":1,"40":1,"41":1,"42":1,"43":1,"44":1,"45":1,"46":1,"47":5,"48":0,"49":0,"50":0,"51":0,"52":0,"53":0,"54":2,"55":0,"56":0,"57":0,"58":0,"59":0,"60":0,"61":8,"62":1,"63":1,"64":1,"65":0,"66":0,"67":2,"68":1,"69":0,"70":0,"71":0,"72":0,"73":0,"74":0,"75":0,"76":0,"77":0,"78":0,"79":0,"80":0,"81":0,"82":0,"83":0,"84":1,"85":1,"86":1,"87":0,"88":0,"89":0,"90":0,"91":0,"92":0,"93":1,"94":0,"95":0},"b":{"0":[0,5],"1":[5,0],"2":[0,0],"3":[0,0],"4":[0,0],"5":[0,0],"6":[0,0,0],"7":[0,1],"8":[0,1],"9":[0,1],"10":[0,5],"11":[0,0],"12":[0,0],"13":[0,0],"14":[0,0],"15":[0,0],"16":[0,0],"17":[0,0],"18":[0,0],"19":[0,0],"20":[0,0],"21":[0,0],"22":[0,0],"23":[0,0],"24":[0,0],"25":[0,0],"26":[0,1],"27":[1,0],"28":[0,0],"29":[0,0],"30":[1,0],"31":[0,0],"32":[0,0],"33":[0,0],"34":[0,0],"35":[0,0],"36":[0,0],"37":[0,0],"38":[0,0],"39":[0,0,0,0],"40":[0,0],"41":[0,0],"42":[0,0],"43":[0,5],"44":[1,0],"45":[0,0],"46":[0,0],"47":[0,5],"48":[0,0],"49":[0,2],"50":[0,0],"51":[0,0],"52":[0,0],"53":[0,0],"54":[0,0],"55":[0,0],"56":[0,0],"57":[0,0],"58":[0,0],"59":[0,0,0,0,0,0,0],"60":[0,0],"61":[1,1],"62":[1,0],"63":[1,1],"64":[1,0],"65":[0,0],"66":[0,0],"67":[0,0],"68":[0,0],"69":[0,0],"70":[0,0],"71":[0,0],"72":[0,0],"73":[0,0],"74":[0,0],"75":[0,0],"76":[0,0],"77":[0,0],"78":[0,0],"79":[0,1],"80":[1,0],"81":[1,0],"82":[1,0]},"meta":{"lastBranch":83,"lastFunction":96,"lastStatement":407,"seen":{"s:53:45:53:Infinity":0,"s:54:49:54:Infinity":1,"s:56:24:56:Infinity":2,"s:58:42:58:Infinity":3,"s:59:29:59:Infinity":4,"s:61:55:61:Infinity":5,"s:62:58:62:Infinity":6,"s:63:56:63:Infinity":7,"s:65:50:65:Infinity":8,"s:66:66:66:Infinity":9,"f:68:4:68:16":0,"s:69:8:69:Infinity":10,"s:70:8:70:Infinity":11,"s:71:8:71:Infinity":12,"f:74:17:74:40":1,"b:75:8:75:Infinity:undefined:undefined:undefined:undefined":0,"s:75:8:75:Infinity":13,"s:75:28:75:Infinity":14,"s:77:24:77:Infinity":15,"b:79:8:84:Infinity:81:15:84:Infinity":1,"s:79:8:84:Infinity":16,"s:80:12:80:Infinity":17,"s:82:12:82:Infinity":18,"s:83:12:83:Infinity":19,"s:86:31:86:Infinity":20,"s:87:29:87:Infinity":21,"s:88:26:88:Infinity":22,"s:89:26:89:Infinity":23,"s:91:8:91:Infinity":24,"s:94:8:98:Infinity":25,"f:94:42:94:49":2,"s:95:12:95:Infinity":26,"s:96:12:96:Infinity":27,"s:97:12:97:Infinity":28,"s:100:8:100:Infinity":29,"s:103:8:115:Infinity":30,"f:106:24:106:25":3,"s:107:16:107:Infinity":31,"s:108:16:108:Infinity":32,"s:109:16:109:Infinity":33,"b:111:16:113:Infinity:111:97:113:Infinity":2,"s:111:16:113:Infinity":34,"s:111:43:111:Infinity":35,"b:111:97:113:Infinity:112:105:113:Infinity":3,"s:111:97:113:Infinity":36,"s:112:49:112:Infinity":37,"b:112:105:113:Infinity:undefined:undefined:undefined:undefined":4,"s:112:105:113:Infinity":38,"s:113:49:113:Infinity":39,"s:117:8:117:Infinity":40,"s:118:8:118:Infinity":41,"s:120:8:120:Infinity":42,"s:123:8:125:Infinity":43,"f:123:41:123:42":4,"s:124:12:124:Infinity":44,"s:127:8:172:Infinity":45,"s:130:12:135:Infinity":46,"s:137:12:137:Infinity":47,"s:141:12:151:Infinity":48,"f:141:74:141:75":5,"s:142:16:150:Infinity":49,"f:142:22:142:34":6,"s:143:20:149:Infinity":50,"s:144:41:144:Infinity":51,"b:145:24:147:Infinity:undefined:undefined:undefined:undefined":5,"s:145:24:147:Infinity":52,"b:145:28:145:69:145:69:145:100:145:100:145:121":6,"s:146:28:146:Infinity":53,"s:148:24:148:Infinity":54,"s:154:12:154:Infinity":55,"s:156:12:156:Infinity":56,"s:158:12:158:Infinity":57,"s:159:12:159:Infinity":58,"s:162:12:162:Infinity":59,"b:164:12:164:Infinity:undefined:undefined:undefined:undefined":7,"s:164:12:164:Infinity":60,"s:164:58:164:Infinity":61,"b:165:12:165:Infinity:undefined:undefined:undefined:undefined":8,"s:165:12:165:Infinity":62,"s:165:61:165:Infinity":63,"b:166:12:166:Infinity:undefined:undefined:undefined:undefined":9,"s:166:12:166:Infinity":64,"s:166:53:166:Infinity":65,"s:168:12:168:Infinity":66,"s:170:12:170:Infinity":67,"s:171:12:171:Infinity":68,"f:175:12:175:38":7,"b:176:8:176:Infinity:undefined:undefined:undefined:undefined":10,"s:176:8:176:Infinity":69,"s:176:26:176:Infinity":70,"s:179:8:188:Infinity":71,"f:179:114:179:121":8,"s:180:32:180:Infinity":72,"b:181:12:181:Infinity:undefined:undefined:undefined:undefined":11,"s:181:12:181:Infinity":73,"b:181:16:181:28:181:28:181:53":12,"s:181:53:181:Infinity":74,"s:182:12:186:Infinity":75,"b:183:16:185:Infinity:undefined:undefined:undefined:undefined":13,"s:183:16:185:Infinity":76,"b:183:20:183:34:183:34:183:64":14,"s:184:20:184:Infinity":77,"s:187:12:187:Infinity":78,"s:190:8:192:Infinity":79,"f:190:50:190:62":9,"s:191:12:191:Infinity":80,"f:191:60:191:65":10,"s:191:65:191:77":81,"s:194:8:201:Infinity":82,"f:194:39:194:40":11,"s:195:29:195:Infinity":83,"s:196:12:200:Infinity":84,"b:197:20:197:49:197:49:197:Infinity":15,"b:198:22:198:63:198:63:198:Infinity":16,"b:199:20:199:49:199:49:199:Infinity":17,"s:203:8:210:Infinity":85,"f:203:40:203:41":12,"s:204:12:209:Infinity":86,"f:205:57:205:63":13,"s:205:63:205:80":87,"f:206:59:206:65":14,"s:206:65:206:82":88,"f:207:65:207:71":15,"s:207:71:207:104":89,"s:212:8:214:Infinity":90,"f:212:41:212:42":16,"s:213:12:213:Infinity":91,"s:216:8:231:Infinity":92,"f:216:67:216:74":17,"s:217:47:217:Infinity":93,"s:218:28:218:Infinity":94,"b:219:12:219:Infinity:undefined:undefined:undefined:undefined":18,"s:219:12:219:Infinity":95,"s:219:57:219:Infinity":96,"s:220:29:220:Infinity":97,"s:221:30:221:Infinity":98,"s:222:29:222:Infinity":99,"b:222:79:222:90:222:90:222:108":19,"b:223:12:223:Infinity:undefined:undefined:undefined:undefined":20,"s:223:12:223:Infinity":100,"s:223:49:223:Infinity":101,"b:224:12:224:Infinity:undefined:undefined:undefined:undefined":21,"s:224:12:224:Infinity":102,"s:224:43:224:Infinity":103,"s:225:12:230:Infinity":104,"s:226:16:226:Infinity":105,"s:227:16:227:Infinity":106,"s:229:16:229:Infinity":107,"s:233:8:239:Infinity":108,"f:233:74:233:75":18,"s:234:28:234:Infinity":109,"b:235:12:235:Infinity:undefined:undefined:undefined:undefined":22,"s:235:12:235:Infinity":110,"s:235:57:235:Infinity":111,"s:236:30:236:Infinity":112,"b:237:12:237:Infinity:undefined:undefined:undefined:undefined":23,"s:237:12:237:Infinity":113,"s:237:43:237:Infinity":114,"s:238:12:238:Infinity":115,"f:238:63:238:68":19,"s:238:68:238:87":116,"s:241:8:247:Infinity":117,"f:241:72:241:73":20,"s:242:28:242:Infinity":118,"b:243:12:243:Infinity:undefined:undefined:undefined:undefined":24,"s:243:12:243:Infinity":119,"s:243:57:243:Infinity":120,"s:244:29:244:Infinity":121,"b:245:12:245:Infinity:undefined:undefined:undefined:undefined":25,"s:245:12:245:Infinity":122,"s:245:42:245:Infinity":123,"s:246:12:246:Infinity":124,"s:249:8:255:Infinity":125,"f:249:65:249:72":21,"s:250:50:250:Infinity":126,"s:251:28:251:Infinity":127,"s:252:12:252:Infinity":128,"f:252:25:252:32":22,"s:252:32:252:51":129,"s:253:12:253:Infinity":130,"s:254:12:254:Infinity":131,"s:257:8:261:Infinity":132,"f:257:67:257:74":23,"s:258:44:258:Infinity":133,"s:259:12:259:Infinity":134,"s:260:12:260:Infinity":135,"s:263:8:266:Infinity":136,"f:263:77:263:84":24,"s:264:12:264:Infinity":137,"s:265:12:265:Infinity":138,"f:269:12:269:43":25,"b:270:8:270:Infinity:undefined:undefined:undefined:undefined":26,"s:270:8:270:Infinity":139,"s:270:32:270:Infinity":140,"s:272:29:367:Infinity":141,"f:272:29:272:41":26,"b:273:12:276:Infinity:undefined:undefined:undefined:undefined":27,"s:273:12:276:Infinity":142,"s:274:16:274:Infinity":143,"f:274:48:274:54":27,"s:274:56:274:77":144,"s:275:16:275:Infinity":145,"s:279:26:279:Infinity":146,"b:279:38:279:78:279:78:279:80":28,"s:280:29:280:Infinity":147,"s:282:30:282:Infinity":148,"s:284:26:284:Infinity":149,"b:286:12:362:Infinity:305:19:362:Infinity":29,"s:286:12:362:Infinity":150,"b:286:16:286:38:286:38:286:58":30,"s:288:29:288:Infinity":151,"s:289:16:304:Infinity":152,"s:290:36:290:Infinity":153,"s:291:36:291:Infinity":154,"s:292:35:292:Infinity":155,"s:293:20:293:Infinity":156,"s:295:32:295:Infinity":157,"b:295:55:295:69:295:69:295:Infinity":31,"b:297:20:303:Infinity:299:20:303:Infinity":32,"s:297:20:303:Infinity":158,"b:297:24:297:67:297:67:297:104":33,"s:298:24:298:Infinity":159,"b:299:20:303:Infinity:301:27:303:Infinity":34,"s:299:20:303:Infinity":160,"b:299:31:299:74:299:74:299:111":35,"s:300:24:300:Infinity":161,"s:302:24:302:Infinity":162,"s:307:101:307:Infinity":163,"s:308:45:308:Infinity":164,"s:310:16:324:Infinity":165,"f:310:30:310:31":28,"b:311:20:323:Infinity:317:27:323:Infinity":36,"s:311:20:323:Infinity":166,"s:313:24:316:Infinity":167,"f:313:46:313:51":29,"s:314:28:314:Infinity":168,"s:315:28:315:Infinity":169,"s:318:24:321:Infinity":170,"s:322:24:322:Infinity":171,"s:326:16:361:Infinity":172,"s:327:36:330:Infinity":173,"s:333:38:333:Infinity":174,"f:333:77:333:83":30,"s:333:83:333:98":175,"s:334:20:337:Infinity":176,"f:334:36:334:37":31,"s:335:41:335:Infinity":177,"s:336:24:336:Infinity":178,"s:339:20:358:Infinity":179,"f:339:34:339:35":32,"s:340:40:340:Infinity":180,"b:341:24:357:Infinity:343:31:357:Infinity":37,"s:341:24:357:Infinity":181,"s:342:28:342:Infinity":182,"s:344:40:344:Infinity":183,"b:346:28:356:Infinity:351:28:356:Infinity":38,"s:346:28:356:Infinity":184,"b:346:32:346:Infinity:347:33:347:76:347:76:347:Infinity:348:32:348:76":39,"b:349:32:350:Infinity:350:37:350:Infinity":40,"s:349:32:350:Infinity":185,"s:349:77:349:Infinity":186,"s:350:37:350:Infinity":187,"b:351:28:356:Infinity:353:35:356:Infinity":41,"s:351:28:356:Infinity":188,"s:352:32:352:Infinity":189,"b:352:53:352:66:352:66:352:122":42,"s:355:32:355:Infinity":190,"s:360:20:360:Infinity":191,"f:360:34:360:42":33,"s:360:42:360:67":192,"s:364:28:364:Infinity":193,"s:365:29:365:Infinity":194,"s:366:12:366:Infinity":195,"f:366:44:366:50":34,"s:366:52:366:73":196,"s:369:8:369:Infinity":197,"f:372:18:372:66":35,"b:373:8:373:Infinity:undefined:undefined:undefined:undefined":43,"s:373:8:373:Infinity":198,"s:373:28:373:Infinity":199,"s:376:8:380:Infinity":200,"f:376:14:376:26":36,"s:377:12:379:Infinity":201,"s:378:16:378:Infinity":202,"s:383:8:387:Infinity":203,"f:383:14:383:26":37,"s:384:12:386:Infinity":204,"s:385:16:385:Infinity":205,"s:389:8:482:Infinity":206,"s:390:12:390:Infinity":207,"s:393:30:393:Infinity":208,"b:394:12:398:Infinity:undefined:undefined:undefined:undefined":44,"s:394:12:398:Infinity":209,"s:395:29:395:Infinity":210,"s:396:16:396:Infinity":211,"s:397:16:397:Infinity":212,"s:400:12:400:Infinity":213,"s:402:12:411:Infinity":214,"f:402:18:402:30":38,"s:403:16:410:Infinity":215,"s:404:34:404:Infinity":216,"s:405:33:405:Infinity":217,"s:406:20:406:Infinity":218,"s:407:20:407:Infinity":219,"b:407:63:407:76:407:76:407:86":45,"s:408:20:408:Infinity":220,"s:409:20:409:Infinity":221,"s:413:12:420:Infinity":222,"f:413:18:413:30":39,"s:414:16:419:Infinity":223,"s:415:37:415:Infinity":224,"s:416:20:416:Infinity":225,"s:417:20:417:Infinity":226,"b:417:63:417:80:417:80:417:90":46,"s:418:20:418:Infinity":227,"s:422:12:427:Infinity":228,"f:422:18:422:30":40,"s:423:16:426:Infinity":229,"s:424:34:424:Infinity":230,"s:425:20:425:Infinity":231,"s:429:12:441:Infinity":232,"f:429:18:429:30":41,"s:430:16:440:Infinity":233,"s:431:34:431:Infinity":234,"s:432:36:432:Infinity":235,"s:433:20:439:Infinity":236,"s:443:12:449:Infinity":237,"f:443:18:443:30":42,"s:444:16:448:Infinity":238,"s:445:34:445:Infinity":239,"s:446:20:446:Infinity":240,"s:447:20:447:Infinity":241,"s:452:12:458:Infinity":242,"f:452:18:452:30":43,"s:453:16:457:Infinity":243,"s:454:20:454:Infinity":244,"s:455:20:455:Infinity":245,"s:456:20:456:Infinity":246,"s:461:12:466:Infinity":247,"f:461:18:461:30":44,"s:462:16:465:Infinity":248,"s:463:20:463:Infinity":249,"s:464:20:464:Infinity":250,"s:468:12:473:Infinity":251,"f:468:18:468:30":45,"s:469:16:472:Infinity":252,"s:470:20:470:Infinity":253,"s:471:20:471:Infinity":254,"s:475:12:481:Infinity":255,"f:475:18:475:30":46,"s:476:16:480:Infinity":256,"s:477:20:477:Infinity":257,"s:478:20:478:Infinity":258,"s:479:20:479:Infinity":259,"f:489:18:489:40":47,"b:490:8:490:Infinity:undefined:undefined:undefined:undefined":47,"s:490:8:490:Infinity":260,"s:490:28:490:Infinity":261,"s:492:28:497:Infinity":262,"f:493:51:493:56":48,"s:493:56:493:75":263,"f:494:52:494:57":49,"s:494:57:494:77":264,"f:495:55:495:60":50,"s:495:60:495:82":265,"f:496:54:496:59":51,"s:496:59:496:68":266,"f:496:74:496:79":52,"s:496:79:496:98":267,"s:499:8:499:Infinity":268,"s:501:8:511:Infinity":269,"s:502:12:510:Infinity":270,"f:502:18:502:30":53,"s:503:32:503:Infinity":271,"b:504:16:509:Infinity:undefined:undefined:undefined:undefined":48,"s:504:16:509:Infinity":272,"s:505:20:508:Infinity":273,"s:507:24:507:Infinity":274,"f:514:12:514:41":54,"b:515:8:515:Infinity:undefined:undefined:undefined:undefined":49,"s:515:8:515:Infinity":275,"s:515:28:515:Infinity":276,"s:517:24:524:Infinity":277,"f:517:65:517:66":55,"s:518:12:523:Infinity":278,"b:521:22:521:66:521:66:521:Infinity":50,"s:527:8:536:Infinity":279,"f:532:55:532:60":56,"s:532:60:532:79":280,"f:533:56:533:61":57,"s:533:61:533:81":281,"f:534:59:534:64":58,"s:534:64:534:86":282,"s:538:8:538:Infinity":283,"f:541:12:541:34":59,"b:542:8:542:Infinity:undefined:undefined:undefined:undefined":51,"s:542:8:542:Infinity":284,"s:542:19:542:Infinity":285,"b:544:8:567:Infinity:557:8:567:Infinity":52,"s:544:8:567:Infinity":286,"s:545:31:545:Infinity":287,"s:546:28:546:Infinity":288,"b:548:12:556:Infinity:undefined:undefined:undefined:undefined":53,"s:548:12:556:Infinity":289,"b:548:16:548:27:548:27:548:44":54,"s:549:32:549:Infinity":290,"b:550:16:554:Infinity:552:16:554:Infinity":55,"s:550:16:554:Infinity":291,"s:551:20:551:Infinity":292,"f:551:41:551:48":60,"s:551:48:551:96":293,"b:552:16:554:Infinity:undefined:undefined:undefined:undefined":56,"s:552:16:554:Infinity":294,"s:553:20:553:Infinity":295,"s:555:16:555:Infinity":296,"b:557:8:567:Infinity:560:8:567:Infinity":57,"s:557:8:567:Infinity":297,"s:558:31:558:Infinity":298,"s:559:12:559:Infinity":299,"b:560:8:567:Infinity:undefined:undefined:undefined:undefined":58,"s:560:8:567:Infinity":300,"b:560:19:560:50:560:50:560:78:560:78:560:Infinity:561:19:561:50:561:50:561:83:561:83:561:Infinity:562:19:562:46":59,"s:563:12:563:Infinity":301,"b:564:12:566:Infinity:undefined:undefined:undefined:undefined":60,"s:564:12:566:Infinity":302,"s:565:16:565:Infinity":303,"f:570:11:570:21":61,"s:571:8:571:Infinity":304,"f:574:11:574:29":62,"s:576:8:576:Infinity":305,"s:578:8:578:Infinity":306,"f:581:11:581:31":63,"s:582:21:582:Infinity":307,"s:583:8:583:Infinity":308,"f:586:11:586:32":64,"s:587:21:587:Infinity":309,"s:588:8:588:Infinity":310,"f:591:11:591:33":65,"s:592:8:592:Infinity":311,"f:595:11:595:36":66,"s:596:8:596:Infinity":312,"f:599:11:599:33":67,"s:600:49:600:Infinity":313,"b:601:8:603:Infinity:601:48:603:Infinity":61,"s:601:8:603:Infinity":314,"s:601:34:601:Infinity":315,"b:601:48:603:Infinity:603:13:603:Infinity":62,"s:601:48:603:Infinity":316,"s:602:39:602:Infinity":317,"s:603:13:603:Infinity":318,"s:605:24:605:Infinity":319,"b:605:47:605:62:605:62:605:Infinity":63,"b:605:85:605:99:605:99:605:Infinity":64,"s:606:8:606:Infinity":320,"f:609:11:609:35":68,"s:610:8:610:Infinity":321,"f:613:11:613:37":69,"s:614:8:614:Infinity":322,"f:617:11:617:34":70,"s:618:8:618:Infinity":323,"f:621:11:621:31":71,"s:622:8:622:Infinity":324,"f:625:11:625:31":72,"s:626:8:626:Infinity":325,"f:631:17:631:52":73,"b:632:8:632:Infinity:undefined:undefined:undefined:undefined":65,"s:632:8:632:Infinity":326,"s:632:38:632:Infinity":327,"s:633:24:633:Infinity":328,"b:634:8:634:Infinity:undefined:undefined:undefined:undefined":66,"s:634:8:634:Infinity":329,"s:634:53:634:Infinity":330,"s:635:27:635:Infinity":331,"s:636:20:636:Infinity":332,"s:637:21:643:Infinity":333,"b:640:56:640:62:640:62:640:Infinity":67,"b:641:54:641:60:641:60:641:Infinity":68,"b:642:54:642:60:642:60:642:Infinity":69,"s:644:8:644:Infinity":334,"b:644:41:644:76:644:76:644:87":70,"s:645:8:645:Infinity":335,"f:648:17:648:55":74,"b:649:8:649:Infinity:undefined:undefined:undefined:undefined":71,"s:649:8:649:Infinity":336,"s:649:41:649:Infinity":337,"s:650:24:650:Infinity":338,"b:651:8:651:Infinity:undefined:undefined:undefined:undefined":72,"s:651:8:651:Infinity":339,"s:651:53:651:Infinity":340,"s:652:27:652:Infinity":341,"s:653:20:653:Infinity":342,"s:654:21:654:Infinity":343,"b:654:94:654:100:654:100:654:103":73,"s:655:8:655:Infinity":344,"b:655:44:655:79:655:79:655:90":74,"s:656:8:656:Infinity":345,"f:659:17:659:53":75,"b:660:8:660:Infinity:undefined:undefined:undefined:undefined":75,"s:660:8:660:Infinity":346,"s:660:39:660:Infinity":347,"s:661:24:661:Infinity":348,"b:662:8:662:Infinity:undefined:undefined:undefined:undefined":76,"s:662:8:662:Infinity":349,"s:662:53:662:Infinity":350,"s:663:27:663:Infinity":351,"s:664:22:664:Infinity":352,"b:665:8:665:Infinity:undefined:undefined:undefined:undefined":77,"s:665:8:665:Infinity":353,"s:665:39:665:Infinity":354,"s:666:20:666:Infinity":355,"s:667:8:667:Infinity":356,"b:667:42:667:77:667:77:667:88":78,"s:668:8:668:Infinity":357,"s:671:8:678:Infinity":358,"f:671:46:671:52":76,"s:672:12:677:Infinity":359,"f:672:23:672:29":77,"s:673:16:676:Infinity":360,"f:675:68:675:73":78,"s:675:73:675:82":361,"f:681:12:681:32":79,"s:682:8:682:Infinity":362,"f:682:35:682:36":80,"s:682:45:682:78":363,"s:683:8:683:Infinity":364,"f:683:35:683:36":81,"s:683:45:683:84":365,"s:684:8:684:Infinity":366,"f:684:28:684:29":82,"s:684:38:684:96":367,"s:685:8:685:Infinity":368,"f:685:28:685:29":83,"s:685:37:685:85":369,"f:688:11:688:36":84,"s:688:38:688:72":370,"s:688:72:688:105":371,"f:689:11:689:39":85,"s:689:41:689:78":372,"s:689:78:689:114":373,"f:690:11:690:37":86,"s:690:39:690:74":374,"s:690:74:690:108":375,"f:692:17:692:54":87,"s:692:56:692:81":376,"s:692:81:692:125":377,"f:692:99:692:104":88,"s:692:104:692:122":378,"s:692:125:692:157":379,"f:693:17:693:57":89,"s:693:59:693:87":380,"s:693:87:693:131":381,"f:693:105:693:110":90,"s:693:110:693:128":382,"s:693:131:693:166":383,"f:694:17:694:55":91,"s:694:57:694:83":384,"s:694:83:694:127":385,"f:694:101:694:106":92,"s:694:106:694:124":386,"s:694:127:694:160":387,"f:696:17:696:39":93,"s:697:8:697:Infinity":388,"s:698:8:698:Infinity":389,"s:699:8:699:Infinity":390,"b:701:8:704:Infinity:undefined:undefined:undefined:undefined":79,"s:701:8:704:Infinity":391,"s:702:12:702:Infinity":392,"s:703:12:703:Infinity":393,"b:706:8:709:Infinity:undefined:undefined:undefined:undefined":80,"s:706:8:709:Infinity":394,"s:707:12:707:Infinity":395,"s:708:12:708:Infinity":396,"b:711:8:716:Infinity:undefined:undefined:undefined:undefined":81,"s:711:8:716:Infinity":397,"b:712:12:712:Infinity:undefined:undefined:undefined:undefined":82,"s:712:12:712:Infinity":398,"s:712:32:712:Infinity":399,"s:713:12:713:Infinity":400,"s:714:12:714:Infinity":401,"s:715:12:715:Infinity":402,"f:719:17:719:25":94,"s:720:8:720:Infinity":403,"s:721:8:721:Infinity":404,"s:722:8:722:Infinity":405,"f:725:11:725:28":95,"s:725:30:725:70":406}}}
}
